commit 9fa046f13b74d24ec49c0eb5a626769f3ca126e8
Author: Daniel Maly <daniel.maly@gmail.com>
Date:   Thu Feb 10 17:50:09 2022 -0500

    Update README.md

0	2	README.md

commit cb89dbae01a54055660e4b88e90c352b57fa9c55
Author: Daniel Maly <daniel.maly@gmail.com>
Date:   Thu Feb 10 17:49:39 2022 -0500

    Update README.md

1	1	README.md

commit 28c4bc0a23e84b84910376a3b1b6942608141928
Author: Daniel Maly <daniel.maly@gmail.com>
Date:   Thu Feb 10 17:47:48 2022 -0500

    Fluence client

26	0	client/tsconfig.json

commit a1ec159c713132648083fa34005ad61930f52cd4
Author: Daniel Maly <daniel.maly@gmail.com>
Date:   Thu Feb 10 17:46:32 2022 -0500

    Update README.md

2	0	README.md

commit bf01b2a67e59fdaff4ef348e902f310b986fa9b9
Author: Daniel Maly <daniel.maly@gmail.com>
Date:   Thu Feb 10 17:46:08 2022 -0500

    Update README.md

1	0	README.md

commit e3b155c53bbddf8e02188306a66732785fbdbfcb
Author: Daniel Maly <daniel.maly@gmail.com>
Date:   Thu Feb 10 17:45:31 2022 -0500

    Update README.md

5	0	README.md

commit 476618f54ce70605d6c4eeb8ee44f9321c68524b
Author: Daniel Maly <daniel.maly@gmail.com>
Date:   Thu Feb 10 17:42:23 2022 -0500

    Fluence client

50	0	client/aqua/getting-started.aqua
54	0	client/package.json
-	-	client/public/avm.wasm
-	-	client/public/favicon.ico
39	0	client/public/index.html
-	-	client/public/logo192.png
-	-	client/public/logo512.png
25	0	client/public/manifest.json
3	0	client/public/robots.txt
1	0	client/public/runnerScript.web.js
160	0	client/src/App.scss
160	0	client/src/App.tsx
380	0	client/src/_aqua/getting-started.ts
13	0	client/src/index.css
12	0	client/src/index.tsx
17	0	client/src/logo.svg
1	0	client/src/react-app-env.d.ts

commit 4b1f396c0e66d02dc354084becbf8edba6087bf5
Author: Daniel Maly <daniel.maly@gmail.com>
Date:   Thu Feb 10 17:40:15 2022 -0500

    Create ignore

1	0	client/ignore

commit d7988363a381b1874543b043dc7896b0df6245f8
Author: Daniel Maly <daniel.maly@gmail.com>
Date:   Thu Feb 10 15:55:33 2022 -0500

    Update README.md

1	1	README.md

commit 48cefa5fa073046593a31c65d97bde031e49c5ff
Author: Daniel Maly <daniel.maly@gmail.com>
Date:   Thu Feb 10 15:54:51 2022 -0500

    Update README.md

1	1	README.md

commit 8a9e78ca599a3364f3bddcef0c85f40edb16cef5
Author: Daniel Maly <daniel.maly@gmail.com>
Date:   Thu Feb 10 15:49:34 2022 -0500

    Delete assets directory

0	1	assets/.ignore
-	-	assets/Local Fluence Peer ID.png

commit 784034271b0ea0942a4fd237b8d487c6733b881d
Author: Daniel Maly <daniel.maly@gmail.com>
Date:   Thu Feb 10 15:48:56 2022 -0500

    Update README.md

5	0	README.md

commit 469e91c72349a8e49a8f9155d81170f48ec5e528
Author: Daniel Maly <daniel.maly@gmail.com>
Date:   Thu Feb 10 15:45:27 2022 -0500

    Update README.md

1	0	README.md

commit 0197035bcc523b17d852358f6a4760aebcaec77d
Author: Daniel Maly <daniel.maly@gmail.com>
Date:   Thu Feb 10 15:38:38 2022 -0500

    Update README.md

1	1	README.md

commit 51f7fa71c9cda23eca818affb35f626d3147be71
Author: Daniel Maly <daniel.maly@gmail.com>
Date:   Thu Feb 10 15:35:47 2022 -0500

    Update README.md

14	1	README.md

commit f7b8ad7efb87503b942b7d3b95b77f584ea41732
Author: Daniel Maly <daniel.maly@gmail.com>
Date:   Thu Feb 10 15:28:04 2022 -0500

    Update README.md

3	8	README.md

commit aa8ace73d36fb5ce2a81f793cbdc485d36b21086
Author: Daniel Maly <daniel.maly@gmail.com>
Date:   Thu Feb 10 15:25:18 2022 -0500

    Delete fetch-nfts.ts

0	681	fetch-nfts.ts

commit 128efa4ca3c9c3dc901b2a68c6c1c631fe35aa63
Author: Daniel Maly <daniel.maly@gmail.com>
Date:   Thu Feb 10 15:25:07 2022 -0500

    Delete fetch-nfts.aqua

0	90	fetch-nfts.aqua

commit ed747e249e34035013fb2b4c78a51e961c0ea3c5
Author: Daniel Maly <daniel.maly@gmail.com>
Date:   Thu Feb 10 15:24:53 2022 -0500

    Delete Fluence Node.md

0	24	Fluence Node.md

commit d3841993423ac43acf9de491f3f28e883338f45f
Author: Daniel Maly <daniel.maly@gmail.com>
Date:   Thu Feb 10 15:23:31 2022 -0500

    Add files via upload

265	0	service/Cargo.lock
13	0	service/Cargo.toml
24	0	service/artifacts/deploy.json
-	-	service/artifacts/marketplace-service.wasm
8	0	service/configs/Config.toml
133	0	service/deployed.txt
12	0	service/marketplace.aqua
15	0	service/scripts/build.sh
3	0	service/scripts/deploy.sh
65	0	service/src/main.rs

commit 32ba7794b4c0289ec9ae416025e1a8f1cd935d78
Author: Daniel Maly <daniel.maly@gmail.com>
Date:   Thu Feb 10 15:22:05 2022 -0500

    Create ignore

1	0	service/ignore

commit 1be7f49e21f3f4745ce59ff8cf54c8fac19eb87d
Merge: 50aa2ec 027d59c
Author: Daniel Maly <daniel.maly@gmail.com>
Date:   Thu Feb 10 15:18:20 2022 -0500

    Merge pull request #2 from shynemari/mobile-app-updates
    
    Update UI and connect wallet to P2P network

commit 027d59cd7ae4db053468f531fa8f89fab2ac23cd
Author: Shyn Tanghal <smktanghal@gmail.com>
Date:   Fri Feb 11 04:10:44 2022 +0800

    Update UI and connect wallet to P2P network

10	2	mobile_app/README.md
-	-	mobile_app/assets/collections/axie-237181.png
-	-	mobile_app/assets/collections/axie-237196.png
-	-	mobile_app/assets/collections/poap-1.png
-	-	mobile_app/assets/collections/poap-2.png
-	-	mobile_app/assets/collections/poap-3.png
-	-	mobile_app/assets/common/eth-ico.png
-	-	mobile_app/assets/common/matic-ico.png
-	-	mobile_app/assets/common/nft-placeholder.png
-	-	mobile_app/assets/common/open-sea.png
-	-	mobile_app/assets/common/opensea-logo.png
-	-	mobile_app/assets/common/profile-photo.png
-	-	mobile_app/assets/common/rarible-logo.png
-	-	mobile_app/assets/common/rarible.png
-	-	mobile_app/assets/common/usdc-ico.png
-	-	mobile_app/assets/common/warning-ico.png
23	0	mobile_app/assets/data/coins.json
1	0	mobile_app/assets/data/rarible-test.json
-	-	mobile_app/assets/logo-v2.png
-	-	mobile_app/assets/logo.png
-	-	mobile_app/assets/watermark.png
1	0	mobile_app/ios/Flutter/Debug.xcconfig
1	0	mobile_app/ios/Flutter/Release.xcconfig
41	0	mobile_app/ios/Podfile
50	0	mobile_app/ios/Runner.xcodeproj/project.pbxproj
3	0	mobile_app/ios/Runner.xcworkspace/contents.xcworkspacedata
1	1	mobile_app/lib/core/models/os_asset_model.g.dart
16	4	mobile_app/lib/core/models/os_collections.dart
1	1	mobile_app/lib/core/models/os_collections.g.dart
31	0	mobile_app/lib/core/models/rr_collections.dart
22	0	mobile_app/lib/core/models/rr_collections.g.dart
14	0	mobile_app/lib/core/models/rr_collections_list.dart
9	10	mobile_app/lib/core/services/opensea_svc.dart
27	0	mobile_app/lib/core/services/rarible_svc.dart
17	7	mobile_app/lib/main.dart
76	0	mobile_app/lib/ui/pages/accounts/accounts_screen.dart
460	0	mobile_app/lib/ui/pages/accounts/copyseed_screen.dart
155	0	mobile_app/lib/ui/pages/accounts/pwdsecurity_screen.dart
111	0	mobile_app/lib/ui/pages/addnewitem_screen.dart
64	0	mobile_app/lib/ui/pages/addtrade_screen.dart
282	0	mobile_app/lib/ui/pages/coins_screen.dart
476	0	mobile_app/lib/ui/pages/collections/collectiondetails_screen.dart
290	0	mobile_app/lib/ui/pages/collections/collectionsumm_screen.dart
5	3	mobile_app/lib/ui/pages/connectwallet_screen.dart
223	73	mobile_app/lib/ui/pages/home_screen.dart
407	54	mobile_app/lib/ui/pages/loadcollection_screen.dart
968	0	mobile_app/lib/ui/pages/marketplace/assetdetails_screen.dart
2	1	mobile_app/lib/ui/pages/{ => onboarding/create_wallet}/createwalletconfirm_screen.dart
0	0	mobile_app/lib/ui/pages/{ => onboarding/create_wallet}/createwalletns_screen.dart
0	0	mobile_app/lib/ui/pages/{ => onboarding/create_wallet}/createwalletsp_screen.dart
0	0	mobile_app/lib/ui/pages/{ => onboarding/import_wallet}/importwalletns_screen.dart
2	1	mobile_app/lib/ui/pages/{ => onboarding/import_wallet}/importwalletsp_screen.dart
141	0	mobile_app/lib/ui/pages/sell/listitems_screen.dart
165	0	mobile_app/lib/ui/pages/send/sendnft_screen.dart
210	0	mobile_app/lib/ui/pages/send/transfernft_screen.dart
28	34	mobile_app/lib/ui/shared/widgets/accordion.dart
47	0	mobile_app/lib/ui/shared/widgets/add_listtile.dart
18	0	mobile_app/lib/ui/shared/widgets/animated_route.dart
63	0	mobile_app/lib/ui/shared/widgets/blue_appbar.dart
26	5	mobile_app/lib/ui/shared/widgets/button_outlined.dart
30	5	mobile_app/lib/ui/shared/widgets/button_solid.dart
95	21	mobile_app/lib/ui/shared/widgets/collection_card.dart
58	51	mobile_app/lib/ui/shared/widgets/home_appbar.dart
44	0	mobile_app/lib/ui/shared/widgets/item_card.dart
79	0	mobile_app/lib/ui/shared/widgets/marketplace_appbar.dart
32	0	mobile_app/lib/ui/shared/widgets/white_appbar.dart
5	0	mobile_app/lib/utils/constants.dart
4	1	mobile_app/pubspec.yaml

commit 50aa2ec193124f22ca7bd3e563c2bc9975bb3df4
Author: Daniel Maly <daniel.maly@gmail.com>
Date:   Wed Feb 9 17:09:30 2022 -0500

    Update fetch-nfts.ts

5	5	fetch-nfts.ts

commit f5b836347bad67dbf236544e1e647cf11b2b1214
Author: Daniel Maly <daniel.maly@gmail.com>
Date:   Wed Feb 9 17:06:23 2022 -0500

    Update fetch-nfts.aqua

1	5	fetch-nfts.aqua

commit 928b90dddd3d66da0bfb2f9458415f172571c046
Author: Daniel Maly <daniel.maly@gmail.com>
Date:   Wed Feb 9 17:05:50 2022 -0500

    Update README.md

16	10	README.md

commit c79edbd8da5e84177352cb61a5281d29c7a6f938
Author: Daniel Maly <daniel.maly@gmail.com>
Date:   Wed Feb 9 16:46:21 2022 -0500

    Update fetch-nfts.aqua

14	12	fetch-nfts.aqua

commit e76b2c887979d01e7753f18d042cd70921471fa0
Author: Daniel Maly <daniel.maly@gmail.com>
Date:   Wed Feb 9 16:37:39 2022 -0500

    Update fetch-nfts.ts

46	46	fetch-nfts.ts

commit 3fdcba84e32ab11b863f472855cb8a01f2bc110f
Author: Daniel Maly <daniel.maly@gmail.com>
Date:   Wed Feb 9 16:37:01 2022 -0500

    Update fetch-nfts.aqua

8	6	fetch-nfts.aqua

commit 3205390be8e9e21bebe25a853df5edb0c4a28826
Author: Daniel Maly <daniel.maly@gmail.com>
Date:   Wed Feb 9 16:29:04 2022 -0500

    Update fetch-nfts.aqua

3	1	fetch-nfts.aqua

commit 1e230714acd9906500809dcb6a7309ec8d9f00e1
Author: Daniel Maly <daniel.maly@gmail.com>
Date:   Wed Feb 9 16:01:12 2022 -0500

    Update fetch-nfts.ts

543	26	fetch-nfts.ts

commit 0263cc758cdbf1bb7ab62fc46b3a9048b060dff6
Author: Daniel Maly <daniel.maly@gmail.com>
Date:   Wed Feb 9 15:59:28 2022 -0500

    Update fetch-nfts.aqua

76	13	fetch-nfts.aqua

commit 1b3357c2a8880cb888bae8a7082d9d10e170c571
Author: Daniel Maly <daniel.maly@gmail.com>
Date:   Fri Feb 4 11:27:53 2022 -0500

    Update Fluence Node.md

1	0	Fluence Node.md

commit 1d1cb916c44e259711c691cffbb4e1a750ff22c0
Author: Daniel Maly <daniel.maly@gmail.com>
Date:   Fri Feb 4 10:47:10 2022 -0500

    Update Fluence Node.md

22	2	Fluence Node.md

commit d99b748760f446e558754393b72e7d307456e510
Author: Daniel Maly <daniel.maly@gmail.com>
Date:   Fri Feb 4 10:14:30 2022 -0500

    Add files via upload

-	-	assets/Local Fluence Peer ID.png

commit 1db57c6c1fcd848c89f784d9c09576ab362992c7
Author: Daniel Maly <daniel.maly@gmail.com>
Date:   Fri Feb 4 10:13:00 2022 -0500

    Create .ignore

1	0	assets/.ignore

commit bc9418af184459b92edaf9ccd19fa73a617016b6
Author: Daniel Maly <daniel.maly@gmail.com>
Date:   Fri Feb 4 10:08:15 2022 -0500

    Create Fluence Node.md

3	0	Fluence Node.md

commit 1b008da8a539e0d3e38d3125067edcdfcfaf4311
Merge: 2597222 02ba112
Author: Daniel Maly <daniel.maly@gmail.com>
Date:   Wed Feb 2 22:01:42 2022 -0500

    Merge pull request #1 from shynemari/Mobile-app-initial-commit
    
    Initial commit for mobile app

commit 02ba112899b0201709fc25dcd98d8ae62a0b11e2
Author: Shyn Tanghal <smktanghal@gmail.com>
Date:   Thu Feb 3 01:40:58 2022 +0800

    Initial commit for mobile app

119	0	mobile_app/.gitignore
10	0	mobile_app/.metadata
6	0	mobile_app/README.md
29	0	mobile_app/analysis_options.yaml
13	0	mobile_app/android/.gitignore
68	0	mobile_app/android/app/build.gradle
7	0	mobile_app/android/app/src/debug/AndroidManifest.xml
34	0	mobile_app/android/app/src/main/AndroidManifest.xml
6	0	mobile_app/android/app/src/main/kotlin/com/example/poliwallet/MainActivity.kt
12	0	mobile_app/android/app/src/main/res/drawable-v21/launch_background.xml
12	0	mobile_app/android/app/src/main/res/drawable/launch_background.xml
-	-	mobile_app/android/app/src/main/res/mipmap-hdpi/ic_launcher.png
-	-	mobile_app/android/app/src/main/res/mipmap-mdpi/ic_launcher.png
-	-	mobile_app/android/app/src/main/res/mipmap-xhdpi/ic_launcher.png
-	-	mobile_app/android/app/src/main/res/mipmap-xxhdpi/ic_launcher.png
-	-	mobile_app/android/app/src/main/res/mipmap-xxxhdpi/ic_launcher.png
18	0	mobile_app/android/app/src/main/res/values-night/styles.xml
18	0	mobile_app/android/app/src/main/res/values/styles.xml
7	0	mobile_app/android/app/src/profile/AndroidManifest.xml
31	0	mobile_app/android/build.gradle
3	0	mobile_app/android/gradle.properties
6	0	mobile_app/android/gradle/wrapper/gradle-wrapper.properties
11	0	mobile_app/android/settings.gradle
-	-	mobile_app/assets/badges/gamex-ico.png
-	-	mobile_app/assets/badges/poap-1.png
-	-	mobile_app/assets/badges/poap-2.png
-	-	mobile_app/assets/badges/poap-3.png
-	-	mobile_app/assets/banner-bg.png
-	-	mobile_app/assets/collections/assets-1.png
-	-	mobile_app/assets/collections/assets-2.png
-	-	mobile_app/assets/collections/collections-1.png
-	-	mobile_app/assets/collections/collections-2.png
-	-	mobile_app/assets/collections/collections-3.png
-	-	mobile_app/assets/collections/collections-4.png
-	-	mobile_app/assets/collections/collections-5.png
-	-	mobile_app/assets/collections/collections-6.png
-	-	mobile_app/assets/collections/poap-1.png
-	-	mobile_app/assets/collections/poap-2.png
-	-	mobile_app/assets/collections/poap-3.png
-	-	mobile_app/assets/collections/profile-photo.png
-	-	mobile_app/assets/common/logo.png
-	-	mobile_app/assets/logo.png
34	0	mobile_app/ios/.gitignore
26	0	mobile_app/ios/Flutter/AppFrameworkInfo.plist
1	0	mobile_app/ios/Flutter/Debug.xcconfig
1	0	mobile_app/ios/Flutter/Release.xcconfig
481	0	mobile_app/ios/Runner.xcodeproj/project.pbxproj
7	0	mobile_app/ios/Runner.xcodeproj/project.xcworkspace/contents.xcworkspacedata
8	0	mobile_app/ios/Runner.xcodeproj/project.xcworkspace/xcshareddata/IDEWorkspaceChecks.plist
8	0	mobile_app/ios/Runner.xcodeproj/project.xcworkspace/xcshareddata/WorkspaceSettings.xcsettings
87	0	mobile_app/ios/Runner.xcodeproj/xcshareddata/xcschemes/Runner.xcscheme
7	0	mobile_app/ios/Runner.xcworkspace/contents.xcworkspacedata
13	0	mobile_app/ios/Runner/AppDelegate.swift
-	-	mobile_app/ios/Runner/Assets.xcassets/AppIcon.appiconset/100.png
-	-	mobile_app/ios/Runner/Assets.xcassets/AppIcon.appiconset/1024.png
-	-	mobile_app/ios/Runner/Assets.xcassets/AppIcon.appiconset/114.png
-	-	mobile_app/ios/Runner/Assets.xcassets/AppIcon.appiconset/120.png
-	-	mobile_app/ios/Runner/Assets.xcassets/AppIcon.appiconset/128.png
-	-	mobile_app/ios/Runner/Assets.xcassets/AppIcon.appiconset/144.png
-	-	mobile_app/ios/Runner/Assets.xcassets/AppIcon.appiconset/152.png
-	-	mobile_app/ios/Runner/Assets.xcassets/AppIcon.appiconset/16.png
-	-	mobile_app/ios/Runner/Assets.xcassets/AppIcon.appiconset/167.png
-	-	mobile_app/ios/Runner/Assets.xcassets/AppIcon.appiconset/172.png
-	-	mobile_app/ios/Runner/Assets.xcassets/AppIcon.appiconset/180.png
-	-	mobile_app/ios/Runner/Assets.xcassets/AppIcon.appiconset/196.png
-	-	mobile_app/ios/Runner/Assets.xcassets/AppIcon.appiconset/20.png
-	-	mobile_app/ios/Runner/Assets.xcassets/AppIcon.appiconset/216.png
-	-	mobile_app/ios/Runner/Assets.xcassets/AppIcon.appiconset/256.png
-	-	mobile_app/ios/Runner/Assets.xcassets/AppIcon.appiconset/29.png
-	-	mobile_app/ios/Runner/Assets.xcassets/AppIcon.appiconset/32.png
-	-	mobile_app/ios/Runner/Assets.xcassets/AppIcon.appiconset/40.png
-	-	mobile_app/ios/Runner/Assets.xcassets/AppIcon.appiconset/48.png
-	-	mobile_app/ios/Runner/Assets.xcassets/AppIcon.appiconset/50.png
-	-	mobile_app/ios/Runner/Assets.xcassets/AppIcon.appiconset/512.png
-	-	mobile_app/ios/Runner/Assets.xcassets/AppIcon.appiconset/55.png
-	-	mobile_app/ios/Runner/Assets.xcassets/AppIcon.appiconset/57.png
-	-	mobile_app/ios/Runner/Assets.xcassets/AppIcon.appiconset/58.png
-	-	mobile_app/ios/Runner/Assets.xcassets/AppIcon.appiconset/60.png
-	-	mobile_app/ios/Runner/Assets.xcassets/AppIcon.appiconset/64.png
-	-	mobile_app/ios/Runner/Assets.xcassets/AppIcon.appiconset/72.png
-	-	mobile_app/ios/Runner/Assets.xcassets/AppIcon.appiconset/76.png
-	-	mobile_app/ios/Runner/Assets.xcassets/AppIcon.appiconset/80.png
-	-	mobile_app/ios/Runner/Assets.xcassets/AppIcon.appiconset/87.png
-	-	mobile_app/ios/Runner/Assets.xcassets/AppIcon.appiconset/88.png
1	0	mobile_app/ios/Runner/Assets.xcassets/AppIcon.appiconset/Contents.json
23	0	mobile_app/ios/Runner/Assets.xcassets/LaunchImage.imageset/Contents.json
-	-	mobile_app/ios/Runner/Assets.xcassets/LaunchImage.imageset/LaunchImage.png
-	-	mobile_app/ios/Runner/Assets.xcassets/LaunchImage.imageset/LaunchImage@2x.png
-	-	mobile_app/ios/Runner/Assets.xcassets/LaunchImage.imageset/LaunchImage@3x.png
5	0	mobile_app/ios/Runner/Assets.xcassets/LaunchImage.imageset/README.md
37	0	mobile_app/ios/Runner/Base.lproj/LaunchScreen.storyboard
26	0	mobile_app/ios/Runner/Base.lproj/Main.storyboard
47	0	mobile_app/ios/Runner/Info.plist
1	0	mobile_app/ios/Runner/Runner-Bridging-Header.h
59	0	mobile_app/lib/core/models/os_asset_contract_model.dart
61	0	mobile_app/lib/core/models/os_asset_contract_model.g.dart
12	0	mobile_app/lib/core/models/os_asset_list_model.dart
77	0	mobile_app/lib/core/models/os_asset_model.dart
62	0	mobile_app/lib/core/models/os_asset_model.g.dart
31	0	mobile_app/lib/core/models/os_collections.dart
30	0	mobile_app/lib/core/models/os_collections.g.dart
14	0	mobile_app/lib/core/models/os_collections_list.dart
20	0	mobile_app/lib/core/services/networking.dart
99	0	mobile_app/lib/core/services/opensea_svc.dart
54	0	mobile_app/lib/main.dart
75	0	mobile_app/lib/ui/pages/connectwallet_screen.dart
187	0	mobile_app/lib/ui/pages/createwalletconfirm_screen.dart
136	0	mobile_app/lib/ui/pages/createwalletns_screen.dart
434	0	mobile_app/lib/ui/pages/createwalletsp_screen.dart
282	0	mobile_app/lib/ui/pages/home_screen.dart
134	0	mobile_app/lib/ui/pages/importwalletns_screen.dart
124	0	mobile_app/lib/ui/pages/importwalletsp_screen.dart
142	0	mobile_app/lib/ui/pages/loadcollection_screen.dart
57	0	mobile_app/lib/ui/shared/widgets/accordion.dart
40	0	mobile_app/lib/ui/shared/widgets/button_outlined.dart
36	0	mobile_app/lib/ui/shared/widgets/button_solid.dart
68	0	mobile_app/lib/ui/shared/widgets/collection_card.dart
206	0	mobile_app/lib/ui/shared/widgets/home_appbar.dart
24	0	mobile_app/lib/ui/shared/widgets/poap_badge.dart
59	0	mobile_app/lib/ui/shared/widgets/utitlity_card.dart
67	0	mobile_app/lib/utils/constants.dart
31	0	mobile_app/pubspec.yaml
30	0	mobile_app/test/widget_test.dart
-	-	mobile_app/web/favicon.png
-	-	mobile_app/web/icons/Icon-192.png
-	-	mobile_app/web/icons/Icon-512.png
-	-	mobile_app/web/icons/Icon-maskable-192.png
-	-	mobile_app/web/icons/Icon-maskable-512.png
104	0	mobile_app/web/index.html
35	0	mobile_app/web/manifest.json

commit 259722288b56777b946d81a739f7dcf54972c253
Author: Daniel Maly <daniel.maly@gmail.com>
Date:   Thu Jan 27 15:58:07 2022 -0500

    Typescript client starter

164	0	fetch-nfts.ts

commit a106c7c5f50739891fec2eed99fdb1c4a27733d6
Author: Daniel Maly <daniel.maly@gmail.com>
Date:   Thu Jan 27 15:57:18 2022 -0500

    Aqua script starter for client implementation

25	0	fetch-nfts.aqua

commit 16c0e8442bd9cda95e7525a4c43c610b4e34b9b2
Author: Daniel Maly <daniel.maly@gmail.com>
Date:   Thu Jan 27 12:36:57 2022 -0500

    Update README.md

15	7	README.md

commit 241ae2e2ed1a4bee826653db6da582c4f21c36d2
Author: Daniel Maly <daniel.maly@gmail.com>
Date:   Thu Jan 27 12:28:02 2022 -0500

    Update README.md

22	0	README.md

commit 1631c90aea11b0d10ab54c6b1bb7e8552eb21995
Author: Daniel Maly <daniel.maly@gmail.com>
Date:   Wed Jan 19 15:25:03 2022 -0500

    Update README.md

2	2	README.md

commit deae9477f6c2d83bd265a3dd09264a36dce4fef0
Author: Daniel Maly <daniel.maly@gmail.com>
Date:   Wed Jan 19 15:20:18 2022 -0500

    Initial commit

21	0	LICENSE
2	0	README.md
