Reading file: /home/matt/Projects/Web3HackerNetwork/data/github/2022-04-07-marine-search/projects/Hazarre/SharedDoc/commit-stat.log
Reading file: /home/matt/Projects/Web3HackerNetwork/data/github/2022-04-07-marine-search/projects/sekmet/flullet/commit-stat.log
Reading file: /home/matt/Projects/Web3HackerNetwork/data/github/2022-04-07-marine-search/projects/gjsyme/fluence-quickstart-bounty/commit-stat.log
Reading file: /home/matt/Projects/Web3HackerNetwork/data/github/2022-04-07-marine-search/projects/Brianspha/aquanftwallet/commit-stat.log
Reading file: /home/matt/Projects/Web3HackerNetwork/data/github/2022-04-07-marine-search/projects/SurroundingArt64/Fluence-NFT-Wallet/commit-stat.log
Reading file: /home/matt/Projects/Web3HackerNetwork/data/github/2022-04-07-marine-search/projects/enigmatt/new2web3/commit-stat.log
Reading file: /home/matt/Projects/Web3HackerNetwork/data/github/2022-04-07-marine-search/projects/danielssonn/lastfluence/commit-stat.log
Reading file: /home/matt/Projects/Web3HackerNetwork/data/github/2022-04-07-marine-search/projects/danielssonn/Poliwallet/commit-stat.log
Reading file: /home/matt/Projects/Web3HackerNetwork/data/github/2022-04-07-marine-search/projects/boneyard93501/fluence-template/commit-stat.log
Reading file: /home/matt/Projects/Web3HackerNetwork/data/github/2022-04-07-marine-search/projects/hadzija7/FluenceBounty/commit-stat.log
Reading file: /home/matt/Projects/Web3HackerNetwork/data/github/2022-04-07-marine-search/projects/pkalab/examples/commit-stat.log
Reading file: /home/matt/Projects/Web3HackerNetwork/data/github/2022-04-07-marine-search/projects/amrosaeed/fluence/commit-stat.log
Reading file: /home/matt/Projects/Web3HackerNetwork/data/github/2022-04-07-marine-search/projects/adshpl/fluence-playground-server/commit-stat.log
Reading file: /home/matt/Projects/Web3HackerNetwork/data/github/2022-04-07-marine-search/projects/hnihsan/OpenPond/commit-stat.log
Reading file: /home/matt/Projects/Web3HackerNetwork/data/github/2022-04-07-marine-search/projects/fsy412/SelfId-Auth-Fluence/commit-stat.log
Reading file: /home/matt/Projects/Web3HackerNetwork/data/github/2022-04-07-marine-search/projects/tejas-kothari/BazaarEx/commit-stat.log
Reading file: /home/matt/Projects/Web3HackerNetwork/data/github/2022-04-07-marine-search/projects/cbonoz/checkoutfs/commit-stat.log
Reading file: /home/matt/Projects/Web3HackerNetwork/data/github/2022-04-07-marine-search/projects/cbonoz/hackfs21/commit-stat.log
Reading file: /home/matt/Projects/Web3HackerNetwork/data/github/2022-04-07-marine-search/projects/PhilippeMts/hackfs-fragment/commit-stat.log
Reading file: /home/matt/Projects/Web3HackerNetwork/data/github/2022-04-07-marine-search/projects/christianbm1/hackFS-nifti/commit-stat.log
Reading file: /home/matt/Projects/Web3HackerNetwork/data/github/2022-04-07-marine-search/projects/juanobligado/dxpriceaggregator/commit-stat.log
Reading file: /home/matt/Projects/Web3HackerNetwork/data/github/2022-04-07-marine-search/projects/nshmadhani/is-unique/commit-stat.log
Reading file: /home/matt/Projects/Web3HackerNetwork/data/github/2022-04-07-marine-search/projects/KirSerz/hackathon_wallet/commit-stat.log
Reading file: /home/matt/Projects/Web3HackerNetwork/data/github/2022-04-07-marine-search/projects/ben-razor/Fluence-Service/commit-stat.log
Reading file: /home/matt/Projects/Web3HackerNetwork/data/github/2022-04-07-marine-search/projects/gpgith/fluencelabs-examples/commit-stat.log
Reading file: /home/matt/Projects/Web3HackerNetwork/data/github/2022-04-07-marine-search/projects/synycboom/identity-link-api-aqua/commit-stat.log
Reading file: /home/matt/Projects/Web3HackerNetwork/data/github/2022-04-07-marine-search/projects/Joera/public-record-dao-services/commit-stat.log
Reading file: /home/matt/Projects/Web3HackerNetwork/data/github/2022-04-07-marine-search/projects/Joera/gitcoin11-fluence/commit-stat.log
Reading file: /home/matt/Projects/Web3HackerNetwork/data/github/2022-04-07-marine-search/projects/fluencelabs/eip712-validation-node/commit-stat.log
Reading file: /home/matt/Projects/Web3HackerNetwork/data/github/2022-04-07-marine-search/projects/fluencelabs/trust-graph/commit-stat.log
Reading file: /home/matt/Projects/Web3HackerNetwork/data/github/2022-04-07-marine-search/projects/fluencelabs/gitbook-docs/commit-stat.log
Reading file: /home/matt/Projects/Web3HackerNetwork/data/github/2022-04-07-marine-search/projects/fluencelabs/marine-rs-sdk/commit-stat.log
Reading file: /home/matt/Projects/Web3HackerNetwork/data/github/2022-04-07-marine-search/projects/fluencelabs/aqua-ipfs/commit-stat.log
Reading file: /home/matt/Projects/Web3HackerNetwork/data/github/2022-04-07-marine-search/projects/fluencelabs/registry/commit-stat.log
Reading file: /home/matt/Projects/Web3HackerNetwork/data/github/2022-04-07-marine-search/projects/fluencelabs/fluence-service-template/commit-stat.log
Reading file: /home/matt/Projects/Web3HackerNetwork/data/github/2022-04-07-marine-search/projects/fluencelabs/marine/commit-stat.log
Reading file: /home/matt/Projects/Web3HackerNetwork/data/github/2022-04-07-marine-search/projects/fluencelabs/trust-graph-test/commit-stat.log
Reading file: /home/matt/Projects/Web3HackerNetwork/data/github/2022-04-07-marine-search/projects/fluencelabs/aquavm/commit-stat.log
Reading file: /home/matt/Projects/Web3HackerNetwork/data/github/2022-04-07-marine-search/projects/anhfactor/fluence-char-count/commit-stat.log
