commit 5aa7c6d33710ff1132cdd390fe8b71de26ba5dd0
Author: enigmatt649 <Br@in69)>
Date:   Thu Feb 10 14:26:02 2022 -0700

    Adding Rust build instructions to the primary README page

0	22	README.md

commit e2f1f182841ceaead7ed572e9e4d598bc0e12bec
Author: enigmatt649 <Br@in69)>
Date:   Thu Feb 10 14:23:29 2022 -0700

    Adding Rust build instructions to the primary README page

1	1	README.md
1	1	web/README.md

commit c685a429f964a153986782630a1503eb413918c5
Author: enigmatt649 <Br@in69)>
Date:   Thu Feb 10 14:22:33 2022 -0700

    Adding Rust build instructions to the primary README page

57	0	README.md

commit 0ce040649e35d9c8210ebbd1427ba907e69c9d13
Author: enigmatt649 <Br@in69)>
Date:   Thu Feb 10 14:14:27 2022 -0700

    Adding ewetube video link to README page

7	3	web/README.md

commit 668800cff7714ef795d156dcb08d240549d2b645
Author: enigmatt649 <Br@in69)>
Date:   Thu Feb 10 13:01:25 2022 -0700

    Adding links to the Rarible images

-	-	web/public/logo192.png
0	5	web/public/manifest.json
22	14	web/src/App.tsx

commit ce896fbb67ce561a0458821a6474afb437b05434
Author: DeadmanBob <me@example.com>
Date:   Thu Feb 10 12:35:48 2022 -0700

    Code cleanup, commentary, and demo video script tweaks

1	3	doc/demo_video_script.txt
47	39	nft-service/src/main.rs

commit c9da7ab8f3a1ce77095d88d3ce2425f94d62c55a
Author: DeadmanBob <me@example.com>
Date:   Thu Feb 10 12:23:56 2022 -0700

    editing the Aqua commentary

19	15	nft-service/configs/deadmandao-nft-service.aqua

commit 3a8eecf5cd0a5b451b5d4742dbe4b1485c72858c
Author: DeadmanBob <me@example.com>
Date:   Thu Feb 10 12:15:09 2022 -0700

    Add commentary to the Aqua script

48	14	nft-service/configs/deadmandao-nft-service.aqua

commit 7edae7bab6a138fd11e8e87ce1f41b16eff07d5c
Merge: 9f63ad8 fcc61ff
Author: enigmatt649 <Br@in69)>
Date:   Thu Feb 10 12:05:28 2022 -0700

    Merge branch 'main' of https://github.com/enigmatt/new2web3 into main

commit 9f63ad8a1d26d1ef199390b41daac0af1891f55c
Author: enigmatt649 <Br@in69)>
Date:   Thu Feb 10 12:04:39 2022 -0700

    Adding comments

23	19	web/src/App.tsx

commit fcc61fffe629e2b82de0c294d8f996164f0018fb
Merge: 5049715 448e747
Author: DeadmanBob <me@example.com>
Date:   Thu Feb 10 11:47:14 2022 -0700

    Merge branch 'main' of https://github.com/enigmatt/new2web3 into main

commit 5049715afa373711eceb4c00d56cc4ad7def5f6a
Author: DeadmanBob <me@example.com>
Date:   Thu Feb 10 11:46:21 2022 -0700

    Add commentary to the Rust structs and functions

78	29	nft-service/src/main.rs

commit 448e74711292cce58f0d055403917af684514221
Author: enigmatt649 <Br@in69)>
Date:   Thu Feb 10 11:30:46 2022 -0700

    Adding links to the Rarible and OpenSea logos.  Adding comments

4	0	web/README.md
5	8	web/src/App.tsx

commit ed3e735e280a30c7a4ed9ab1274060bfbb399add
Author: enigmatt649 <Br@in69)>
Date:   Thu Feb 10 10:57:20 2022 -0700

    Updating README.md instructions

14	3	web/README.md

commit 4306ed4d1b374ab2626f760812f392b56fb9011c
Author: enigmatt649 <Br@in69)>
Date:   Thu Feb 10 10:39:29 2022 -0700

    Adding browser-side Aqua client for New2Web3 presentation page

23	0	web/.gitignore
20	0	web/README.md
62	0	web/aqua/deadmandao.aqua
-	-	web/favicon.ico
52	0	web/package.json
-	-	web/public/avm.wasm
-	-	web/public/favicon.ico
39	0	web/public/index.html
-	-	web/public/logo192.png
20	0	web/public/manifest.json
3	0	web/public/robots.txt
1	0	web/public/runnerScript.web.js
153	0	web/src/App.scss
221	0	web/src/App.tsx
-	-	web/src/OpenSeaLogo.png
-	-	web/src/RaribleLogo.png
-	-	web/src/deadmandao-loaded.png
-	-	web/src/deadmandao-wiki-logo.png
13	0	web/src/index.css
11	0	web/src/index.tsx
1	0	web/src/react-app-env.d.ts
26	0	web/tsconfig.json

commit c2a83f308eabe3558136c4da40065cf421c04fa9
Author: DeadmanBob <me@example.com>
Date:   Wed Feb 9 20:04:07 2022 -0700

    Aqua for version 0.5.1 and the outline for the demo video.

30	0	doc/demo_video_script.txt
76	0	nft-service/configs/deadmandao-nft-service.aqua

commit 036a8f72857d5a83b2c65c68a3e38eb8790d27ab
Author: DeadmanBob <me@example.com>
Date:   Wed Feb 9 16:28:52 2022 -0700

    add .gitignore for the build artifacts

3	0	nft-service/.gitignore

commit d96bea6397e4178eacade929b6f5885aa877adf3
Author: DeadmanBob <me@example.com>
Date:   Wed Feb 9 16:21:40 2022 -0700

    beginning to commit Marine service module

8	0	nft-service/Config.toml
15	0	nft-service/configs/deadmandao-service-config.json
213	0	nft-service/src/main.rs
2604	0	nft-service/src/opensea_list.json
1984	0	nft-service/src/rarible_list.json

commit f4dcbe8d34feacec7317aac8e43950bac7a4cefe
Author: DeadmanBob <me@example.com>
Date:   Wed Feb 9 16:08:16 2022 -0700

    beginning to commit Marine service module

10	0	nft-service/Cargo.toml

commit 48d6cfe73c72b4317a455dd4f609426fcfd79958
Author: enigmatt <commerce@theenkes.com>
Date:   Thu Feb 3 11:38:45 2022 -0700

    Initial commit

21	0	LICENSE
