scikit-learn/scikit-learn
numpy/numpy
matplotlib/matplotlib
matplotlib/ipympl
pandas-dev/pandas
mwaskom/seaborn
pubkey/rxdb
amark/gun
smartcontractkit/full-blockchain-solidity-course-py
melonjs/melonJS
jklepatch/eattheblocks
ethereum-boilerplate/ethereum-boilerplate
ethereum/ethereum-org-website
misskey-dev/misskey
adrianhajdin/project_web3.0
dethcrypto/TypeChain
FrancescoXX/free-Web3-resources
tmm/wagmi
DemocracyEarth/wallet
trustwallet/trust-wallet-ios
DimensionDev/Maskbook
qri-io/qri
SourcelessBlockchain/beaker
life-itself/web3
MetaMask/metamask-mobile
polkadot-js/api
gakonst/ethers-rs
IceFireDB/IceFireDB
WalletConnect/walletconnect-monorepo
web3p/web3.php
figment-networks/learn-web3-dapp
pubkey/eth-crypto
web3ui/web3uikit
nucypher/nucypher
gobitfly/etherchain-light
ethjs/ethjs
Developer-DAO/web3-ui
web3-php/web3
aragon/use-wallet
floating/frame
AstarNetwork/Astar
skywinder/web3swift
web3brasil/web3brasil
ConsenSysMesh/rimble-ui
leopoldjoy/react-ethereum-dapp-example
tallycash/extension
trustwallet/trust-web3-provider
CympleTech/ESSE
digitaldonkey/ethereum-php
Boilertalk/Web3.swift
3box/3box
molly/web3-is-going-great
Developer-DAO/developerdao.com
rainbow-me/rainbowkit
mirshko/next-web3-boilerplate
Privoce/Portal-Lite
jokenox/Goopt
scaffold-eth/eth-hooks
maticnetwork/matic.js
rkalis/truffle-plugin-verify
CodeforDAO/contracts
thirdweb-dev/contracts
adrianmcli/web3-vs-ethers
cybercongress/go-cyber
cawfree/create-react-native-dapp
miguelmota/solidity-idiosyncrasies
aragon/ui
AKASHAorg/Alpha
mrusme/superhighway84
suhailkakar/Decentralized-YouTube
protocol/nft-website
flashbots/mev-inspect-rs
bytesbay/web3-token
brownie-mix/aave-flashloan-mix
openhive-network/hive
BlockchainBooks/blockchainbooks.github.io
nft-api/nft-api
dethcrypto/eth-sdk
ethereum-boilerplate/ethereum-unity-boilerplate
x676f64/secureum-mind_map
PaulLaux/eth-hot-wallet
kay-is/web3-from-zero
ApeWorX/ape
ecadlabs/taquito
w3f/polkadot-wiki
DOkwufulueze/eth-vue
JoinColony/awesome-web3
wslyvh/useWeb3
Haehnchen/uniswap-arbitrage-flash-swap
bmresearch/Solnet
maticnetwork/dagger.js
xf00f/web3x
ThatOtherZach/Web3-by-Example
NaturalSelectionLabs/RSS3-Protocol
cybercongress/congress
WalletConnect/walletconnect-example-dapp
bitcoin/bitcoin
blockcypher/blockcypher-python
blockchain-etl/ethereum-etl
blockchain-etl/bitcoin-etl
ethereum/go-ethereum
ethereum/solidity
adbenitez/mailman
akintu/akintu
bbci/wyrm
berinhard/pyp5js
bhrutledge/jahhills.com
Biohazard1976/pi
Biohazard1976/pip
bskinn/cpython-release-feed
bskinn/flake8-bot
ClearcodeHQ/pytest-postgresql
controversial/luk.ke
Convex-Dev/convex
datacraft-dsc/starfish-py
DataDog/integrations-core
datalatte-ai/Datalatte-marketplace
deltaDAO/market-foreverontheblockchain
deltaDAO/mvg-portal
deltaDAO/portal-euprogigant
deltaDAO/portal-safeFBDC
deltaDAO/portal-udl
DiddiLeija/diddiparser2
DiddiLeija/text_formatter
drf-forms/drf-schema-adapter
evemorgen/SMaDA-AGH
flathub/com.valvesoftware.Steam
floss50/keeper-experimental
floss50/ocean-explorer
FMenhorn/BGCEGit
fnreality/asmgraph
gevent/gevent
gitlabhq/terraform-provider-gitlab
golang/pkgsite
graphite-project/graphite-web
gustavklopp/mailman
Harsh-Avinash/court-hero-ocean-api
jamiehewitt15/cryptophotos
jw/stilus
kiwitcms/Kiwi
malikoth/dotfiles
Mattlk13/theupdateframework
mayeut/manylinux-timeline
mblayman/conductor
mblayman/homeschool
mblayman/mattlayman.com
mozilla/glam
mozilla/zamboni
nanonyme/simplecpreprocessor
nevermined-io/contracts
ninox-iot/tuf
oceanprotocol/aquarius
oceanprotocol-archive/brizo
oceanprotocol/barge
oceanprotocol/contracts
oceanprotocol/docs
oceanprotocol/market
oceanprotocol/ocean.js
oceanprotocol/ocean.py
oceanprotocol/RBAC-Server
openstack/swift
opscientia/commons
optimamodel/optima
pdoc3/pdoc
powens/padraig.io
pulp/pulp
pulp/pulpcore-plugin
PyO3/maturin
pypa/manylinux
pypa/packaging.python.org
pypa/pip
pypa/warehouse
python-greenlet/greenlet
quicklers/pypa1
read-what-you-need/rn-client
Reptiliano35/pip
robert-codecov/ccpip
rohankumardubey/gevent
roperi/myband
rwdavi/Tower-Defense-Game
sacdallago/bio_embeddings
sailfishos-mirror/pip
sapphire1896/xcrun-WindowServer
sayanarijit/.files
sayanarijit/xplr
ScottAndrews1873/python-pip
SFDO-Tooling/MetaDeploy
SFDO-Tooling/Metecho
stloma/dotfiles
terminal-labs/rambo
terminusdb/terminusdb-client-python
terror/solutions
theupdateframework/python-tuf
tokenspice/tokenspice
turicas/brasil.io
tusharsadhwani/blog
venthur/wyrm
vint21h/django-opensearch
vint21h/django-xicon
wayveai/freedesktop-sdk
wimglenn/advent-of-code-wim
wtolson/gnsq
ymyzk/mypy-playground
ymyzk/portfolio
