102196	repo/SimonRaaber/EndlessRunner/log_numstat.out.json.bz2
102198	repo/fluffywaffles/2019-322-compilers/log_numstat.out.json.bz2
102201	repo/KDE/kig/log_numstat.out.json.bz2
102212	repo/corgiTrax/stable-baselines3/log_numstat.out.json.bz2
102213	repo/anup-web/react-select-/log_numstat.out.json.bz2
102220	repo/user00000001/Tesra/log_numstat.out.json.bz2
102229	repo/sergiomb2/mjpegtools_fromsvn/log_numstat.out.json.bz2
102230	repo/hasadna/anyway/log_numstat.out.json.bz2
102230	repo/smondet/smondet.github.com/log_numstat.out.json.bz2
102232	repo/idesousasynergyes/open-pixel-art/log_numstat.out.json.bz2
102235	repo/atata-framework/atata/log_numstat.out.json.bz2
102238	repo/eric-erki/awesome-vue/log_numstat.out.json.bz2
102238	repo/sergeyz-zh/awesome-vue/log_numstat.out.json.bz2
102250	repo/luckidea/mipt-mips/log_numstat.out.json.bz2
102252	repo/yast/yast-packager/log_numstat.out.json.bz2
102254	repo/nicewsyly/GitHubTest-boosting-xgboost/log_numstat.out.json.bz2
102259	repo/em-mubashir/brand-frontend/log_numstat.out.json.bz2
102259	repo/urazaev/ecommerce_storefront/log_numstat.out.json.bz2
102260	repo/creatorkuang/mui-react/log_numstat.out.json.bz2
102264	repo/blackrangersoftware/brs-qrl/log_numstat.out.json.bz2
102270	repo/DarLiner/awesome-algorithm/log_numstat.out.json.bz2
102279	repo/niehooh/fork/log_numstat.out.json.bz2
102280	repo/mphurley/PiHole/log_numstat.out.json.bz2
102282	repo/bacnam/voyager/log_numstat.out.json.bz2
102282	repo/gnunn1/tilix/log_numstat.out.json.bz2
102282	repo/sty16/cell_detection/log_numstat.out.json.bz2
102291	repo/karlscholz/crazyflie-firmware/log_numstat.out.json.bz2
102299	repo/nalimhahs/example-storefront/log_numstat.out.json.bz2
102302	repo/mohitdhingra01/aws-ebs-controller/log_numstat.out.json.bz2
102308	repo/nightwatchjs/nightwatch/log_numstat.out.json.bz2
102312	repo/zcomputerwiz/silicoin-blockchain-gui/log_numstat.out.json.bz2
102317	repo/LQDFinance/FLASK/log_numstat.out.json.bz2
102319	repo/emweb/jwt/log_numstat.out.json.bz2
102322	repo/treehow/url3/log_numstat.out.json.bz2
102328	repo/DNAProject/DNA/log_numstat.out.json.bz2
102329	repo/Project-Fluid-Testing/vendor_fluid/log_numstat.out.json.bz2
102330	repo/KDE/kdeconnect-kde/log_numstat.out.json.bz2
102342	repo/materialsproject/emmet/log_numstat.out.json.bz2
102346	repo/HenryChenV/hello-zookeeper/log_numstat.out.json.bz2
102346	repo/heroku/terraform-provider-heroku/log_numstat.out.json.bz2
102349	repo/severoraz/bug-pacman-FS59201/log_numstat.out.json.bz2
102352	repo/Niava/BigcommerceSample/log_numstat.out.json.bz2
102360	repo/CCExtractor/ccextractor/log_numstat.out.json.bz2
102361	repo/terraform-linters/tflint/log_numstat.out.json.bz2
102367	repo/naclander/pacman/log_numstat.out.json.bz2
102367	repo/tbodt/pacman/log_numstat.out.json.bz2
102376	repo/ProSuite/ProSuite/log_numstat.out.json.bz2
102380	repo/harindr404/85/log_numstat.out.json.bz2
102381	repo/SPI/website/log_numstat.out.json.bz2
102382	repo/PlayLink2017/pih/log_numstat.out.json.bz2
102385	repo/fastai/fastai_old/log_numstat.out.json.bz2
102388	repo/campbellbrierley/Fabric/log_numstat.out.json.bz2
102389	repo/jymfony/jymfony/log_numstat.out.json.bz2
102395	repo/FreeCodeCampChina/curriculum-cn/log_numstat.out.json.bz2
102399	repo/predix-analytics/analytics-python-buildpack-ppc-online/log_numstat.out.json.bz2
102403	repo/ktavadze/cornerstone/log_numstat.out.json.bz2
102405	repo/openspending/spendb/log_numstat.out.json.bz2
102408	repo/dontreplymuni/uvs-RXJS/log_numstat.out.json.bz2
102410	repo/denyslazarenko/profini/log_numstat.out.json.bz2
102417	repo/OWASP/samm/log_numstat.out.json.bz2
102417	repo/survivejs-translations/webpack-book-fr/log_numstat.out.json.bz2
102420	repo/endlessm/freedesktop-sdk/log_numstat.out.json.bz2
102421	repo/blab/ncov-19B/log_numstat.out.json.bz2
102426	repo/MenkeTechnologies/zpwrp10k/log_numstat.out.json.bz2
102428	repo/scalikejdbc/scalikejdbc/log_numstat.out.json.bz2
102429	repo/srilives/reactioncommerce-example-storefront/log_numstat.out.json.bz2
102430	repo/freedesktop/xkeyboard-config/log_numstat.out.json.bz2
102452	repo/visjs/vis-data/log_numstat.out.json.bz2
102459	repo/ncss-tech/aqp/log_numstat.out.json.bz2
102460	repo/voc/streaming-website/log_numstat.out.json.bz2
102462	repo/memedadexiaobai/zookeeper/log_numstat.out.json.bz2
102470	repo/jonesnxt/gem-match/log_numstat.out.json.bz2
102470	repo/OasisDEX/oasis-borrow/log_numstat.out.json.bz2
102471	repo/mileskai/create-react-app-study/log_numstat.out.json.bz2
102475	repo/openziti-test-kitchen/helm-charts/log_numstat.out.json.bz2
102483	repo/cultureamp/kaizen-design-system/log_numstat.out.json.bz2
102514	repo/tk-masuda/AndroidTrainingClone/log_numstat.out.json.bz2
102515	repo/jmxugit/antd-pro/log_numstat.out.json.bz2
102525	repo/huahuafazai/googletest/log_numstat.out.json.bz2
102534	repo/tasneemkoushar/test-final/log_numstat.out.json.bz2
102540	repo/ForstaLabs/librelay-node/log_numstat.out.json.bz2
102541	repo/midaat/parsoid-midaat/log_numstat.out.json.bz2
102565	repo/jmagman/flutter-wiki/log_numstat.out.json.bz2
102566	repo/LiMinggang/madedit-mod/log_numstat.out.json.bz2
102569	repo/mapcollab/czmq/log_numstat.out.json.bz2
102574	repo/elementary/appcenter/log_numstat.out.json.bz2
102583	repo/XenonTheInertG/Vanced-Manager/log_numstat.out.json.bz2
102594	repo/amplication/site/log_numstat.out.json.bz2
102600	repo/val-verde/pango/log_numstat.out.json.bz2
102602	repo/Shahila1990/JavaScript/log_numstat.out.json.bz2
102606	repo/weltond/DataStructure/log_numstat.out.json.bz2
102608	repo/munderseth/mypytest/log_numstat.out.json.bz2
102615	repo/overtone/overtone/log_numstat.out.json.bz2
102624	repo/maz222/Koji-Picross-Level-Editor/log_numstat.out.json.bz2
102627	repo/MuhdSyafiq97/SamadScript/log_numstat.out.json.bz2
102632	repo/hustwei/requests/log_numstat.out.json.bz2
102641	repo/assetgraph/assetgraph-builder/log_numstat.out.json.bz2
102642	repo/RIFTIO/gobject-introspection/log_numstat.out.json.bz2
102643	repo/Gumplefik/redux-read/log_numstat.out.json.bz2
102644	repo/simonpoole/beautified-JOSM-preset/log_numstat.out.json.bz2
102646	repo/michalgr/platform_external_toybox/log_numstat.out.json.bz2
102653	repo/yue/yue/log_numstat.out.json.bz2
102656	repo/avalonmediasystem/avalon/log_numstat.out.json.bz2
102664	repo/pykeen/pykeen/log_numstat.out.json.bz2
102668	repo/CONVIEUFO/convieufo.github.io/log_numstat.out.json.bz2
102680	repo/compiler-explorer/infra/log_numstat.out.json.bz2
102681	repo/goldbergyoni/nodebestpractices/log_numstat.out.json.bz2
102686	repo/lgritz/libtiff/log_numstat.out.json.bz2
102696	repo/Nid989/Pytorch/log_numstat.out.json.bz2
102698	repo/elgsaid/awesome-ios-lib/log_numstat.out.json.bz2
102705	repo/swiftmailer/swiftmailer/log_numstat.out.json.bz2
102707	repo/convieufp/convieufo.github.io/log_numstat.out.json.bz2
102718	repo/XaySouvannalath/blog-template/log_numstat.out.json.bz2
102721	repo/maman/react-router-legacy/log_numstat.out.json.bz2
102723	repo/tomasvivanco-dev/buscador2/log_numstat.out.json.bz2
102723	repo/tomasvivanco-dev/buscador/log_numstat.out.json.bz2
102728	repo/Lopezcartoons/overtone-copy/log_numstat.out.json.bz2
102746	repo/wangcheng181/Rebar-3/log_numstat.out.json.bz2
102749	repo/gentoo-mirror/mate-de-gentoo/log_numstat.out.json.bz2
102750	repo/creeshla/ruby-twitter/log_numstat.out.json.bz2
102754	repo/onilabs/stratifiedjs/log_numstat.out.json.bz2
102758	repo/AugurProject/augur-node/log_numstat.out.json.bz2
102760	repo/Vincit/objection.js/log_numstat.out.json.bz2
102764	repo/ethereum/fe/log_numstat.out.json.bz2
102771	repo/MariaDB/mariadb.org-tools/log_numstat.out.json.bz2
102777	repo/JackDanger/dotfiles/log_numstat.out.json.bz2
102782	repo/Danishkhan7864/Trigger/log_numstat.out.json.bz2
102791	repo/loomnetwork/loomchain/log_numstat.out.json.bz2
102792	repo/PyCQA/isort/log_numstat.out.json.bz2
102815	repo/allegro/hermes/log_numstat.out.json.bz2
102815	repo/checkstyle/eclipse-cs/log_numstat.out.json.bz2
102821	repo/Scalr/sphinx/log_numstat.out.json.bz2
102838	repo/lanluo9/inter/log_numstat.out.json.bz2
102841	repo/tryton/tryton/log_numstat.out.json.bz2
102845	repo/sapegin/dotfiles/log_numstat.out.json.bz2
102846	repo/rickycreative/iOS-Awesome/log_numstat.out.json.bz2
102849	repo/folio-org/okapi/log_numstat.out.json.bz2
102855	repo/kadena-io/pact/log_numstat.out.json.bz2
102861	repo/gnembon/fabric-carpet/log_numstat.out.json.bz2
102863	repo/marcartola/sharpy_submodule/log_numstat.out.json.bz2
102867	repo/SpectralSequences/sseq/log_numstat.out.json.bz2
102871	repo/predix-analytics/analytics-python-buildpack-ppc/log_numstat.out.json.bz2
102891	repo/nf-core/nf-co.re/log_numstat.out.json.bz2
102903	repo/rgruesbeck/spaceinvadersiosfixes/log_numstat.out.json.bz2
102905	repo/Intel-Media-SDK/MediaSDK/log_numstat.out.json.bz2
102905	repo/reactioncommerce/example-storefront/log_numstat.out.json.bz2
102906	repo/bundlewrap/bundlewrap/log_numstat.out.json.bz2
102913	repo/ocaml/ocaml.org/log_numstat.out.json.bz2
102915	repo/deployphp/deployer/log_numstat.out.json.bz2
102916	repo/threema-ch/threema-web/log_numstat.out.json.bz2
102925	repo/ChainGreenOrg/chaingreen-blockchain-gui/log_numstat.out.json.bz2
102932	repo/markof94/Asteroid-Game/log_numstat.out.json.bz2
102932	repo/MeriemHaddi/PepinierePI/log_numstat.out.json.bz2
102936	repo/zzp15222522401/seatunnel_dev/log_numstat.out.json.bz2
102946	repo/PhanuLab/Carpentries-InstructorTraining/log_numstat.out.json.bz2
102956	repo/mirego/trikot/log_numstat.out.json.bz2
102973	repo/Lupin-CNC/cbang/log_numstat.out.json.bz2
102977	repo/hiddenSymmetries/simsopt/log_numstat.out.json.bz2
102994	repo/alexkappa/terraform-provider-auth0/log_numstat.out.json.bz2
103002	repo/pkrishn6/requests-lib/log_numstat.out.json.bz2
103009	repo/ReScience/MLRC/log_numstat.out.json.bz2
103014	repo/robertchan501/angular-ui-grid/log_numstat.out.json.bz2
103022	repo/LavresJ/HamTFLitePoseEstimation/log_numstat.out.json.bz2
103023	repo/spo0ds/Journey-to-become-a-Blockchain-Engineer/log_numstat.out.json.bz2
103035	repo/sgrodzicki/sencha-touch/log_numstat.out.json.bz2
103035	repo/TeamFahQ/OpenRGB/log_numstat.out.json.bz2
103044	repo/JokeCiCi/google.golang.org_grpc/log_numstat.out.json.bz2
103050	repo/thinkingc/ant-design-pro/log_numstat.out.json.bz2
103052	repo/bitpiedotcom/bitpiedotcom.github.com/log_numstat.out.json.bz2
103056	repo/ego-lay-atman-bay/beetleblocks/log_numstat.out.json.bz2
103067	repo/zazzzf/process-map/log_numstat.out.json.bz2
103070	repo/gravitl/netmaker/log_numstat.out.json.bz2
103076	repo/Group-One-Technology/powerbase-core/log_numstat.out.json.bz2
103081	repo/johnxba/lynis1/log_numstat.out.json.bz2
103085	repo/hholzgra/glob-period/log_numstat.out.json.bz2
103087	repo/vivieryuan/libuv/log_numstat.out.json.bz2
103088	repo/sailfishos-mirror/nss/log_numstat.out.json.bz2
103092	repo/MoOx/phenomic/log_numstat.out.json.bz2
103092	repo/opennetsys/c3-sdk-go-example-oracle/log_numstat.out.json.bz2
103096	repo/gitpod-io/website/log_numstat.out.json.bz2
103097	repo/friguzzi/trill-on-swish/log_numstat.out.json.bz2
103099	repo/bambamdeo/mongoose/log_numstat.out.json.bz2
103101	repo/rrrene/credo/log_numstat.out.json.bz2
103104	repo/madewithkoji/koji-p5-scaffold/log_numstat.out.json.bz2
103105	repo/dvreeze/yaidom/log_numstat.out.json.bz2
103110	repo/zcomputerwiz/gold-blockchain-gui/log_numstat.out.json.bz2
103112	repo/pgjdbc/pgjdbc/log_numstat.out.json.bz2
103116	repo/ranneen/tornadoweb/log_numstat.out.json.bz2
103123	repo/kkcchh9999/kkcchh9999.github.io/log_numstat.out.json.bz2
103126	repo/sorinasandu/Debian_Netcfg/log_numstat.out.json.bz2
103129	repo/cdoky/flutter_wiki/log_numstat.out.json.bz2
103136	repo/mth/yeti/log_numstat.out.json.bz2
103142	repo/GNOME/pango/log_numstat.out.json.bz2
103147	repo/tarikulnayem94/LinkedIn-Skills-Assessments-Quizes/log_numstat.out.json.bz2
103147	repo/tarikulnayem94/LinkedIn-Skills-Assessments-Quizzes/log_numstat.out.json.bz2
103148	repo/helix-editor/helix/log_numstat.out.json.bz2
103151	repo/martinphellwig/brython_wf/log_numstat.out.json.bz2
103165	repo/RouzanXploitSec47/powerlevel10k/log_numstat.out.json.bz2
103169	repo/jjhpeopl/JDChubaoFS/log_numstat.out.json.bz2
103172	repo/nwpushuai/python-setuptools/log_numstat.out.json.bz2
103173	repo/eli-schwartz/pacman/log_numstat.out.json.bz2
103182	repo/ashmpace/question-mtl/log_numstat.out.json.bz2
103185	repo/osrf/gazebo_tutorials/log_numstat.out.json.bz2
103188	repo/goldcoin-gl/gold-blockchain-gui/log_numstat.out.json.bz2
103188	repo/mitbtcclub/mitbtcexpo/log_numstat.out.json.bz2
103190	repo/HackYourFuture-CPH/JavaScript/log_numstat.out.json.bz2
103193	repo/flask-admin/flask-admin/log_numstat.out.json.bz2
103195	repo/cincheo/jsweet/log_numstat.out.json.bz2
103196	repo/missdeer/blog/log_numstat.out.json.bz2
103199	repo/rohankumardubey/tauri/log_numstat.out.json.bz2
103204	repo/jlongtine/dagger-old/log_numstat.out.json.bz2
103209	repo/cYouGH/FreeBooks/log_numstat.out.json.bz2
103216	repo/pimox/mirror_acme.sh/log_numstat.out.json.bz2
103217	repo/MIPT-ILab/mipt-mips/log_numstat.out.json.bz2
103221	repo/dandi/dandi-archive/log_numstat.out.json.bz2
103237	repo/hjmallon/libtiff/log_numstat.out.json.bz2
103250	repo/xfce-mirror/mousepad/log_numstat.out.json.bz2
103259	repo/ricknightcrypto/defi-nights-sushi/log_numstat.out.json.bz2
103260	repo/crossplane/crossplane/log_numstat.out.json.bz2
103262	repo/JohnVict0r/start-tm-webapp/log_numstat.out.json.bz2
103272	repo/511701863/vue3-test/log_numstat.out.json.bz2
103275	repo/marcbrs/test/log_numstat.out.json.bz2
103280	repo/scummvm/scummvm-tools/log_numstat.out.json.bz2
103283	repo/CommanderG6/libsndfile/log_numstat.out.json.bz2
103283	repo/lbryio/spee.ch/log_numstat.out.json.bz2
103290	repo/qSharpy/merge-3-repos-into-1/log_numstat.out.json.bz2
103290	repo/TheRenegadeCoder/sample-programs-website/log_numstat.out.json.bz2
103306	repo/eliot-exdev/boost-beast/log_numstat.out.json.bz2
103313	repo/jamestrimble/dissertation-on-treedepth/log_numstat.out.json.bz2
103313	repo/manewman/rembo10-headphones/log_numstat.out.json.bz2
103322	repo/das7pad/hangoutsbot/log_numstat.out.json.bz2
103322	repo/scottoss/pihole2/log_numstat.out.json.bz2
103325	repo/appneta/tcpreplay/log_numstat.out.json.bz2
103326	repo/mpi4py/mpi4py/log_numstat.out.json.bz2
103336	repo/lxchuan12/redux-analysis/log_numstat.out.json.bz2
103339	repo/pth-demo-orga/platform-external-googletest/log_numstat.out.json.bz2
103340	repo/ABDELILAH-OUHAJJOU/lynis/log_numstat.out.json.bz2
103343	repo/CHrisGod/ocr/log_numstat.out.json.bz2
103343	repo/rusubogdan07/tesseract/log_numstat.out.json.bz2
103347	repo/saliency-ai/dwv/log_numstat.out.json.bz2
103349	repo/cbarrick/dotfiles/log_numstat.out.json.bz2
103353	repo/metallb/metallb/log_numstat.out.json.bz2
103363	repo/vnotex/vnote/log_numstat.out.json.bz2
103381	repo/bpodwinski/focalboard/log_numstat.out.json.bz2
103381	repo/nestybox/sysbox-runc/log_numstat.out.json.bz2
103385	repo/mitogen-hq/mitogen/log_numstat.out.json.bz2
103390	repo/Perl-Critic/Perl-Critic/log_numstat.out.json.bz2
103390	repo/sharife/goldenthread-v2/log_numstat.out.json.bz2
103393	repo/QMCSoftware/QMCSoftware/log_numstat.out.json.bz2
103399	repo/cxvh/markdown-mermaid/log_numstat.out.json.bz2
103399	repo/Driim/wlroot/log_numstat.out.json.bz2
103405	repo/Exawind/nalu-wind/log_numstat.out.json.bz2
103409	repo/rohankumardubey/rust-bindgen/log_numstat.out.json.bz2
103412	repo/rust-rosetta/rust-rosetta/log_numstat.out.json.bz2
103435	repo/guaix-ucm/numina/log_numstat.out.json.bz2
103435	repo/wundergraph/graphql-go-tools/log_numstat.out.json.bz2
103435	repo/yoyow-org/yoyow-core/log_numstat.out.json.bz2
103442	repo/JuliaAttic/libuv-archive/log_numstat.out.json.bz2
103470	repo/voidsatisfaction/TIL/log_numstat.out.json.bz2
103473	repo/tosone/fnlize/log_numstat.out.json.bz2
103479	repo/alitajs/templates/log_numstat.out.json.bz2
103480	repo/cmu-delphi/www-covidcast-classic/log_numstat.out.json.bz2
103486	repo/krekotenko/iclub-python/log_numstat.out.json.bz2
103486	repo/yesodweb/wai-handlers/log_numstat.out.json.bz2
103496	repo/channainfo/verboice/log_numstat.out.json.bz2
103506	repo/MdAbulHossain1/svn/log_numstat.out.json.bz2
103513	repo/freecloud2/Scala/log_numstat.out.json.bz2
103523	repo/cuidianlong123/FuckOffDoge/log_numstat.out.json.bz2
103527	repo/xinghuaman/audio-diyer.github.io/log_numstat.out.json.bz2
103541	repo/iTeam-S/Stat-Membre/log_numstat.out.json.bz2
103541	repo/Shrey-Viradiya/SEM4/log_numstat.out.json.bz2
103543	repo/fawzydede/vendor_aosp/log_numstat.out.json.bz2
103553	repo/bioglaze/aether3d/log_numstat.out.json.bz2
103555	repo/haiwen/seadroid/log_numstat.out.json.bz2
103559	repo/theQRL/QRL/log_numstat.out.json.bz2
103561	repo/square/leakcanary/log_numstat.out.json.bz2
103564	repo/bucksapp-corp/react-native-firebase/log_numstat.out.json.bz2
103569	repo/gefla/empdev/log_numstat.out.json.bz2
103574	repo/bloxapp/ssv/log_numstat.out.json.bz2
103586	repo/upbound/crossplane/log_numstat.out.json.bz2
103596	repo/stan-dev/rstanarm/log_numstat.out.json.bz2
103598	repo/quinn-rs/quinn/log_numstat.out.json.bz2
103604	repo/danos/cloud-init/log_numstat.out.json.bz2
103611	repo/r-lib/styler/log_numstat.out.json.bz2
103617	repo/mootools/mootools-core/log_numstat.out.json.bz2
103622	repo/jonathanchu/dotemacs/log_numstat.out.json.bz2
103627	repo/ammarfaizi2/perfbook/log_numstat.out.json.bz2
103627	repo/japaneseuyeh/avelino/log_numstat.out.json.bz2
103635	repo/flomesh-io/osm-edge/log_numstat.out.json.bz2
103639	repo/athos/reading-clojurescript/log_numstat.out.json.bz2
103648	repo/andreiporumb/python_server/log_numstat.out.json.bz2
103650	repo/Euclideon/libtiff/log_numstat.out.json.bz2
103654	repo/binhpht/GoogleTest/log_numstat.out.json.bz2
103654	repo/moritamori/activeadmin/log_numstat.out.json.bz2
103655	repo/pratikregal1a/nodejs/log_numstat.out.json.bz2
103656	repo/lucholal57/INCLUsoft/log_numstat.out.json.bz2
103659	repo/biolab/orange-widget-base/log_numstat.out.json.bz2
103668	repo/AnishDe12020/AnishDe12020/log_numstat.out.json.bz2
103669	repo/android-risc-v/external_deqp-deps_glslang/log_numstat.out.json.bz2
103669	repo/jankotek/mapdb/log_numstat.out.json.bz2
103672	repo/graphitemaster/gmqcc/log_numstat.out.json.bz2
103673	repo/BestImageViewer/geeqie/log_numstat.out.json.bz2
103677	repo/innneang/uptimerobot/log_numstat.out.json.bz2
103679	repo/yjt2018/rasterio/log_numstat.out.json.bz2
103684	repo/WarpedWartWars/XBB/log_numstat.out.json.bz2
103689	repo/raiskila/pi-hole/log_numstat.out.json.bz2
103696	repo/macrobber/aa-dashboard/log_numstat.out.json.bz2
103709	repo/hsafir/kube-cluster/log_numstat.out.json.bz2
103713	repo/acadia44/libbluray/log_numstat.out.json.bz2
103722	repo/ezcater/recipe/log_numstat.out.json.bz2
103722	repo/WordPress/openverse-api/log_numstat.out.json.bz2
103727	repo/piyushladhar/testmyletsen/log_numstat.out.json.bz2
103732	repo/rakyll/gowiki/log_numstat.out.json.bz2
103733	repo/Naereen/web-sphinx/log_numstat.out.json.bz2
103735	repo/ADT-Software/googletest/log_numstat.out.json.bz2
103736	repo/congnguyenthe/base-django-oscar/log_numstat.out.json.bz2
103750	repo/certusone/wormhole/log_numstat.out.json.bz2
103753	repo/collie89/books/log_numstat.out.json.bz2
103768	repo/wellington-rodrigues5991/Balance/log_numstat.out.json.bz2
103772	repo/pikvm/kvmd/log_numstat.out.json.bz2
103781	repo/coingecko/cryptoexchange/log_numstat.out.json.bz2
103800	repo/jemzipx/jerman/log_numstat.out.json.bz2
103811	repo/crowi/crowi/log_numstat.out.json.bz2
103813	repo/grocy/grocy/log_numstat.out.json.bz2
103824	repo/ashiina/user_guide_src_ja/log_numstat.out.json.bz2
103828	repo/jffp113/go-algorand/log_numstat.out.json.bz2
103829	repo/serjtroshin/BinQua/log_numstat.out.json.bz2
103843	repo/ishellex/libuv/log_numstat.out.json.bz2
103843	repo/lk021x/libuv/log_numstat.out.json.bz2
103843	repo/UnofficialJuliaMirror/JuliaLang-libuv/log_numstat.out.json.bz2
103849	repo/DataTables/DataTablesSrc/log_numstat.out.json.bz2
103856	repo/brimdata/zed/log_numstat.out.json.bz2
103857	repo/jodal/comics/log_numstat.out.json.bz2
103858	repo/pubpri/tokenlist/log_numstat.out.json.bz2
103864	repo/sillsdev/machine/log_numstat.out.json.bz2
103869	repo/Homegear/Homegear/log_numstat.out.json.bz2
103875	repo/crossplane-contrib/provider-aws/log_numstat.out.json.bz2
103877	repo/Lesmiscore/commons-compress/log_numstat.out.json.bz2
103879	repo/nlplab/brat/log_numstat.out.json.bz2
103897	repo/NeonGeckoCom/NeonCore/log_numstat.out.json.bz2
103910	repo/DHTMLGoodies/dhtmlchess/log_numstat.out.json.bz2
103917	repo/neverware-mirrors/googletest/log_numstat.out.json.bz2
103924	repo/fred9/waf/log_numstat.out.json.bz2
103953	repo/lineage-rpi/android_external_openssh/log_numstat.out.json.bz2
103957	repo/weecology/DeepTreeAttention/log_numstat.out.json.bz2
103958	repo/google/blockly-devtools/log_numstat.out.json.bz2
103961	repo/pranay-baldev/d-ant-e/log_numstat.out.json.bz2
103961	repo/tomueeen93/tmkcaffe/log_numstat.out.json.bz2
103962	repo/theolivenbaum/h5/log_numstat.out.json.bz2
103979	repo/openflagr/flagr/log_numstat.out.json.bz2
103991	repo/estherk15/tic-tac-toe/log_numstat.out.json.bz2
104004	repo/grachyov/QTUM-Mobile-Dapps/log_numstat.out.json.bz2
104016	repo/Project-MONAI/MONAI/log_numstat.out.json.bz2
104021	repo/plangrid/sqldelight-copy/log_numstat.out.json.bz2
104028	repo/kromli/weston-mod/log_numstat.out.json.bz2
104054	repo/Actinium-project/ACM-LN-Desktop/log_numstat.out.json.bz2
104066	repo/xdv-testing/xrpl-dev-portal/log_numstat.out.json.bz2
104069	repo/orgzly/orgzly-android/log_numstat.out.json.bz2
104070	repo/inclavare-containers/inclavare-containers/log_numstat.out.json.bz2
104073	repo/luxuryss/cocotb/log_numstat.out.json.bz2
104076	repo/pb-cdunn/snakemake/log_numstat.out.json.bz2
104078	repo/dexidp/dex/log_numstat.out.json.bz2
104079	repo/ENOT-AutoDL/mmdetection-enot/log_numstat.out.json.bz2
104079	repo/gentoo/musl/log_numstat.out.json.bz2
104082	repo/Erotemic/local/log_numstat.out.json.bz2
104091	repo/arian1995/dgl1/log_numstat.out.json.bz2
104102	repo/andyFang94/antdProMqtt/log_numstat.out.json.bz2
104107	repo/Telecominfraproject/OpenCellular/log_numstat.out.json.bz2
104110	repo/LooksKill/interact/log_numstat.out.json.bz2
104111	repo/ubtue/zotero-enhancement-maps/log_numstat.out.json.bz2
104112	repo/MazCesp/shotcut-Preliminare/log_numstat.out.json.bz2
104128	repo/metroswap-staging/DefiLlama-Adapters/log_numstat.out.json.bz2
104129	repo/Sea-n/nctu-timetable/log_numstat.out.json.bz2
104130	repo/cinehdtv/tv/log_numstat.out.json.bz2
104144	repo/datenanfragen/data/log_numstat.out.json.bz2
104154	repo/tejaramineni/sam-cli/log_numstat.out.json.bz2
104155	repo/bolukezz/rocketmq/log_numstat.out.json.bz2
104183	repo/smartjun/core/log_numstat.out.json.bz2
104187	repo/phuggins/phuggins.github.io/log_numstat.out.json.bz2
104191	repo/Moehoo/Catch2/log_numstat.out.json.bz2
104197	repo/poysama/newrelic_rpm/log_numstat.out.json.bz2
104200	repo/satoshipay/solar/log_numstat.out.json.bz2
104202	repo/c-cube/ocaml-containers/log_numstat.out.json.bz2
104202	repo/dragonramer/pokemon/log_numstat.out.json.bz2
104206	repo/Eximchain/EximchainWallet/log_numstat.out.json.bz2
104206	repo/triyono777/flutter_fire_ml_vision/log_numstat.out.json.bz2
104215	repo/tallycash/extension/log_numstat.out.json.bz2
104222	repo/kkos/oniguruma/log_numstat.out.json.bz2
104224	repo/riversnout/new-token/log_numstat.out.json.bz2
104231	repo/fuboertech/gradoop/log_numstat.out.json.bz2
104232	repo/smunix/thrift-gen/log_numstat.out.json.bz2
104258	repo/MBCVIA/capy-acceptancetest-fw/log_numstat.out.json.bz2
104271	repo/herrbischoff/country-ip-blocks/log_numstat.out.json.bz2
104274	repo/ganeshkumardevops/interview/log_numstat.out.json.bz2
104274	repo/googlefonts/karla/log_numstat.out.json.bz2
104277	repo/starlight5234-projects/vendor_lineage/log_numstat.out.json.bz2
104278	repo/demining/Learning-Bitcoin-from-the-Command-Line-Google-Colab/log_numstat.out.json.bz2
104299	repo/jetblackwing/esos-controller/log_numstat.out.json.bz2
104313	repo/njeans/serde/log_numstat.out.json.bz2
104314	repo/ebotuhuy/presidentbeef/log_numstat.out.json.bz2
104319	repo/kdfwow64/react-select-different-types/log_numstat.out.json.bz2
104320	repo/ciwei100000/pygobject-debian/log_numstat.out.json.bz2
104346	repo/sty16/cell_mmdetection/log_numstat.out.json.bz2
104362	repo/jfbiancheng/jf_binarydet/log_numstat.out.json.bz2
104372	repo/apache/maven-scm/log_numstat.out.json.bz2
104373	repo/M4rtinK/modrana/log_numstat.out.json.bz2
104377	repo/ossf-cve-benchmark/CVE-2020-15138/log_numstat.out.json.bz2
104378	repo/tobspr/shapez.io/log_numstat.out.json.bz2
104380	repo/xdv-testing/ripple-lib/log_numstat.out.json.bz2
104383	repo/paulmeynckens/Void_Rivals/log_numstat.out.json.bz2
104388	repo/neurodroid/stimfit/log_numstat.out.json.bz2
104395	repo/reinaldoleon/powerlevel10k/log_numstat.out.json.bz2
104402	repo/PouuleT/bird/log_numstat.out.json.bz2
104412	repo/wymeditor/wymeditor/log_numstat.out.json.bz2
104419	repo/datacarpentry/semester-biology/log_numstat.out.json.bz2
104422	repo/jeff-hykin/better-cpp-syntax/log_numstat.out.json.bz2
104430	repo/NDCsGitHub/ai-power-aifinancial-application-nodejs/log_numstat.out.json.bz2
104430	repo/prmtl/expo-docs/log_numstat.out.json.bz2
104431	repo/SpiceSharp/SpiceSharpParser/log_numstat.out.json.bz2
104435	repo/alexey-lysiuk/boomerang/log_numstat.out.json.bz2
104435	repo/mwakalukwa/luppa/log_numstat.out.json.bz2
104441	repo/DannyTheGhost/z2m_myconf/log_numstat.out.json.bz2
104445	repo/wliu6v/elasticsearch-reference/log_numstat.out.json.bz2
104447	repo/metio/yosql/log_numstat.out.json.bz2
104455	repo/coinkeeper/2015-06-22_18-41_ixcoin/log_numstat.out.json.bz2
104468	repo/RMORIOKA/tensorflow/log_numstat.out.json.bz2
104479	repo/serde-rs/serde/log_numstat.out.json.bz2
104482	repo/freewind-fixes/react-select/log_numstat.out.json.bz2
104496	repo/wikimedia/mediawiki-extensions-ProofreadPage/log_numstat.out.json.bz2
104499	repo/NVIDIA/DALI/log_numstat.out.json.bz2
104500	repo/Vibecehck/Doom/log_numstat.out.json.bz2
104503	repo/ldbc/ldbc_snb_datagen_spark/log_numstat.out.json.bz2
104505	repo/ozWhy/IOsh/log_numstat.out.json.bz2
104507	repo/vasveena/iceberg/log_numstat.out.json.bz2
104512	repo/SAP/InfraBox/log_numstat.out.json.bz2
104518	repo/CISOfy/lynis/log_numstat.out.json.bz2
104522	repo/wellington-rodrigues5991/Save-Energy/log_numstat.out.json.bz2
104523	repo/django-extensions/django-extensions/log_numstat.out.json.bz2
104524	repo/ToxaManAS/solana-labs/log_numstat.out.json.bz2
104527	repo/kindlyops/havengrc/log_numstat.out.json.bz2
104528	repo/algolia/autocomplete/log_numstat.out.json.bz2
104531	repo/ajv-validator/ajv/log_numstat.out.json.bz2
104538	repo/doableware/djongo/log_numstat.out.json.bz2
104539	repo/ioperations/ccls/log_numstat.out.json.bz2
104542	repo/harihpr/tweetclickers/log_numstat.out.json.bz2
104542	repo/lokeshajja/django-packages/log_numstat.out.json.bz2
104546	repo/Agda-zh/PLFA-zh/log_numstat.out.json.bz2
104547	repo/UnofficialJuliaMirror/libuv-libuv/log_numstat.out.json.bz2
104563	repo/nemesislxxi/GCP-Terraform/log_numstat.out.json.bz2
104585	repo/blueman-project/blueman/log_numstat.out.json.bz2
104590	repo/sailfishos-mirror/rust-serde/log_numstat.out.json.bz2
104599	repo/PhilipdeRijk/KD/log_numstat.out.json.bz2
104616	repo/feldroy/django-crash-starter/log_numstat.out.json.bz2
104621	repo/taers232c/GAMADV-XTD3/log_numstat.out.json.bz2
104627	repo/vburlay/rmarkdouwn/log_numstat.out.json.bz2
104637	repo/ps2dev/ps2sdk/log_numstat.out.json.bz2
104639	repo/hpfn/piuparts_3/log_numstat.out.json.bz2
104639	repo/KDE/kdeconnect-android/log_numstat.out.json.bz2
104640	repo/teeaa/Signal-Desktop/log_numstat.out.json.bz2
104641	repo/maixialingyi/rocketmq/log_numstat.out.json.bz2
104653	repo/tetrafolium/libuv/log_numstat.out.json.bz2
104653	repo/trix777/Chris/log_numstat.out.json.bz2
104653	repo/yanpei18345156216/MEEP/log_numstat.out.json.bz2
104655	repo/hanhanzhang/iceberg/log_numstat.out.json.bz2
104656	repo/jose1532/libros/log_numstat.out.json.bz2
104681	repo/akiyks/perfbook/log_numstat.out.json.bz2
104681	repo/paulmckrcu/perfbook/log_numstat.out.json.bz2
104698	repo/WebThingsIO/gateway/log_numstat.out.json.bz2
104701	repo/zackscat/JavaGuide/log_numstat.out.json.bz2
104703	repo/Guicom/search_api_solr_php8/log_numstat.out.json.bz2
104705	repo/SuperblocksHQ/ethereum-studio/log_numstat.out.json.bz2
104711	repo/c1230a/free-programming-books/log_numstat.out.json.bz2
104716	repo/eric-erki/gobot/log_numstat.out.json.bz2
104721	repo/crazydevila/RSSHub/log_numstat.out.json.bz2
104722	repo/shrutikap250/Matching_Engine/log_numstat.out.json.bz2
104722	repo/shrutikap250/MatchingEngine/log_numstat.out.json.bz2
104722	repo/shrutikap250/Shrutikap_MatchingEngine/log_numstat.out.json.bz2
104723	repo/contao/comments-bundle/log_numstat.out.json.bz2
104723	repo/valdur55/terminology/log_numstat.out.json.bz2
104732	repo/hwthomas/xwt/log_numstat.out.json.bz2
104734	repo/CarlFK/veyepar/log_numstat.out.json.bz2
104736	repo/arryyao/AiLearning/log_numstat.out.json.bz2
104736	repo/guokai27/AiLearingAll/log_numstat.out.json.bz2
104736	repo/swe-zzf/-AI-AiLearning/log_numstat.out.json.bz2
104740	repo/mementohaeri/thanos/log_numstat.out.json.bz2
104742	repo/evcc-io/evcc/log_numstat.out.json.bz2
104748	repo/cnw-co/BangleApps/log_numstat.out.json.bz2
104756	repo/dustlang/this-week-in-rust/log_numstat.out.json.bz2
104756	repo/rithgan/paradex-frontend-dex/log_numstat.out.json.bz2
104770	repo/fredldotme/android_external_toybox/log_numstat.out.json.bz2
104774	repo/bytecodealliance/cranelift/log_numstat.out.json.bz2
104774	repo/monounity/karma-typescript/log_numstat.out.json.bz2
104774	repo/Redocly/redoc/log_numstat.out.json.bz2
104777	repo/nxsre/gobot/log_numstat.out.json.bz2
104779	repo/Rubylon/api/log_numstat.out.json.bz2
104797	repo/MattArnold/tuxtrax/log_numstat.out.json.bz2
104797	repo/nothingsuitsmelikeasuit/cs-notes/log_numstat.out.json.bz2
104797	repo/xiaoxing1120/CS-Notes/log_numstat.out.json.bz2
104797	repo/XYY1010/CS-Notes/log_numstat.out.json.bz2
104806	repo/magicbug/Cloudlog/log_numstat.out.json.bz2
104812	repo/AmigoLab/amigolab.github.io/log_numstat.out.json.bz2
104824	repo/ludwigschubi/webql/log_numstat.out.json.bz2
104838	repo/eliskiba0/selected-software.-2018./log_numstat.out.json.bz2
104840	repo/tehnorm/ajv/log_numstat.out.json.bz2
104843	repo/SocialGouv/dashlord-fabrique/log_numstat.out.json.bz2
104858	repo/bitcoin-computer/bitcoin-computer-bitcore/log_numstat.out.json.bz2
104872	repo/lovweiyi/AiLearning/log_numstat.out.json.bz2
104874	repo/iAssureIT/iOGWebsite/log_numstat.out.json.bz2
104875	repo/vuejs-de/de.vuejs.org/log_numstat.out.json.bz2
104877	repo/Venlorz/FFC_projects/log_numstat.out.json.bz2
104880	repo/AmpScm/SharpSvn/log_numstat.out.json.bz2
104885	repo/trazip/calendso/log_numstat.out.json.bz2
104892	repo/fukukami/electrum-exe-stealth/log_numstat.out.json.bz2
104899	repo/vitrivr/cottontaildb/log_numstat.out.json.bz2
104906	repo/ManjuGitHub8201/opensource3/log_numstat.out.json.bz2
104911	repo/taye/interact.js/log_numstat.out.json.bz2
104918	repo/launchlet/launchlet/log_numstat.out.json.bz2
104935	repo/media-centre/makenews/log_numstat.out.json.bz2
104946	repo/mul1sh/civil-subgraph/log_numstat.out.json.bz2
104968	repo/matthewnixonHMRC/streamlined-company-registration-prototype/log_numstat.out.json.bz2
104976	repo/ijacquez/libyaul/log_numstat.out.json.bz2
104979	repo/anminhsu/gerrit/log_numstat.out.json.bz2
104979	repo/nkrokhmal/umalat/log_numstat.out.json.bz2
104988	repo/OBOFoundry/OBOFoundry.github.io/log_numstat.out.json.bz2
105007	repo/HanshaLeng/hedy_new/log_numstat.out.json.bz2
105010	repo/maailbox123/mirror-repo/log_numstat.out.json.bz2
105016	repo/devarasurendra/git-questions/log_numstat.out.json.bz2
105018	repo/anupamkayal/KivyMD-0.104.2/log_numstat.out.json.bz2
105018	repo/lamdh83/MapView/log_numstat.out.json.bz2
105020	repo/SchollCenter/SchollCenter.github.io/log_numstat.out.json.bz2
105027	repo/OpenEnergyDashboard/OED/log_numstat.out.json.bz2
105042	repo/794431662/arduino-esp32/log_numstat.out.json.bz2
105044	repo/vapory-staging/trinity/log_numstat.out.json.bz2
105046	repo/asiekierka/atari800-nds/log_numstat.out.json.bz2
105058	repo/sandrosc/react-router/log_numstat.out.json.bz2
105064	repo/dmiller423/dpdk/log_numstat.out.json.bz2
105067	repo/SavageLearning/Machete/log_numstat.out.json.bz2
105073	repo/rohankumardubey/jadx/log_numstat.out.json.bz2
105073	repo/sevidmusic/roady/log_numstat.out.json.bz2
105076	repo/jtzhpf/AiLearning/log_numstat.out.json.bz2
105076	repo/kevinluolog/testAiImportFrom/log_numstat.out.json.bz2
105076	repo/wyfish/AiLearning/log_numstat.out.json.bz2
105080	repo/neverware-mirrors/libtiff/log_numstat.out.json.bz2
105084	repo/lunar-linux/moonbase-core/log_numstat.out.json.bz2
105088	repo/apachecn/pytorch-doc-zh/log_numstat.out.json.bz2
105089	repo/David05500/testing-bc-theme/log_numstat.out.json.bz2
105094	repo/digital-land/specification/log_numstat.out.json.bz2
105097	repo/LAYTAT/requests/log_numstat.out.json.bz2
105111	repo/clibs/uv/log_numstat.out.json.bz2
105120	repo/PlayBoyFly/zookeeper/log_numstat.out.json.bz2
105122	repo/Denubis/instructor-training-8-sessions-DV-BBS-2020/log_numstat.out.json.bz2
105124	repo/BlockchainCommons/Learning-Bitcoin-from-the-Command-Line/log_numstat.out.json.bz2
105124	repo/westermo/dhcp-isc/log_numstat.out.json.bz2
105132	repo/nexB/aboutcode-example-code/log_numstat.out.json.bz2
105142	repo/topepo/caret/log_numstat.out.json.bz2
105150	repo/fineanmol/Hacktoberfest2022/log_numstat.out.json.bz2
105152	repo/gricey432/unifinal/log_numstat.out.json.bz2
105158	repo/zhu1230/twitter_cache_refactored/log_numstat.out.json.bz2
105161	repo/kongware/scriptum/log_numstat.out.json.bz2
105165	repo/Qiskit/qiskit-metal/log_numstat.out.json.bz2
105173	repo/YB-Joe/ybcho/log_numstat.out.json.bz2
105182	repo/SuryakantKumar/mydjangopackages/log_numstat.out.json.bz2
105183	repo/zctbjy/zctbjy/log_numstat.out.json.bz2
105189	repo/mdn/retired-content/log_numstat.out.json.bz2
105194	repo/ItSNeverLate/linkedin-skill-assessments-quizzes/log_numstat.out.json.bz2
105198	repo/jlbissonette/budgie-desktop/log_numstat.out.json.bz2
105201	repo/maz222/Koji-Bubble-Shooter/log_numstat.out.json.bz2
105206	repo/zazuko/cube-creator/log_numstat.out.json.bz2
105208	repo/jamiejohnsonkc/jamie-johnson.com/log_numstat.out.json.bz2
105211	repo/felipebz/flr/log_numstat.out.json.bz2
105220	repo/bigheiniu/FakeNewsGen/log_numstat.out.json.bz2
105227	repo/c3c1l1a/Koji-image-puzzle-game/log_numstat.out.json.bz2
105242	repo/neurospin/scripts/log_numstat.out.json.bz2
105246	repo/samuelzhz/caffe/log_numstat.out.json.bz2
105249	repo/Hallykola/blocy/log_numstat.out.json.bz2
105251	repo/idiane/zipline/log_numstat.out.json.bz2
105254	repo/stencila/stencila/log_numstat.out.json.bz2
105256	repo/Facepunch/garrysmod/log_numstat.out.json.bz2
105261	repo/Athou/commafeed/log_numstat.out.json.bz2
105267	repo/lnrtu/laravel-admin/log_numstat.out.json.bz2
105268	repo/pbokc/pbokc.github.io/log_numstat.out.json.bz2
105269	repo/kidonng/sushi/log_numstat.out.json.bz2
105274	repo/traefik/yaegi/log_numstat.out.json.bz2
105279	repo/ros2/rviz/log_numstat.out.json.bz2
105288	repo/be-cash/goabc-slp/log_numstat.out.json.bz2
105288	repo/freenet/plugin-WebOfTrust/log_numstat.out.json.bz2
105300	repo/weaveworks-guides/weave-net-legacy/log_numstat.out.json.bz2
105306	repo/CiscoDevNet/terraform-provider-aci/log_numstat.out.json.bz2
105315	repo/Shopify/shipit-engine/log_numstat.out.json.bz2
105316	repo/Taiko2k/TauonMusicBox/log_numstat.out.json.bz2
105317	repo/liuluyang530/libuv-gpt/log_numstat.out.json.bz2
105318	repo/promistrio/albatros_mavlink_for_3.9.2/log_numstat.out.json.bz2
105324	repo/CoSci-LLC/libtiff/log_numstat.out.json.bz2
105327	repo/hanbao233xD/FDPClient-1/log_numstat.out.json.bz2
105330	repo/a-little-fish/dep/log_numstat.out.json.bz2
105330	repo/invesalius/invesalius3/log_numstat.out.json.bz2
105332	repo/cameronchoi/r3det-merged/log_numstat.out.json.bz2
105335	repo/babbangh/test-gh-repo/log_numstat.out.json.bz2
105337	repo/PintaProject/Pinta/log_numstat.out.json.bz2
105340	repo/jerrans/VulkanSamples/log_numstat.out.json.bz2
105349	repo/kotekan/kotekan/log_numstat.out.json.bz2
105353	repo/Kunstmaan/KunstmaanAdminBundle/log_numstat.out.json.bz2
105355	repo/cyberark/conjur/log_numstat.out.json.bz2
105355	repo/MaxTechniche/calendso/log_numstat.out.json.bz2
105365	repo/amhanna86/sf4-security/log_numstat.out.json.bz2
105368	repo/HyperDbg/HyperDbg/log_numstat.out.json.bz2
105375	repo/TencentCloud/tencentcloud-sdk-nodejs/log_numstat.out.json.bz2
105379	repo/bomingzi/mmmm/log_numstat.out.json.bz2
105388	repo/CEN3031-4B/create-react-app-copy/log_numstat.out.json.bz2
105389	repo/angwoontiong/phoenix-ui/log_numstat.out.json.bz2
105389	repo/braidedlogix/Traits_wxPhoenix_py3/log_numstat.out.json.bz2
105393	repo/umesh29k/FLOW-CHART_TOOL/log_numstat.out.json.bz2
105409	repo/gampu/bird-mirror/log_numstat.out.json.bz2
105419	repo/Blocktag/libtiff/log_numstat.out.json.bz2
105425	repo/liuliu/ccv/log_numstat.out.json.bz2
105434	repo/skylian/caffe-action/log_numstat.out.json.bz2
105444	repo/anatol/pacman/log_numstat.out.json.bz2
105444	repo/exheredludis/exheredpat2/log_numstat.out.json.bz2
105444	repo/pombredanne/git.archlinux.org-pacman/log_numstat.out.json.bz2
105457	repo/opensearch-project/opensearch-js/log_numstat.out.json.bz2
105463	repo/bloomberg/chef-bach/log_numstat.out.json.bz2
105465	repo/rohankumardubey/spring-cloud-alibaba/log_numstat.out.json.bz2
105467	repo/Shrmdty/test-1/log_numstat.out.json.bz2
105468	repo/wangjiaming0909/fork_facebook/log_numstat.out.json.bz2
105473	repo/HaxeFlixel/flixel-demos/log_numstat.out.json.bz2
105492	repo/Unity-Technologies/qtbase/log_numstat.out.json.bz2
105493	repo/deepppppppppppppppppppppppppppppppppppp/next-js/log_numstat.out.json.bz2
105493	repo/fritzo/pomagma/log_numstat.out.json.bz2
105499	repo/apcountryman/google-googletest/log_numstat.out.json.bz2
105501	repo/oynil/Invoke-Taskset/log_numstat.out.json.bz2
105513	repo/hpfn-d/piuparts_3/log_numstat.out.json.bz2
105517	repo/NixOS/hydra/log_numstat.out.json.bz2
105517	repo/rohankumardubey/distribution/log_numstat.out.json.bz2
105521	repo/flintproject/Flint/log_numstat.out.json.bz2
105523	repo/weiwang2330/deepchem/log_numstat.out.json.bz2
105545	repo/pombredanne/gitlab.com-ita1024-waf/log_numstat.out.json.bz2
105547	repo/CiTR/djland/log_numstat.out.json.bz2
105549	repo/OmniSharp/omnisharp-vscode/log_numstat.out.json.bz2
105564	repo/aluismoya/EbookFoundation-free-programming-books/log_numstat.out.json.bz2
105564	repo/JHP4911/raspberrypi-documentation/log_numstat.out.json.bz2
105564	repo/mtwebster/gnome-calendar/log_numstat.out.json.bz2
105564	repo/reganmacneal1976/EbookFoundation-free-programming-books/log_numstat.out.json.bz2
105564	repo/sdsubramanian/ebooks/log_numstat.out.json.bz2
105565	repo/InfectionDust/teeworlds-infclassR/log_numstat.out.json.bz2
105570	repo/sooyang/react-context-example/log_numstat.out.json.bz2
105576	repo/anishshanbhag/summernote/log_numstat.out.json.bz2
105586	repo/Asgavar/pacman/log_numstat.out.json.bz2
105593	repo/sunzu94/radareorg-iaito/log_numstat.out.json.bz2
105594	repo/andreyorst/dotfiles/log_numstat.out.json.bz2
105599	repo/trojsten/web/log_numstat.out.json.bz2
105606	repo/KaSt/equikoin/log_numstat.out.json.bz2
105608	repo/rotesoldat/chess/log_numstat.out.json.bz2
105609	repo/gedjon/test/log_numstat.out.json.bz2
105609	repo/parallax/jsPDF/log_numstat.out.json.bz2
105610	repo/anurag925/dapptools/log_numstat.out.json.bz2
105614	repo/bedrocksystems/BRiCk/log_numstat.out.json.bz2
105614	repo/louissong7912/SMP_libbluray/log_numstat.out.json.bz2
105614	repo/Myrninvollo/Almura-Server/log_numstat.out.json.bz2
105626	repo/bufbuild/buf/log_numstat.out.json.bz2
105626	repo/nuigroup/kivy/log_numstat.out.json.bz2
105631	repo/bbyars/mountebank/log_numstat.out.json.bz2
105637	repo/Rot-Front/web3py_5.7.0/log_numstat.out.json.bz2
105651	repo/hail2u/hail2u.net-styles/log_numstat.out.json.bz2
105657	repo/okex/exchain/log_numstat.out.json.bz2
105668	repo/saulthebear/training/log_numstat.out.json.bz2
105670	repo/shoaibrayeen/Programmers-Community/log_numstat.out.json.bz2
105671	repo/panbaoran/GNN/log_numstat.out.json.bz2
105672	repo/garrettgu10/ct-wasm-tools-2/log_numstat.out.json.bz2
105672	repo/testWorkbench-daily/jsPDF/log_numstat.out.json.bz2
105673	repo/exercism/csharp/log_numstat.out.json.bz2
105677	repo/specklesystems/speckle-server/log_numstat.out.json.bz2
105682	repo/12xiaoni/text-label/log_numstat.out.json.bz2
105684	repo/Michael0711/requests/log_numstat.out.json.bz2
105710	repo/pyvista/pyvista/log_numstat.out.json.bz2
105741	repo/iPartha/Ebooks_New/log_numstat.out.json.bz2
105746	repo/vulkano-rs/vk-sys/log_numstat.out.json.bz2
105750	repo/ylatuya/jhbuild/log_numstat.out.json.bz2
105753	repo/softwaremill/bootzooka/log_numstat.out.json.bz2
105772	repo/ninlampur/nini7/log_numstat.out.json.bz2
105775	repo/AYCH-Inc/aych.eth.web3/log_numstat.out.json.bz2
105776	repo/sky997/sky997.github.io/log_numstat.out.json.bz2
105783	repo/jquast/x84/log_numstat.out.json.bz2
105785	repo/gduffy100/redux/log_numstat.out.json.bz2
105789	repo/sailfishos-mirror/rust-syn/log_numstat.out.json.bz2
105798	repo/pyvista/vtk-data/log_numstat.out.json.bz2
105799	repo/art-institute-of-chicago/data-aggregator/log_numstat.out.json.bz2
105799	repo/vicsun/Terraform-flexibleengine/log_numstat.out.json.bz2
105803	repo/mytestbed/collectd-oml/log_numstat.out.json.bz2
105821	repo/OpenRCT2/objects/log_numstat.out.json.bz2
105821	repo/SISVSE/mmdetection/log_numstat.out.json.bz2
105823	repo/cb-d/8lab-react/log_numstat.out.json.bz2
105825	repo/jsxc/jsxc/log_numstat.out.json.bz2
105828	repo/continuul/edgefs-rook/log_numstat.out.json.bz2
105832	repo/physimals/quantiphyse/log_numstat.out.json.bz2
105840	repo/upala-digital-identity/upala/log_numstat.out.json.bz2
105842	repo/seba3567/vendor_dex/log_numstat.out.json.bz2
105842	repo/Seifert69/DikuMUD3/log_numstat.out.json.bz2
105843	repo/amitsaha/learning/log_numstat.out.json.bz2
105851	repo/xbary/arduino-esp32/log_numstat.out.json.bz2
105873	repo/rickyHong/tensorpack-repl/log_numstat.out.json.bz2
105873	repo/tjhance/fork-syn/log_numstat.out.json.bz2
105881	repo/ploxiln/fab-classic/log_numstat.out.json.bz2
105886	repo/joelanman/glitch-test/log_numstat.out.json.bz2
105911	repo/scalapb/ScalaPB/log_numstat.out.json.bz2
105915	repo/grgbr/libuv/log_numstat.out.json.bz2
105916	repo/GerHobbelt/libxml2/log_numstat.out.json.bz2
105924	repo/RKDSOne/scikit-image/log_numstat.out.json.bz2
105931	repo/nonebot/nonebot2/log_numstat.out.json.bz2
105936	repo/makesmatheasy/makesmatheasy/log_numstat.out.json.bz2
105937	repo/Norgate-AV-Solutions-Ltd/pacman/log_numstat.out.json.bz2
105937	repo/ska-sa/katsdpscripts/log_numstat.out.json.bz2
105943	repo/ManageIQ/manageiq.org/log_numstat.out.json.bz2
105950	repo/peteryates/govuk-frontend-colour-test/log_numstat.out.json.bz2
105951	repo/Linhatran/Microsoft-machine-learning/log_numstat.out.json.bz2
105951	repo/minrk/ipython-svn-archive/log_numstat.out.json.bz2
105953	repo/HealthCatalyst/Fabric.Cashmere/log_numstat.out.json.bz2
105955	repo/philhawksworth/hawksworx.com/log_numstat.out.json.bz2
105962	repo/adityasaky/arch-pacman-wavy/log_numstat.out.json.bz2
105962	repo/ticlo/ticlo/log_numstat.out.json.bz2
105962	repo/ts-open/flask-fixme/log_numstat.out.json.bz2
105966	repo/rohankumardubey/libuv/log_numstat.out.json.bz2
105972	repo/E4S-Project/testsuite/log_numstat.out.json.bz2
105972	repo/roman-yatsenko/MarkHub-CodiMD/log_numstat.out.json.bz2
105974	repo/ilrWebServices/ilr/log_numstat.out.json.bz2
105979	repo/happycube/ld-decode/log_numstat.out.json.bz2
105984	repo/Hacker0x01/docs.hackerone.com/log_numstat.out.json.bz2
105990	repo/dim230880/dim230880/log_numstat.out.json.bz2
106002	repo/FFY00/pacman/log_numstat.out.json.bz2
106002	repo/vmware/terraform-provider-avi/log_numstat.out.json.bz2
106007	repo/carlossg/presentations/log_numstat.out.json.bz2
106008	repo/neutron37/NASD_kubespray/log_numstat.out.json.bz2
106008	repo/tensorflow/examples/log_numstat.out.json.bz2
106019	repo/pfodo/clean-grav/log_numstat.out.json.bz2
106022	repo/GauthamSakthiveeran-zz/twitter_Gem/log_numstat.out.json.bz2
106024	repo/g-bohncke/tyk/log_numstat.out.json.bz2
106024	repo/xc-racer99/wlroots/log_numstat.out.json.bz2
106034	repo/farshadfahimi/Adminlte-rtl/log_numstat.out.json.bz2
106034	repo/jtlai0921/redux/log_numstat.out.json.bz2
106034	repo/Pursuer2/libuv-patched/log_numstat.out.json.bz2
106036	repo/camdram/camdram/log_numstat.out.json.bz2
106038	repo/chaos-mesh/chaos-mesh/log_numstat.out.json.bz2
106042	repo/shaoguangming/dep/log_numstat.out.json.bz2
106044	repo/Carlwasinfected/SWE261P_Jackson/log_numstat.out.json.bz2
106047	repo/lovesuni/pi-hole/log_numstat.out.json.bz2
106055	repo/rsksmart/rwallet/log_numstat.out.json.bz2
106070	repo/odyslam/balajis-almanack/log_numstat.out.json.bz2
106071	repo/gameforce/dotfiles/log_numstat.out.json.bz2
106082	repo/shre0106/pi/log_numstat.out.json.bz2
106087	repo/Gaines93/TheAlgorithms/log_numstat.out.json.bz2
106087	repo/Rohandata/Algorithms/log_numstat.out.json.bz2
106088	repo/daviddavo/jgmd/log_numstat.out.json.bz2
106089	repo/bartoszek/pacman/log_numstat.out.json.bz2
106089	repo/falconindy/pacman/log_numstat.out.json.bz2
106089	repo/kahenteikou/toml-makepkg-pacman/log_numstat.out.json.bz2
106089	repo/mrzk/archlinux-pacman-fork/log_numstat.out.json.bz2
106093	repo/wellington-rodrigues5991/smart-grid/log_numstat.out.json.bz2
106096	repo/kakkki/redux-forked/log_numstat.out.json.bz2
106096	repo/ss1124/redexjs/log_numstat.out.json.bz2
106099	repo/MatthewNolan3/THRUST/log_numstat.out.json.bz2
106108	repo/Unity-Technologies/SPIRV-Cross/log_numstat.out.json.bz2
106109	repo/IPS-LMU/emuR/log_numstat.out.json.bz2
106109	repo/juju/cmd/log_numstat.out.json.bz2
106110	repo/id774/scripts/log_numstat.out.json.bz2
106112	repo/pivotal/dep/log_numstat.out.json.bz2
106113	repo/ReactiveX/RxPY/log_numstat.out.json.bz2
106113	repo/simonzg/meter-pov/log_numstat.out.json.bz2
106116	repo/umapathireddy/flux.gaja/log_numstat.out.json.bz2
106122	repo/lzk630/zookeeper/log_numstat.out.json.bz2
106127	repo/TrimbleSolutionsCorporation/VSSonarQubeExtension/log_numstat.out.json.bz2
106139	repo/Sonnysboy/Spigot/log_numstat.out.json.bz2
106145	repo/owenblacker/govuk-prototype-juggling-example/log_numstat.out.json.bz2
106160	repo/DjangoGirls/tutorial/log_numstat.out.json.bz2
106176	repo/oppia/oppia-web-developer-docs/log_numstat.out.json.bz2
106181	repo/84KaliPleXon3/vimium/log_numstat.out.json.bz2
106181	repo/Artoria2e5/pacman/log_numstat.out.json.bz2
106183	repo/renfei/renfeid-ui/log_numstat.out.json.bz2
106183	repo/rozerbagh/ant-design-pro/log_numstat.out.json.bz2
106190	repo/datastax/ruby-driver/log_numstat.out.json.bz2
106197	repo/quartznet/quartznet/log_numstat.out.json.bz2
106207	repo/nnchaitanya/hexagon/log_numstat.out.json.bz2
106215	repo/kubernetes-sigs/gcp-compute-persistent-disk-csi-driver/log_numstat.out.json.bz2
106215	repo/wellington-rodrigues5991/background-parallax/log_numstat.out.json.bz2
106220	repo/KeyboardKit/KeyboardKit/log_numstat.out.json.bz2
106225	repo/ReeceSX/pacman/log_numstat.out.json.bz2
106230	repo/luping49030/https-github.com-TheAlgorithms-Python/log_numstat.out.json.bz2
106233	repo/Honza0297/test/log_numstat.out.json.bz2
106237	repo/linkensphere201/rocksdb-debug/log_numstat.out.json.bz2
106238	repo/helm/helm-www/log_numstat.out.json.bz2
106241	repo/MudeLin/caffe_mpi/log_numstat.out.json.bz2
106245	repo/Al2gether90/rwallet/log_numstat.out.json.bz2
106245	repo/burgossrodrigo/vfat-tools/log_numstat.out.json.bz2
106251	repo/asdf2014/yuzhouwan/log_numstat.out.json.bz2
106259	repo/zgracem/dotconfig/log_numstat.out.json.bz2
106270	repo/CounterpartyXCP/counterparty-lib/log_numstat.out.json.bz2
106271	repo/OpenSprinkler/OpenSprinkler-App/log_numstat.out.json.bz2
106279	repo/iitc-project/ingress-intel-total-conversion/log_numstat.out.json.bz2
106292	repo/SabrinaSimao/Projeto1-MegaDados/log_numstat.out.json.bz2
106292	repo/sdyang1729/nbgrader-to-jupyterlab/log_numstat.out.json.bz2
106295	repo/sailfishos-mirror/freetype2/log_numstat.out.json.bz2
106300	repo/hmrsmart/ant-design-pro/log_numstat.out.json.bz2
106316	repo/bigMing1/programmingbooks/log_numstat.out.json.bz2
106317	repo/coreruleset/coreruleset/log_numstat.out.json.bz2
106317	repo/MilindGaharwar/The-Algorithms-Python/log_numstat.out.json.bz2
106320	repo/nana-4/materia-theme/log_numstat.out.json.bz2
106324	repo/lazyprop/haskell-language-server/log_numstat.out.json.bz2
106325	repo/theteam247/woodcore-migration/log_numstat.out.json.bz2
106334	repo/balderdashy/waterline/log_numstat.out.json.bz2
106336	repo/angrymilk/TVM/log_numstat.out.json.bz2
106337	repo/TakuoIshida/node-gcp-sample/log_numstat.out.json.bz2
106340	repo/golang/dep/log_numstat.out.json.bz2
106340	repo/piaolingzuo/golangdep/log_numstat.out.json.bz2
106346	repo/DeSireFire/animeTrackerList/log_numstat.out.json.bz2
106351	repo/AVSystem/scala-commons/log_numstat.out.json.bz2
106360	repo/sagpant/beast/log_numstat.out.json.bz2
106365	repo/isanthree/AI_Learning/log_numstat.out.json.bz2
106365	repo/zhouyong1234/AiLearning/log_numstat.out.json.bz2
106367	repo/t0nyt93/Axelroddd/log_numstat.out.json.bz2
106372	repo/datafaker-net/datafaker/log_numstat.out.json.bz2
106374	repo/sunaihui/bird/log_numstat.out.json.bz2
106383	repo/alialkhatib/alialkhatib.github.io/log_numstat.out.json.bz2
106383	repo/doc22940/learn.opensource.apps.ios/log_numstat.out.json.bz2
106386	repo/hinetapora/pancake-frontend/log_numstat.out.json.bz2
106389	repo/vapory-staging/py-evm/log_numstat.out.json.bz2
106400	repo/Spreads/Spreads/log_numstat.out.json.bz2
106400	repo/xfce-mirror/parole/log_numstat.out.json.bz2
106408	repo/FWGS/Husky/log_numstat.out.json.bz2
106408	repo/starseeker/stepcode_updates/log_numstat.out.json.bz2
106414	repo/elastic/apm-pipeline-library/log_numstat.out.json.bz2
106422	repo/femostic4j/frontend-swap-interface/log_numstat.out.json.bz2
106429	repo/kaitai-io/kaitai_struct_tests/log_numstat.out.json.bz2
106429	repo/lqjack/page/log_numstat.out.json.bz2
106433	repo/KRAHUL121/adminlit3official/log_numstat.out.json.bz2
106437	repo/pingcap/tidb-binlog/log_numstat.out.json.bz2
106448	repo/ZennyOS/android_vendor_zenny/log_numstat.out.json.bz2
106451	repo/pingcap/dm/log_numstat.out.json.bz2
106456	repo/minereobot1/monero-wallet-gui/log_numstat.out.json.bz2
106463	repo/genjidb/genji/log_numstat.out.json.bz2
106463	repo/lensfun/lensfun/log_numstat.out.json.bz2
106464	repo/novuhq/novu/log_numstat.out.json.bz2
106472	repo/bebrws/hub/log_numstat.out.json.bz2
106473	repo/piximi/annotator/log_numstat.out.json.bz2
106485	repo/jgraham/arewewptyet/log_numstat.out.json.bz2
106487	repo/brailcom/speechd/log_numstat.out.json.bz2
106496	repo/random-aosp-stuff/android_vendor_lineage/log_numstat.out.json.bz2
106499	repo/kennethreitz/bake/log_numstat.out.json.bz2
106512	repo/tiy1807/govuk-prototype-kit-example/log_numstat.out.json.bz2
106514	repo/livepeer/livepeer-com/log_numstat.out.json.bz2
106514	repo/livepeer/livepeer-studio/log_numstat.out.json.bz2
106520	repo/markuplint/markuplint/log_numstat.out.json.bz2
106522	repo/RxQq/mvp/log_numstat.out.json.bz2
106522	repo/TerribleDev/calendso/log_numstat.out.json.bz2
106528	repo/TIGRLab/datman/log_numstat.out.json.bz2
106534	repo/user0210/materia-gtk/log_numstat.out.json.bz2
106537	repo/dtolnay/syn/log_numstat.out.json.bz2
106543	repo/Retrospring/retrospring/log_numstat.out.json.bz2
106550	repo/kukuen/waf/log_numstat.out.json.bz2
106552	repo/nicman23/makepkg-multidistro/log_numstat.out.json.bz2
106552	repo/svn2github/angelscript-svn/log_numstat.out.json.bz2
106552	repo/wonderb0lt/currency-caclulator/log_numstat.out.json.bz2
106557	repo/prashanth-volvocars/gitlab-docs/log_numstat.out.json.bz2
106558	repo/ncnnnnn/ncnn-prtest/log_numstat.out.json.bz2
106558	repo/WeSIG/Delta/log_numstat.out.json.bz2
106562	repo/wmayner/pyphi/log_numstat.out.json.bz2
106569	repo/laukiet78/django-helpdesk1/log_numstat.out.json.bz2
106573	repo/jiajiaow/jiajiao/log_numstat.out.json.bz2
106584	repo/DartVadius/MyPy/log_numstat.out.json.bz2
106590	repo/Tolar-HashNET/web3js/log_numstat.out.json.bz2
106597	repo/zhoumin12/car-react/log_numstat.out.json.bz2
106610	repo/legnaleurc/junkcode/log_numstat.out.json.bz2
106610	repo/liguigui/CyC2018-CS-Notes/log_numstat.out.json.bz2
106610	repo/songsong1215/cyc2018cs/log_numstat.out.json.bz2
106616	repo/KDE/kget/log_numstat.out.json.bz2
106617	repo/Wingge/goagent/log_numstat.out.json.bz2
106624	repo/B07123/vendor_zeus/log_numstat.out.json.bz2
106626	repo/phimmavongsa/adminlte/log_numstat.out.json.bz2
106630	repo/mci/mpatlas/log_numstat.out.json.bz2
106631	repo/SoShineMedia/mentorapp/log_numstat.out.json.bz2
106633	repo/efalloon/Public-Apps/log_numstat.out.json.bz2
106646	repo/sisk/healer/log_numstat.out.json.bz2
106660	repo/mchirico/grpc/log_numstat.out.json.bz2
106666	repo/val-verde/automake/log_numstat.out.json.bz2
106669	repo/jscutlery/semver/log_numstat.out.json.bz2
106681	repo/SamTherapy/Husky/log_numstat.out.json.bz2
106686	repo/Netflix/lemur/log_numstat.out.json.bz2
106686	repo/theMackabu/chromebr3w/log_numstat.out.json.bz2
106696	repo/Fractal-Development/fractal/log_numstat.out.json.bz2
106696	repo/mperreir/Hyblab2021/log_numstat.out.json.bz2
106705	repo/solus-project/budgie-desktop/log_numstat.out.json.bz2
106708	repo/bigdatagenomics/mango/log_numstat.out.json.bz2
106711	repo/rhuijben/cyrus-sasl/log_numstat.out.json.bz2
106712	repo/btclib-org/btclib/log_numstat.out.json.bz2
106716	repo/HenriWahl/Nagstamon/log_numstat.out.json.bz2
106721	repo/publiclab/spectral-workbench/log_numstat.out.json.bz2
106728	repo/pi-hole/FTL/log_numstat.out.json.bz2
106729	repo/cyrusimap/cyrus-sasl/log_numstat.out.json.bz2
106730	repo/kean/Nuke/log_numstat.out.json.bz2
106737	repo/cashapp/misk/log_numstat.out.json.bz2
106739	repo/hylang/hy/log_numstat.out.json.bz2
106740	repo/rshariffdeen/CPR/log_numstat.out.json.bz2
106745	repo/jcryptool/core/log_numstat.out.json.bz2
106754	repo/Existential-Kernel/Existential-Kernel/log_numstat.out.json.bz2
106755	repo/piensa/gnd/log_numstat.out.json.bz2
106759	repo/azsk/DevOpsKit/log_numstat.out.json.bz2
106762	repo/eapframework/eapframework1/log_numstat.out.json.bz2
106763	repo/IBM/FormalML/log_numstat.out.json.bz2
106772	repo/kevinpapst/kimai2/log_numstat.out.json.bz2
106780	repo/Nayan-chereddycmd/Nayan----------car----------crash/log_numstat.out.json.bz2
106781	repo/PYOHYU/PYOHYU.github.io/log_numstat.out.json.bz2
106783	repo/Alsdnworks/alsdnworks.github.io/log_numstat.out.json.bz2
106799	repo/linux-mailinglist-archives/linux-csky.vger.kernel.org.0/log_numstat.out.json.bz2
106801	repo/JetBrains/ForTea/log_numstat.out.json.bz2
106803	repo/cschensai/vite_source_analyse/log_numstat.out.json.bz2
106803	repo/trianglecat/learning/log_numstat.out.json.bz2
106806	repo/sonata-project/SonataMediaBundle/log_numstat.out.json.bz2
106807	repo/runtimeverification/evm-semantics/log_numstat.out.json.bz2
106809	repo/linuxacademy/content-notary/log_numstat.out.json.bz2
106815	repo/SalesforceFoundation/PMM/log_numstat.out.json.bz2
106818	repo/Drarig29/Hyblab2021/log_numstat.out.json.bz2
106820	repo/somebodyLi/connect/log_numstat.out.json.bz2
106826	repo/dioptre/rasdaman/log_numstat.out.json.bz2
106827	repo/galaxyproject/usegalaxy-playbook/log_numstat.out.json.bz2
106829	repo/davaza/cra1_2/log_numstat.out.json.bz2
106854	repo/kangax/compat-table/log_numstat.out.json.bz2
106860	repo/akhilc120/the-algorithms/log_numstat.out.json.bz2
106860	repo/jwkim386/Algorithms-Python/log_numstat.out.json.bz2
106864	repo/meetup/meetup-web-platform/log_numstat.out.json.bz2
106868	repo/pralab/secml/log_numstat.out.json.bz2
106878	repo/mwilliamson/kotlin-shed-b-compiler/log_numstat.out.json.bz2
106888	repo/dracothedragon/signalapp/log_numstat.out.json.bz2
106890	repo/OvercastNetwork/CraftBukkit/log_numstat.out.json.bz2
106892	repo/openstack-infra/system-config/log_numstat.out.json.bz2
106894	repo/loomnetwork/loom-sdk-documentation/log_numstat.out.json.bz2
106895	repo/mess42/pyrate/log_numstat.out.json.bz2
106900	repo/djangocon/2022.djangocon.us/log_numstat.out.json.bz2
106909	repo/beekeeper-studio/beekeeper-studio/log_numstat.out.json.bz2
106915	repo/freeCodeCamp/curriculum/log_numstat.out.json.bz2
106915	repo/ianbautista/summernote-summernote/log_numstat.out.json.bz2
106919	repo/BackupTheBerlios/opendx2/log_numstat.out.json.bz2
106928	repo/opensearch-project/opensearch-ruby/log_numstat.out.json.bz2
106934	repo/MamMark/mm/log_numstat.out.json.bz2
106935	repo/alxiong/dReview/log_numstat.out.json.bz2
106937	repo/GavinSmith0123/automake-amplain/log_numstat.out.json.bz2
106937	repo/yyh5722/d3_1/log_numstat.out.json.bz2
106939	repo/cometkim/gatsby-plugin-typegen/log_numstat.out.json.bz2
106947	repo/anlaneg/dpdk/log_numstat.out.json.bz2
106949	repo/Han153653/CyC2018/log_numstat.out.json.bz2
106949	repo/wlj5240/CS-Notes/log_numstat.out.json.bz2
106953	repo/jmockit/jmockit1/log_numstat.out.json.bz2
106954	repo/funcoeszz/funcoeszz/log_numstat.out.json.bz2
106955	repo/ozgg/sovia.ru/log_numstat.out.json.bz2
106965	repo/distribworks/dkron/log_numstat.out.json.bz2
106968	repo/rustwasm/wasm-bindgen/log_numstat.out.json.bz2
106975	repo/catalyst-team/catalyst/log_numstat.out.json.bz2
106980	repo/rouault/libtiff/log_numstat.out.json.bz2
106988	repo/paulyc/libbluray/log_numstat.out.json.bz2
107004	repo/tavonkelly/CraftBukkit/log_numstat.out.json.bz2
107009	repo/hackmdio/codimd/log_numstat.out.json.bz2
107022	repo/MLZ94/vendor_aosp/log_numstat.out.json.bz2
107033	repo/evrinoma/test/log_numstat.out.json.bz2
107033	repo/sixmen/sixmen.com/log_numstat.out.json.bz2
107038	repo/Ryukicherub/phython/log_numstat.out.json.bz2
107043	repo/cinemapub/bright-response/log_numstat.out.json.bz2
107043	repo/puma/puma/log_numstat.out.json.bz2
107058	repo/staceb/fluentd/log_numstat.out.json.bz2
107067	repo/dementrock/pygame/log_numstat.out.json.bz2
107074	repo/Ivanovic1111/Books/log_numstat.out.json.bz2
107080	repo/Distrotech/bash-completion/log_numstat.out.json.bz2
107094	repo/FerKovalink/Python/log_numstat.out.json.bz2
107099	repo/rchadwic/SandboxTest/log_numstat.out.json.bz2
107103	repo/enthought/mayavi/log_numstat.out.json.bz2
107106	repo/conda-forge/conda-forge-pinning-feedstock/log_numstat.out.json.bz2
107112	repo/Felixfele123/gymapp2/log_numstat.out.json.bz2
107112	repo/robthide37/a3dp-klipperimage/log_numstat.out.json.bz2
107125	repo/fibo/fibo.github.io/log_numstat.out.json.bz2
107129	repo/sieuvong-tiki/astra-wallet/log_numstat.out.json.bz2
107131	repo/mishoo/UglifyJS/log_numstat.out.json.bz2
107143	repo/Smoothieware/Smoothieware/log_numstat.out.json.bz2
107154	repo/fabricioreis86/zsh/log_numstat.out.json.bz2
107166	repo/mosra/magnum-plugins/log_numstat.out.json.bz2
107168	repo/elangoverdosis88/video-js/log_numstat.out.json.bz2
107168	repo/KatharineBeer/lmi-prototype-kit/log_numstat.out.json.bz2
107173	repo/GoogleChrome/workbox/log_numstat.out.json.bz2
107174	repo/acaprojects/ruby-engine-drivers/log_numstat.out.json.bz2
107175	repo/NickScherer/https-github.com-plotly-dash/log_numstat.out.json.bz2
107192	repo/Mortalknight/GW2_UI/log_numstat.out.json.bz2
107195	repo/tratnayake/Clipboard_prototype/log_numstat.out.json.bz2
107204	repo/sbu-fsl/tc-tar/log_numstat.out.json.bz2
107206	repo/kkga/config/log_numstat.out.json.bz2
107215	repo/FriendsOfSymfony/FOSUserBundle/log_numstat.out.json.bz2
107215	repo/sahib/rmlint/log_numstat.out.json.bz2
107217	repo/ly-web/mongoose/log_numstat.out.json.bz2
107225	repo/mozilla/fx-private-relay/log_numstat.out.json.bz2
107226	repo/liuhll/silky/log_numstat.out.json.bz2
107230	repo/tdiary/tdiary-core/log_numstat.out.json.bz2
107232	repo/antoniolalomia/appiOS/log_numstat.out.json.bz2
107239	repo/ctf-wiki/ctf-wiki/log_numstat.out.json.bz2
107239	repo/projectcalico/calicoctl/log_numstat.out.json.bz2
107243	repo/Giveth/giveth-dapp/log_numstat.out.json.bz2
107244	repo/morucci/fedora-zuul-package-demo/log_numstat.out.json.bz2
107245	repo/tomyems/design-system/log_numstat.out.json.bz2
