100004	repo/mendhak/gpslogger/log_numstat.out.json.bz2
100006	repo/billte-engineering/ebill-swp-redoc/log_numstat.out.json.bz2
100006	repo/Nik-09/oppia-wiki/log_numstat.out.json.bz2
100007	repo/WasmEdge/WasmEdge/log_numstat.out.json.bz2
100009	repo/nodenv/node-build/log_numstat.out.json.bz2
100013	repo/lamdor/rubbish-emacs-setup/log_numstat.out.json.bz2
100017	repo/horde/horde-web/log_numstat.out.json.bz2
100020	repo/aniaskudlarska/flask/log_numstat.out.json.bz2
100020	repo/jingpad-bsp/android_external_toybox/log_numstat.out.json.bz2
100024	repo/aws-samples/serverless-patterns/log_numstat.out.json.bz2
100026	repo/dklee98/dklee98.github.io/log_numstat.out.json.bz2
100026	repo/javaTyrant/readZK/log_numstat.out.json.bz2
100026	repo/Js41637/Overwatch-Item-Tracker/log_numstat.out.json.bz2
100026	repo/xbl3/firefox-scrapbook_danny0838/log_numstat.out.json.bz2
100027	repo/cloudfoundry/routing-release/log_numstat.out.json.bz2
100029	repo/EzSylester/Linkedin-Skill-Assessments-Quizze1s/log_numstat.out.json.bz2
100030	repo/dotnet/wcf/log_numstat.out.json.bz2
100036	repo/go-spatial/tegola/log_numstat.out.json.bz2
100047	repo/msy53719/docker-compose/log_numstat.out.json.bz2
100048	repo/ajenti/ajenti/log_numstat.out.json.bz2
100049	repo/android-password-store/Android-Password-Store/log_numstat.out.json.bz2
100054	repo/orjiAce/coinbase-app/log_numstat.out.json.bz2
100055	repo/um-dsrg/s2p/log_numstat.out.json.bz2
100065	repo/tschundler/dotfiles/log_numstat.out.json.bz2
100070	repo/deep050692git/Tensorflow_Lite/log_numstat.out.json.bz2
100081	repo/DharmendraVinay/bootstrap-vue/log_numstat.out.json.bz2
100089	repo/huginn/huginn/log_numstat.out.json.bz2
100089	repo/nlp100/nlp100.github.io/log_numstat.out.json.bz2
100089	repo/opencloset/opencloset/log_numstat.out.json.bz2
100094	repo/atdavidpark/PythonAlgorithms/log_numstat.out.json.bz2
100097	repo/i2p/i2p.i2p-bote/log_numstat.out.json.bz2
100099	repo/manifoldmarkets/manifold/log_numstat.out.json.bz2
100107	repo/askmike/gekko/log_numstat.out.json.bz2
100108	repo/a1994/PYTHON_FIRST/log_numstat.out.json.bz2
100108	repo/code-42/flaskr/log_numstat.out.json.bz2
100108	repo/jiajunhua/pallets-flask/log_numstat.out.json.bz2
100108	repo/parunkumar/Flask/log_numstat.out.json.bz2
100108	repo/sparkpointio/sparkdefi-frontend/log_numstat.out.json.bz2
100111	repo/enrico-dev/enrico/log_numstat.out.json.bz2
100115	repo/wpilibsuite/frc-docs/log_numstat.out.json.bz2
100128	repo/linjunjj/www12/log_numstat.out.json.bz2
100130	repo/mootools/mootools-more/log_numstat.out.json.bz2
100138	repo/phpactor/phpactor/log_numstat.out.json.bz2
100139	repo/dragonnpoulp/sbh-api/log_numstat.out.json.bz2
100142	repo/tzaroon/Invidious-Project/log_numstat.out.json.bz2
100143	repo/tim-group/stackbuilder/log_numstat.out.json.bz2
100148	repo/btccom/btcpool-ABANDONED/log_numstat.out.json.bz2
100148	repo/elastos/btcpool/log_numstat.out.json.bz2
100148	repo/uingei/btcpool-ABANDONED/log_numstat.out.json.bz2
100152	repo/frevson/Qiskit-Terra/log_numstat.out.json.bz2
100165	repo/DataDog/datadog-api-client-python/log_numstat.out.json.bz2
100166	repo/di/ruffruffs/log_numstat.out.json.bz2
100166	repo/joshday/OnlineStats.jl/log_numstat.out.json.bz2
100167	repo/ShiftMediaProject/libcdio/log_numstat.out.json.bz2
100170	repo/kunpeng9/RSSHub2020-10-15/log_numstat.out.json.bz2
100173	repo/grassmunk/Chicago95/log_numstat.out.json.bz2
100181	repo/gelatodigital/gelato-network/log_numstat.out.json.bz2
100216	repo/infracost/infracost/log_numstat.out.json.bz2
100223	repo/Ds767/kitten-game/log_numstat.out.json.bz2
100227	repo/gentoo-mirror/flow/log_numstat.out.json.bz2
100238	repo/timf-app-test/clojure-clr/log_numstat.out.json.bz2
100250	repo/nschloe/meshio/log_numstat.out.json.bz2
100256	repo/Alphadelta14/diffoscope/log_numstat.out.json.bz2
100262	repo/nodeca/nodeca.users/log_numstat.out.json.bz2
100264	repo/mtwebster/mint-libsass/log_numstat.out.json.bz2
100269	repo/twisted/pydoctor/log_numstat.out.json.bz2
100277	repo/gopasspw/gopass/log_numstat.out.json.bz2
100285	repo/mucbuc/cstar-example-opengl/log_numstat.out.json.bz2
100288	repo/etf-sarajevo/zamger/log_numstat.out.json.bz2
100289	repo/refahy/tesseract/log_numstat.out.json.bz2
100292	repo/maminpwng/runc2022/log_numstat.out.json.bz2
100299	repo/demining/btcpool-Google-Colab/log_numstat.out.json.bz2
100299	repo/neo-project/docs/log_numstat.out.json.bz2
100300	repo/anchore/anchore-engine/log_numstat.out.json.bz2
100305	repo/quentin-jaquier-sonarsource/AutoscanForJava-jadx/log_numstat.out.json.bz2
100306	repo/rigidus/rigidus.ru/log_numstat.out.json.bz2
100315	repo/fictional-tribble-2/pallets--flask/log_numstat.out.json.bz2
100315	repo/youyou2014/MyFlask/log_numstat.out.json.bz2
100317	repo/Tonix21a/Blockly/log_numstat.out.json.bz2
100325	repo/saitejareddyjekkireddy/test_1/log_numstat.out.json.bz2
100332	repo/DannyDelott/caffe/log_numstat.out.json.bz2
100334	repo/SimulaVR/wlroots/log_numstat.out.json.bz2
100335	repo/ricklove/rick-love-master/log_numstat.out.json.bz2
100342	repo/yieldprotocol/yield-liquidator-v2/log_numstat.out.json.bz2
100347	repo/jamaljsr/polar/log_numstat.out.json.bz2
100347	repo/monocle-ai/googletest/log_numstat.out.json.bz2
100347	repo/quenginedev/notion-clone/log_numstat.out.json.bz2
100350	repo/qilei123/mmdetection_latest/log_numstat.out.json.bz2
100357	repo/githubtest20141111/zeromq_example/log_numstat.out.json.bz2
100363	repo/goldendict/goldendict/log_numstat.out.json.bz2
100368	repo/ZcashFoundation/zebra/log_numstat.out.json.bz2
100386	repo/GhostGeneral/gekko/log_numstat.out.json.bz2
100388	repo/jjzhang166/civetweb/log_numstat.out.json.bz2
100391	repo/braidedlogix/Apptools_wxPhoenix_py3/log_numstat.out.json.bz2
100402	repo/Simply-Love/Simply-Love-SM5/log_numstat.out.json.bz2
100402	repo/Swavy89/uniswap/log_numstat.out.json.bz2
100402	repo/tpolecat/doobie/log_numstat.out.json.bz2
100406	repo/saregos/saregos.github.io/log_numstat.out.json.bz2
100414	repo/zktuong/dandelion/log_numstat.out.json.bz2
100415	repo/cd4761/ecc-trinity/log_numstat.out.json.bz2
100421	repo/openfaas/faas-cli/log_numstat.out.json.bz2
100434	repo/deadbluekeke/flask/log_numstat.out.json.bz2
100434	repo/Serhey-Oleynik/awaresome-swift/log_numstat.out.json.bz2
100441	repo/icopy-site/awesome-cn/log_numstat.out.json.bz2
100442	repo/molpopgen/fwdpy11/log_numstat.out.json.bz2
100443	repo/opscientia/commons/log_numstat.out.json.bz2
100459	repo/megabyte-labs/semantic-release-gh/log_numstat.out.json.bz2
100461	repo/g2-fornetix/test/log_numstat.out.json.bz2
100461	repo/objectionary/eo/log_numstat.out.json.bz2
100480	repo/fluturecode/coinbase_RN_web3_moralis/log_numstat.out.json.bz2
100489	repo/sailfishos-mirror/xkeyboard-config/log_numstat.out.json.bz2
100490	repo/digitalbangash1/CDIO_Gr10_TfliteOD/log_numstat.out.json.bz2
100495	repo/braveheart12/Zcoin/log_numstat.out.json.bz2
100498	repo/sagpant/googletest/log_numstat.out.json.bz2
100504	repo/beefmcr/wevocalender/log_numstat.out.json.bz2
100509	repo/2363830288/hh-cloud-mes-client-master/log_numstat.out.json.bz2
100511	repo/PokeAPI/pokeapi/log_numstat.out.json.bz2
100525	repo/KomodoPlatform/Documentation/log_numstat.out.json.bz2
100526	repo/millert/majordomo/log_numstat.out.json.bz2
100532	repo/syso-jxx/syso-jxx.github.io/log_numstat.out.json.bz2
100536	repo/maemo-leste-upstream-forks/xkb-data/log_numstat.out.json.bz2
100540	repo/CyberShadow/ae/log_numstat.out.json.bz2
100540	repo/spectrochempy/spectrochempy/log_numstat.out.json.bz2
100545	repo/anderson-mondido/active-merchant-mondido/log_numstat.out.json.bz2
100546	repo/androguard/androguard/log_numstat.out.json.bz2
100557	repo/deepali1232/deepali-data-/log_numstat.out.json.bz2
100557	repo/grafana/cortex-tools/log_numstat.out.json.bz2
100565	repo/jshmrtn/hygeia/log_numstat.out.json.bz2
100566	repo/danny0838/firefox-scrapbook/log_numstat.out.json.bz2
100579	repo/spacetelescope/crds/log_numstat.out.json.bz2
100582	repo/cue0083/kombu/log_numstat.out.json.bz2
100582	repo/jasnow/sample_app_3_1/log_numstat.out.json.bz2
100587	repo/KevAguirre/liteslites/log_numstat.out.json.bz2
100587	repo/KevAguirre/litest/log_numstat.out.json.bz2
100588	repo/OP2/PyOP2/log_numstat.out.json.bz2
100595	repo/tomp11/yolov5_f2/log_numstat.out.json.bz2
100599	repo/svgdotjs/svg.js/log_numstat.out.json.bz2
100600	repo/zerothi/bash-build/log_numstat.out.json.bz2
100604	repo/marionebl/react-router/log_numstat.out.json.bz2
100605	repo/DidierDiaz/open-source-feature-toggle/log_numstat.out.json.bz2
100606	repo/francescmm/GitQlient/log_numstat.out.json.bz2
100608	repo/Ahmed-elsayed-mahmoud/OpenWhisk-new/log_numstat.out.json.bz2
100609	repo/cncf/k8s-conformance/log_numstat.out.json.bz2
100617	repo/mcr/nmh/log_numstat.out.json.bz2
100621	repo/pusp/flutterfire/log_numstat.out.json.bz2
100625	repo/NotRaining/mmdetection/log_numstat.out.json.bz2
100625	repo/robin-rrt/crypto-cares/log_numstat.out.json.bz2
100626	repo/afr114/redux-counters-example/log_numstat.out.json.bz2
100636	repo/python-telegram-bot/python-telegram-bot/log_numstat.out.json.bz2
100639	repo/l29ah/booboo/log_numstat.out.json.bz2
100640	repo/khadas/android_external_catch2/log_numstat.out.json.bz2
100640	repo/TinkerBoard2-Android/external-catch2/log_numstat.out.json.bz2
100640	repo/TinkerBoard-Android/external-catch2/log_numstat.out.json.bz2
100644	repo/rohankumardubey/jib/log_numstat.out.json.bz2
100647	repo/gridgentoo/keda/log_numstat.out.json.bz2
100651	repo/dhis2/dhis2-docs/log_numstat.out.json.bz2
100652	repo/Aaryanpal/Grow-up/log_numstat.out.json.bz2
100656	repo/TerribleDev/cal/log_numstat.out.json.bz2
100659	repo/primer/view_components/log_numstat.out.json.bz2
100660	repo/tetrafolium/brakeman/log_numstat.out.json.bz2
100665	repo/gizlilikrehberi/gizlen.github.io/log_numstat.out.json.bz2
100668	repo/dmacias72/unRAID-NerdPack/log_numstat.out.json.bz2
100676	repo/emotion-js/emotion/log_numstat.out.json.bz2
100678	repo/kedacore/keda/log_numstat.out.json.bz2
100679	repo/octokit/rest.js/log_numstat.out.json.bz2
100683	repo/MicrosoftDocs/mslearn-aspnet-core/log_numstat.out.json.bz2
100684	repo/Space-Network/Space/log_numstat.out.json.bz2
100685	repo/PositronicsLab/Moby/log_numstat.out.json.bz2
100686	repo/rlpy/rlpy/log_numstat.out.json.bz2
100692	repo/smartree/SnapPen/log_numstat.out.json.bz2
100695	repo/Permafrost/Tundra/log_numstat.out.json.bz2
100696	repo/Rupt/interval-evidence/log_numstat.out.json.bz2
100702	repo/RomanVash/react_redux/log_numstat.out.json.bz2
100705	repo/bisect-pt/pango/log_numstat.out.json.bz2
100706	repo/mscoutermarsh/exercism_coveralls/log_numstat.out.json.bz2
100710	repo/mohammadameer/Blaze/log_numstat.out.json.bz2
100712	repo/dart-lang/linter/log_numstat.out.json.bz2
100719	repo/Haus1/android_platform_art/log_numstat.out.json.bz2
100731	repo/openpmix/openpmix/log_numstat.out.json.bz2
100733	repo/zachary0101/googletest/log_numstat.out.json.bz2
100739	repo/jfontan/borgel/log_numstat.out.json.bz2
100740	repo/cleverhans-lab/cleverhans/log_numstat.out.json.bz2
100740	repo/gorphensu/element-ui/log_numstat.out.json.bz2
100741	repo/jerinjacobk/dwa/log_numstat.out.json.bz2
100742	repo/nathury/freebook/log_numstat.out.json.bz2
100742	repo/template-tools/template-sync/log_numstat.out.json.bz2
100749	repo/UN-OCHA/hid-api/log_numstat.out.json.bz2
100759	repo/Cloudblack/Cloudblack.github.io/log_numstat.out.json.bz2
100762	repo/hu4012/flask/log_numstat.out.json.bz2
100767	repo/rdacomp/schismtracker/log_numstat.out.json.bz2
100768	repo/thiemok/Sonoff-Tasmota/log_numstat.out.json.bz2
100775	repo/seichter/vrpn/log_numstat.out.json.bz2
100777	repo/sagemath/sagenb/log_numstat.out.json.bz2
100784	repo/rexolion/searx/log_numstat.out.json.bz2
100784	repo/sephirothwzc/strider/log_numstat.out.json.bz2
100789	repo/lovewinds/sample-dashboard/log_numstat.out.json.bz2
100796	repo/EasonWang01/Node.js-and-React-Notes/log_numstat.out.json.bz2
100797	repo/shimizukawa/freia.jp/log_numstat.out.json.bz2
100798	repo/adecoker/terraform-provider-github/log_numstat.out.json.bz2
100800	repo/dyorx/kube-state-metrics/log_numstat.out.json.bz2
100802	repo/putaindecode/putaindecode.io/log_numstat.out.json.bz2
100806	repo/Circular-Studios/Circular-Studios.github.io/log_numstat.out.json.bz2
100814	repo/dvanic/191109_MonashIT/log_numstat.out.json.bz2
100819	repo/ropensci/taxize/log_numstat.out.json.bz2
100822	repo/sass/libsass-python/log_numstat.out.json.bz2
100829	repo/dustlang/dust-bindgen/log_numstat.out.json.bz2
100837	repo/AudioTK/AudioTK/log_numstat.out.json.bz2
100839	repo/jmwhitfi/cffi/log_numstat.out.json.bz2
100843	repo/personal-mirrors/freetype/log_numstat.out.json.bz2
100852	repo/julia-vscode/julia-vscode/log_numstat.out.json.bz2
100860	repo/johnagl/customchecker/log_numstat.out.json.bz2
100863	repo/chitselb/pettil/log_numstat.out.json.bz2
100863	repo/entrepreneur-interet-general/site-eig/log_numstat.out.json.bz2
100880	repo/Mahdi-Rom/android_art/log_numstat.out.json.bz2
100887	repo/AOSP-S4-KK/platform_art/log_numstat.out.json.bz2
100889	repo/hydgladiator/keepalived/log_numstat.out.json.bz2
100903	repo/theNded/theNded.github.io/log_numstat.out.json.bz2
100909	repo/librosa/librosa/log_numstat.out.json.bz2
100917	repo/vuejs/vuepress/log_numstat.out.json.bz2
100919	repo/splunk/splunk-connect-for-syslog/log_numstat.out.json.bz2
100920	repo/codeceptjs/CodeceptJS/log_numstat.out.json.bz2
100920	repo/eleanors/MooTools/log_numstat.out.json.bz2
100921	repo/KDE/oxygen/log_numstat.out.json.bz2
100924	repo/Strider-CD/strider/log_numstat.out.json.bz2
100931	repo/GeGuNa/openlitespeed/log_numstat.out.json.bz2
100931	repo/styzzz/1111111111/log_numstat.out.json.bz2
100957	repo/djw1149/cougaar-glm/log_numstat.out.json.bz2
100962	repo/vnmakarov/mir/log_numstat.out.json.bz2
100971	repo/xiph/rav1e/log_numstat.out.json.bz2
100975	repo/chinnadhurai/block_rnn/log_numstat.out.json.bz2
100975	repo/MolSSI-Education/2020-software-fellow-posters/log_numstat.out.json.bz2
100975	repo/wmayner/iit-website/log_numstat.out.json.bz2
100998	repo/Pioreactor/pioreactor/log_numstat.out.json.bz2
101000	repo/SolidRun/pkg-weston-imx/log_numstat.out.json.bz2
101008	repo/testbhearsum/balrog/log_numstat.out.json.bz2
101010	repo/a494836960/kitten/log_numstat.out.json.bz2
101034	repo/junethack/Junethack/log_numstat.out.json.bz2
101035	repo/fossar/selfoss/log_numstat.out.json.bz2
101036	repo/grain-lang/grain/log_numstat.out.json.bz2
101043	repo/lit/lit/log_numstat.out.json.bz2
101043	repo/ProofSuite/bottlemint/log_numstat.out.json.bz2
101046	repo/AAQ6291/miguelgrinberg_flask/log_numstat.out.json.bz2
101046	repo/liujinxu0527/test/log_numstat.out.json.bz2
101046	repo/shenqiuchen007/flask/log_numstat.out.json.bz2
101048	repo/tomhanika/conexp-clj/log_numstat.out.json.bz2
101049	repo/Utopians-world/utopians-interface/log_numstat.out.json.bz2
101056	repo/themaverikk/top-guns/log_numstat.out.json.bz2
101074	repo/THUDM/KBRD/log_numstat.out.json.bz2
101081	repo/reserve-protocol/protocol/log_numstat.out.json.bz2
101085	repo/fossabot/test-15/log_numstat.out.json.bz2
101085	repo/snegdha-gupta/Checkout-API/log_numstat.out.json.bz2
101086	repo/Grubbdog/Sunny/log_numstat.out.json.bz2
101086	repo/r-lib/usethis/log_numstat.out.json.bz2
101090	repo/yoshinorin/Nuxa/log_numstat.out.json.bz2
101093	repo/WeBankBlockchain/WeBASE-Front/log_numstat.out.json.bz2
101110	repo/Rosuav/Gypsum/log_numstat.out.json.bz2
101116	repo/MonsterEconomy/Token-list/log_numstat.out.json.bz2
101121	repo/josuemontero/chatwoot/log_numstat.out.json.bz2
101129	repo/AlkalineDevelopment/openpilot56/log_numstat.out.json.bz2
101129	repo/huangyongguo/tesseract/log_numstat.out.json.bz2
101129	repo/libopencm3/libopencm3/log_numstat.out.json.bz2
101134	repo/Jahismighty/waf/log_numstat.out.json.bz2
101141	repo/marick/Midje/log_numstat.out.json.bz2
101146	repo/silverorange/store/log_numstat.out.json.bz2
101151	repo/splunk-terraform/terraform-provider-signalfx/log_numstat.out.json.bz2
101156	repo/centreborelli/s2p/log_numstat.out.json.bz2
101162	repo/chanthientukk9/test_hugo/log_numstat.out.json.bz2
101166	repo/sajuptpm/debian_packaging_example1/log_numstat.out.json.bz2
101168	repo/vladginosyan/First_UI_Dashboard_done/log_numstat.out.json.bz2
101170	repo/craftcms/legacy-docs/log_numstat.out.json.bz2
101174	repo/AYCHKnow/Relate/log_numstat.out.json.bz2
101177	repo/linklab-uva/deepracing_ros/log_numstat.out.json.bz2
101190	repo/matteocrippa/awesome-swift/log_numstat.out.json.bz2
101193	repo/DiegoMagdaleno/libsolv/log_numstat.out.json.bz2
101194	repo/CamusQ/Test/log_numstat.out.json.bz2
101195	repo/pywinauto/pywinauto/log_numstat.out.json.bz2
101199	repo/JdeGuise/arduino_projects/log_numstat.out.json.bz2
101204	repo/valurhrafn/libblueray/log_numstat.out.json.bz2
101211	repo/rolobergmann/react-todo-app/log_numstat.out.json.bz2
101219	repo/SamuelJeon5/SamuelJeon5.github.io/log_numstat.out.json.bz2
101225	repo/firebenderyt123/validator/log_numstat.out.json.bz2
101237	repo/herobd/dsb_caffe/log_numstat.out.json.bz2
101239	repo/Correia-jpv/fucking-awesome-swift/log_numstat.out.json.bz2
101242	repo/shfshanyue/es6-compatibility/log_numstat.out.json.bz2
101252	repo/kencottrus/Snailclimb/log_numstat.out.json.bz2
101253	repo/NCAR/wrf_hydro_nwm_public/log_numstat.out.json.bz2
101257	repo/sabonerune/librosa/log_numstat.out.json.bz2
101267	repo/abhk-io/metal-cloud-init/log_numstat.out.json.bz2
101268	repo/FireJ06/games/log_numstat.out.json.bz2
101279	repo/zoujiegogogo/rocketmq-code-study-demo/log_numstat.out.json.bz2
101281	repo/mackie100/OCClocalizations/log_numstat.out.json.bz2
101300	repo/stemnic/speedcrunch/log_numstat.out.json.bz2
101301	repo/venkatarun95/rust-book-hindi/log_numstat.out.json.bz2
101312	repo/harishkrupo/wstn/log_numstat.out.json.bz2
101312	repo/StackExchange/dnscontrol/log_numstat.out.json.bz2
101314	repo/CvH/path-libb/log_numstat.out.json.bz2
101320	repo/JackWuChengHao/tesseract/log_numstat.out.json.bz2
101333	repo/scikit-hep/awkward/log_numstat.out.json.bz2
101337	repo/zhanlliu/fastai_study/log_numstat.out.json.bz2
101338	repo/COEJKnight/three/log_numstat.out.json.bz2
101348	repo/awecoinofficial/AweCoin-Wallet/log_numstat.out.json.bz2
101354	repo/GaloisInc/cryptol/log_numstat.out.json.bz2
101358	repo/mysensors/MySensors/log_numstat.out.json.bz2
101360	repo/mvali95/onruby/log_numstat.out.json.bz2
101363	repo/KDE/plasma-nm/log_numstat.out.json.bz2
101367	repo/dieggsy/dotfiles/log_numstat.out.json.bz2
101372	repo/TritonDataCenter/illumos-extra/log_numstat.out.json.bz2
101374	repo/nikita31agrawal/petclone/log_numstat.out.json.bz2
101375	repo/agatti/speedcrunch/log_numstat.out.json.bz2
101378	repo/litespeedtech/openlitespeed/log_numstat.out.json.bz2
101385	repo/clara-parabricks/GenomeWorks/log_numstat.out.json.bz2
101393	repo/openSUSE/libsolv/log_numstat.out.json.bz2
101397	repo/10sr/10sr.github.io/log_numstat.out.json.bz2
101401	repo/kevinashworth/Octave/log_numstat.out.json.bz2
101406	repo/natverse/nat/log_numstat.out.json.bz2
101411	repo/susilehtola/erkale/log_numstat.out.json.bz2
101418	repo/Azeez-robot/azeez/log_numstat.out.json.bz2
101419	repo/firewalld/firewalld/log_numstat.out.json.bz2
101424	repo/De-Ash/Ashrep4/log_numstat.out.json.bz2
101428	repo/sailfishos-mirror/libsolv/log_numstat.out.json.bz2
101440	repo/redmondii/wp-theme-react/log_numstat.out.json.bz2
101444	repo/unicorn-engine/unicorn/log_numstat.out.json.bz2
101449	repo/ibus/ibus/log_numstat.out.json.bz2
101451	repo/rvillalba-novetta/react-scripts-dev-homepage/log_numstat.out.json.bz2
101454	repo/duckduckgo/iOS/log_numstat.out.json.bz2
101464	repo/bob-park/bob-park.github.io/log_numstat.out.json.bz2
101478	repo/sakai-mirror/ctools/log_numstat.out.json.bz2
101479	repo/KoffeeCompany/Cappuccino/log_numstat.out.json.bz2
101484	repo/openstack/swift/log_numstat.out.json.bz2
101485	repo/dek8000/blockstack-browser/log_numstat.out.json.bz2
101489	repo/kubesphere/ks-installer/log_numstat.out.json.bz2
101490	repo/rohankumardubey/go-libp2p/log_numstat.out.json.bz2
101492	repo/indigobliss/pixel-art/log_numstat.out.json.bz2
101498	repo/xtuc/webassemblyjs/log_numstat.out.json.bz2
101514	repo/Goodwu/libbluray/log_numstat.out.json.bz2
101518	repo/valhallacoin/vhcd/log_numstat.out.json.bz2
101520	repo/tc39/proposal-temporal/log_numstat.out.json.bz2
101530	repo/danardhan/SeleniumBase/log_numstat.out.json.bz2
101532	repo/shibasis0801/immutable/log_numstat.out.json.bz2
101534	repo/plfa/plfa.github.io/log_numstat.out.json.bz2
101536	repo/codevrepos/nftverification.rn/log_numstat.out.json.bz2
101537	repo/blueboxgroup/ursula/log_numstat.out.json.bz2
101538	repo/GDGAhmedabad/Awesome-Learning-Resources/log_numstat.out.json.bz2
101544	repo/Rustam-Fozilov/fastfood-ordering/log_numstat.out.json.bz2
101557	repo/examknow/Exambot-Source/log_numstat.out.json.bz2
101560	repo/ianmackenzie/elm-geometry/log_numstat.out.json.bz2
101561	repo/PolymathNetwork/polymesh-sdk/log_numstat.out.json.bz2
101562	repo/doc22940/rx.js/log_numstat.out.json.bz2
101566	repo/HazmatDrone/speedcrunch-tui/log_numstat.out.json.bz2
101568	repo/perpdex/perpdex-contract/log_numstat.out.json.bz2
101570	repo/nici200000/WorkOnUnderstrap/log_numstat.out.json.bz2
101580	repo/crssoftware/immutable-js/log_numstat.out.json.bz2
101580	repo/LArSoft/larsim/log_numstat.out.json.bz2
101589	repo/jni/napari-repo-test/log_numstat.out.json.bz2
101596	repo/nette/latte/log_numstat.out.json.bz2
101600	repo/archiloque/blog/log_numstat.out.json.bz2
101609	repo/Clinical-Genomics/cg/log_numstat.out.json.bz2
101609	repo/hivdb/covid-drdb-payload/log_numstat.out.json.bz2
101613	repo/ReactiveDrop/reactivedrop_public_src/log_numstat.out.json.bz2
101614	repo/vueuse/vueuse/log_numstat.out.json.bz2
101616	repo/courage-cyt/Node-bestpractices/log_numstat.out.json.bz2
101619	repo/Chinmayamission/CFF/log_numstat.out.json.bz2
101620	repo/sbt/website/log_numstat.out.json.bz2
101621	repo/usafsam/epicc/log_numstat.out.json.bz2
101630	repo/William-Cao/webpack/log_numstat.out.json.bz2
101633	repo/squid008/zipline/log_numstat.out.json.bz2
101634	repo/cozzyy2002/googletest/log_numstat.out.json.bz2
101635	repo/dudeOFprosper/sonos/log_numstat.out.json.bz2
101636	repo/CitrineInformatics/citrine-python/log_numstat.out.json.bz2
101646	repo/Carbon-Apps/ghTrotro-Transport-Enabler/log_numstat.out.json.bz2
101652	repo/sql-code/sql-code/log_numstat.out.json.bz2
101653	repo/monax/hoard/log_numstat.out.json.bz2
101660	repo/CppMicroServices/CppMicroServices/log_numstat.out.json.bz2
101660	repo/KittenCN/flutter_demo_modify/log_numstat.out.json.bz2
101662	repo/LGWingEmulator/external-googletest/log_numstat.out.json.bz2
101670	repo/ldarren/pico-client/log_numstat.out.json.bz2
101670	repo/madewithkoji/getting-started-template/log_numstat.out.json.bz2
101671	repo/cobiadigital/underscore-jemison/log_numstat.out.json.bz2
101676	repo/rohankumardubey/DALI/log_numstat.out.json.bz2
101680	repo/boazsegev/facil.io/log_numstat.out.json.bz2
101680	repo/octree-gva/huginn-lite/log_numstat.out.json.bz2
101683	repo/Paul-Milburn26/open-pixel-art/log_numstat.out.json.bz2
101688	repo/younjaesung/younjaesung.github.io/log_numstat.out.json.bz2
101691	repo/MartinThoma/LaTeX-examples/log_numstat.out.json.bz2
101694	repo/govau/design-system-site/log_numstat.out.json.bz2
101698	repo/discord/eslint-plugin-react-discord/log_numstat.out.json.bz2
101699	repo/pac85/vulkano-events/log_numstat.out.json.bz2
101716	repo/adriendupuis/ezplatform-ee-docker/log_numstat.out.json.bz2
101719	repo/blinksh/blink/log_numstat.out.json.bz2
101741	repo/gomezcul/Remix/log_numstat.out.json.bz2
101750	repo/coltspy6/fork/log_numstat.out.json.bz2
101750	repo/DiegoCamposSBI/open-pixel-art/log_numstat.out.json.bz2
101750	repo/understrap/understrap/log_numstat.out.json.bz2
101762	repo/Eidenz/kdeconnect-kde/log_numstat.out.json.bz2
101768	repo/seasarorg/mayaa/log_numstat.out.json.bz2
101770	repo/dj-stripe/dj-stripe/log_numstat.out.json.bz2
101774	repo/onPoster/subgraph/log_numstat.out.json.bz2
101775	repo/wikimedia/mediawiki-services-restbase-deploy/log_numstat.out.json.bz2
101782	repo/smerrill/rxvt-unicode/log_numstat.out.json.bz2
101785	repo/Ouranosinc/Magpie/log_numstat.out.json.bz2
101786	repo/tumic0/GPXSee/log_numstat.out.json.bz2
101793	repo/schaary/studipET2012/log_numstat.out.json.bz2
101793	repo/xta0/Python-Playground/log_numstat.out.json.bz2
101797	repo/SwatiSah00/flask_grad/log_numstat.out.json.bz2
101801	repo/xiawu/NewStudio/log_numstat.out.json.bz2
101802	repo/ALei-907/rocketMQ/log_numstat.out.json.bz2
101806	repo/assemblee-virtuelle/semapps/log_numstat.out.json.bz2
101811	repo/programmerjake/libre-soc-wiki/log_numstat.out.json.bz2
101814	repo/lambdabot/lambdabot/log_numstat.out.json.bz2
101818	repo/rabbit-shocker/rabbit/log_numstat.out.json.bz2
101820	repo/MrOportus/open-pixel-art/log_numstat.out.json.bz2
101825	repo/openSUSE/software-o-o/log_numstat.out.json.bz2
101826	repo/jeffw387/glslang/log_numstat.out.json.bz2
101829	repo/IsiSailor/open-pixel-art/log_numstat.out.json.bz2
101829	repo/IVDBrown/open-pixel-art/log_numstat.out.json.bz2
101829	repo/Ktphr/open-pixel-art/log_numstat.out.json.bz2
101829	repo/Ktphr/open_pixel_art/log_numstat.out.json.bz2
101829	repo/Megado1/open-pixel-art/log_numstat.out.json.bz2
101829	repo/shyPoop-er/Open-pixel-art/log_numstat.out.json.bz2
101843	repo/kartik4u2002/open-pixcel-art/log_numstat.out.json.bz2
101843	repo/nathanyan1697/nathanyan1697/log_numstat.out.json.bz2
101843	repo/Pou-ka/open-pixel-art/log_numstat.out.json.bz2
101843	repo/Th3Woo/open-pixel-art/log_numstat.out.json.bz2
101879	repo/schismtracker/schismtracker/log_numstat.out.json.bz2
101888	repo/EmurgoHK/jikance/log_numstat.out.json.bz2
101897	repo/one909/l/log_numstat.out.json.bz2
101900	repo/PerlDancer/Dancer2/log_numstat.out.json.bz2
101902	repo/GitMume/GitMume.github.io/log_numstat.out.json.bz2
101907	repo/quickwit-oss/tantivy/log_numstat.out.json.bz2
101910	repo/cf-testorg/eclipse-collections-test/log_numstat.out.json.bz2
101919	repo/dustlang/chalk/log_numstat.out.json.bz2
101921	repo/freesteph/PiTiVi/log_numstat.out.json.bz2
101933	repo/MiniZinc/MiniSearch/log_numstat.out.json.bz2
101934	repo/opendialogai/core/log_numstat.out.json.bz2
101934	repo/SwatiSah00/flask_2/log_numstat.out.json.bz2
101938	repo/sglyon/pygments/log_numstat.out.json.bz2
101941	repo/firecore/libbluray/log_numstat.out.json.bz2
101941	repo/neuronsimulator/nrn/log_numstat.out.json.bz2
101946	repo/grabbles/grabbit/log_numstat.out.json.bz2
101947	repo/lachlanjc/noodles/log_numstat.out.json.bz2
101958	repo/Tsogbe/WordPress-Theme/log_numstat.out.json.bz2
101967	repo/unofficial-inteno-public-mirror/libuv/log_numstat.out.json.bz2
101970	repo/372046933/serving2/log_numstat.out.json.bz2
101970	repo/Qksidmx/TensorFlow-serving-FT/log_numstat.out.json.bz2
101972	repo/Anson529/crater_detection/log_numstat.out.json.bz2
101976	repo/tm31005/Test/log_numstat.out.json.bz2
101980	repo/lightbend/kalix-jvm-sdk/log_numstat.out.json.bz2
101984	repo/pokt-foundation/portal/log_numstat.out.json.bz2
101985	repo/gropox/boltalka-admin/log_numstat.out.json.bz2
101988	repo/Sylvezar/FDPClient/log_numstat.out.json.bz2
101989	repo/immutable-js/immutable-js/log_numstat.out.json.bz2
101991	repo/mithril-security/serde-xargo-sgx/log_numstat.out.json.bz2
101993	repo/LCM1999/superset-ui-customize/log_numstat.out.json.bz2
101993	repo/SocialScienceWithOnlineData/nbgrader/log_numstat.out.json.bz2
101995	repo/openconnect/openconnect/log_numstat.out.json.bz2
102000	repo/de-vri-es/pacman/log_numstat.out.json.bz2
102000	repo/xyproto/pacman/log_numstat.out.json.bz2
102001	repo/ecsd-matthew-song/tflint-ruleset-base-custom/log_numstat.out.json.bz2
102013	repo/angular-fullstack/generator-angular-fullstack/log_numstat.out.json.bz2
102019	repo/robert-impey/CodingExperiments/log_numstat.out.json.bz2
102022	repo/abdelrhman204/test/log_numstat.out.json.bz2
102022	repo/graphql/graphiql/log_numstat.out.json.bz2
102025	repo/theochem/horton/log_numstat.out.json.bz2
102035	repo/arefosco/twillio/log_numstat.out.json.bz2
102035	repo/chaganscode/open-pixel-art/log_numstat.out.json.bz2
102035	repo/chriskolb00/Open-Pixel-Art/log_numstat.out.json.bz2
102035	repo/epurkey/open-pixel-art/log_numstat.out.json.bz2
102035	repo/GiovanniOrnelas/pixel_art/log_numstat.out.json.bz2
102035	repo/Kabel98/open-pixel-art/log_numstat.out.json.bz2
102035	repo/lokiisawsoM1/open-pixel-art/log_numstat.out.json.bz2
102035	repo/luckyeevee/open-pixel-art/log_numstat.out.json.bz2
102035	repo/Qreus/Open-Pixel-Art/log_numstat.out.json.bz2
102043	repo/toontownretro/pandatool/log_numstat.out.json.bz2
102045	repo/DataScienceResearchPeru/covid-19_latinoamerica/log_numstat.out.json.bz2
102048	repo/dedupeio/dedupe/log_numstat.out.json.bz2
102049	repo/atanmarko/ncnn-with-cuda/log_numstat.out.json.bz2
102054	repo/mavlink/mavros/log_numstat.out.json.bz2
102055	repo/i-amelia/test/log_numstat.out.json.bz2
102057	repo/zackkrida/fauxpenverse-api/log_numstat.out.json.bz2
102058	repo/killerprojecte/XinBaiClient/log_numstat.out.json.bz2
102067	repo/AYCHKnow/Instructor/log_numstat.out.json.bz2
102067	repo/rancher/partner-charts/log_numstat.out.json.bz2
102073	repo/rexbenny/jsPdf/log_numstat.out.json.bz2
102076	repo/giantswarm/docs/log_numstat.out.json.bz2
102087	repo/nucleic/enaml/log_numstat.out.json.bz2
102091	repo/Fazwalrus/test_dummy_repo/log_numstat.out.json.bz2
102112	repo/LexPredict/lexpredict-contraxsuite/log_numstat.out.json.bz2
102114	repo/minouei-kl/mmhtc/log_numstat.out.json.bz2
102116	repo/twilio-labs/open-pixel-art/log_numstat.out.json.bz2
102123	repo/helight/helight_code/log_numstat.out.json.bz2
102128	repo/sachingithubid/voice-webapp/log_numstat.out.json.bz2
102131	repo/jghaanstra/android.ipwebcam/log_numstat.out.json.bz2
102132	repo/pvskrishna/images-icons-svg-/log_numstat.out.json.bz2
102147	repo/ezamlinsky/pacman/log_numstat.out.json.bz2
102152	repo/academomancer/RPi/log_numstat.out.json.bz2
102152	repo/CptSmoker/open-pixel-art/log_numstat.out.json.bz2
102162	repo/MyPrototypeWhat/redux-Annotations/log_numstat.out.json.bz2
102163	repo/clojure/clojure-clr/log_numstat.out.json.bz2
102176	repo/ErdemOzgen/Go-Learning-Archive/log_numstat.out.json.bz2
102178	repo/BartVandewoestyne/Cpp/log_numstat.out.json.bz2
102196	repo/SimonRaaber/EndlessRunner/log_numstat.out.json.bz2
102198	repo/fluffywaffles/2019-322-compilers/log_numstat.out.json.bz2
102201	repo/KDE/kig/log_numstat.out.json.bz2
102212	repo/corgiTrax/stable-baselines3/log_numstat.out.json.bz2
102213	repo/anup-web/react-select-/log_numstat.out.json.bz2
102220	repo/user00000001/Tesra/log_numstat.out.json.bz2
102229	repo/sergiomb2/mjpegtools_fromsvn/log_numstat.out.json.bz2
102230	repo/hasadna/anyway/log_numstat.out.json.bz2
102230	repo/smondet/smondet.github.com/log_numstat.out.json.bz2
102232	repo/idesousasynergyes/open-pixel-art/log_numstat.out.json.bz2
102235	repo/atata-framework/atata/log_numstat.out.json.bz2
102238	repo/eric-erki/awesome-vue/log_numstat.out.json.bz2
102238	repo/sergeyz-zh/awesome-vue/log_numstat.out.json.bz2
102250	repo/luckidea/mipt-mips/log_numstat.out.json.bz2
102252	repo/yast/yast-packager/log_numstat.out.json.bz2
102254	repo/nicewsyly/GitHubTest-boosting-xgboost/log_numstat.out.json.bz2
102259	repo/em-mubashir/brand-frontend/log_numstat.out.json.bz2
102259	repo/urazaev/ecommerce_storefront/log_numstat.out.json.bz2
102260	repo/creatorkuang/mui-react/log_numstat.out.json.bz2
102264	repo/blackrangersoftware/brs-qrl/log_numstat.out.json.bz2
102270	repo/DarLiner/awesome-algorithm/log_numstat.out.json.bz2
102279	repo/niehooh/fork/log_numstat.out.json.bz2
102280	repo/mphurley/PiHole/log_numstat.out.json.bz2
102282	repo/bacnam/voyager/log_numstat.out.json.bz2
102282	repo/gnunn1/tilix/log_numstat.out.json.bz2
102282	repo/sty16/cell_detection/log_numstat.out.json.bz2
102291	repo/karlscholz/crazyflie-firmware/log_numstat.out.json.bz2
102299	repo/nalimhahs/example-storefront/log_numstat.out.json.bz2
102302	repo/mohitdhingra01/aws-ebs-controller/log_numstat.out.json.bz2
102308	repo/nightwatchjs/nightwatch/log_numstat.out.json.bz2
102312	repo/zcomputerwiz/silicoin-blockchain-gui/log_numstat.out.json.bz2
102317	repo/LQDFinance/FLASK/log_numstat.out.json.bz2
102319	repo/emweb/jwt/log_numstat.out.json.bz2
102322	repo/treehow/url3/log_numstat.out.json.bz2
102328	repo/DNAProject/DNA/log_numstat.out.json.bz2
102329	repo/Project-Fluid-Testing/vendor_fluid/log_numstat.out.json.bz2
102330	repo/KDE/kdeconnect-kde/log_numstat.out.json.bz2
102342	repo/materialsproject/emmet/log_numstat.out.json.bz2
102346	repo/HenryChenV/hello-zookeeper/log_numstat.out.json.bz2
102346	repo/heroku/terraform-provider-heroku/log_numstat.out.json.bz2
102349	repo/severoraz/bug-pacman-FS59201/log_numstat.out.json.bz2
102352	repo/Niava/BigcommerceSample/log_numstat.out.json.bz2
102360	repo/CCExtractor/ccextractor/log_numstat.out.json.bz2
102361	repo/terraform-linters/tflint/log_numstat.out.json.bz2
102367	repo/naclander/pacman/log_numstat.out.json.bz2
102367	repo/tbodt/pacman/log_numstat.out.json.bz2
102376	repo/ProSuite/ProSuite/log_numstat.out.json.bz2
102380	repo/harindr404/85/log_numstat.out.json.bz2
102381	repo/SPI/website/log_numstat.out.json.bz2
102382	repo/PlayLink2017/pih/log_numstat.out.json.bz2
102385	repo/fastai/fastai_old/log_numstat.out.json.bz2
102388	repo/campbellbrierley/Fabric/log_numstat.out.json.bz2
102389	repo/jymfony/jymfony/log_numstat.out.json.bz2
102395	repo/FreeCodeCampChina/curriculum-cn/log_numstat.out.json.bz2
102399	repo/predix-analytics/analytics-python-buildpack-ppc-online/log_numstat.out.json.bz2
102403	repo/ktavadze/cornerstone/log_numstat.out.json.bz2
102405	repo/openspending/spendb/log_numstat.out.json.bz2
102408	repo/dontreplymuni/uvs-RXJS/log_numstat.out.json.bz2
102410	repo/denyslazarenko/profini/log_numstat.out.json.bz2
102417	repo/OWASP/samm/log_numstat.out.json.bz2
102417	repo/survivejs-translations/webpack-book-fr/log_numstat.out.json.bz2
102420	repo/endlessm/freedesktop-sdk/log_numstat.out.json.bz2
102421	repo/blab/ncov-19B/log_numstat.out.json.bz2
102426	repo/MenkeTechnologies/zpwrp10k/log_numstat.out.json.bz2
102428	repo/scalikejdbc/scalikejdbc/log_numstat.out.json.bz2
102429	repo/srilives/reactioncommerce-example-storefront/log_numstat.out.json.bz2
102430	repo/freedesktop/xkeyboard-config/log_numstat.out.json.bz2
102452	repo/visjs/vis-data/log_numstat.out.json.bz2
102459	repo/ncss-tech/aqp/log_numstat.out.json.bz2
102460	repo/voc/streaming-website/log_numstat.out.json.bz2
102462	repo/memedadexiaobai/zookeeper/log_numstat.out.json.bz2
102470	repo/jonesnxt/gem-match/log_numstat.out.json.bz2
102470	repo/OasisDEX/oasis-borrow/log_numstat.out.json.bz2
102471	repo/mileskai/create-react-app-study/log_numstat.out.json.bz2
102475	repo/openziti-test-kitchen/helm-charts/log_numstat.out.json.bz2
102483	repo/cultureamp/kaizen-design-system/log_numstat.out.json.bz2
102514	repo/tk-masuda/AndroidTrainingClone/log_numstat.out.json.bz2
102515	repo/jmxugit/antd-pro/log_numstat.out.json.bz2
102525	repo/huahuafazai/googletest/log_numstat.out.json.bz2
102534	repo/tasneemkoushar/test-final/log_numstat.out.json.bz2
102540	repo/ForstaLabs/librelay-node/log_numstat.out.json.bz2
102541	repo/midaat/parsoid-midaat/log_numstat.out.json.bz2
102565	repo/jmagman/flutter-wiki/log_numstat.out.json.bz2
102566	repo/LiMinggang/madedit-mod/log_numstat.out.json.bz2
102569	repo/mapcollab/czmq/log_numstat.out.json.bz2
102574	repo/elementary/appcenter/log_numstat.out.json.bz2
102583	repo/XenonTheInertG/Vanced-Manager/log_numstat.out.json.bz2
102594	repo/amplication/site/log_numstat.out.json.bz2
102600	repo/val-verde/pango/log_numstat.out.json.bz2
102602	repo/Shahila1990/JavaScript/log_numstat.out.json.bz2
102606	repo/weltond/DataStructure/log_numstat.out.json.bz2
102608	repo/munderseth/mypytest/log_numstat.out.json.bz2
102615	repo/overtone/overtone/log_numstat.out.json.bz2
102624	repo/maz222/Koji-Picross-Level-Editor/log_numstat.out.json.bz2
102627	repo/MuhdSyafiq97/SamadScript/log_numstat.out.json.bz2
102632	repo/hustwei/requests/log_numstat.out.json.bz2
102641	repo/assetgraph/assetgraph-builder/log_numstat.out.json.bz2
102642	repo/RIFTIO/gobject-introspection/log_numstat.out.json.bz2
102643	repo/Gumplefik/redux-read/log_numstat.out.json.bz2
102644	repo/simonpoole/beautified-JOSM-preset/log_numstat.out.json.bz2
102646	repo/michalgr/platform_external_toybox/log_numstat.out.json.bz2
102653	repo/yue/yue/log_numstat.out.json.bz2
102656	repo/avalonmediasystem/avalon/log_numstat.out.json.bz2
102664	repo/pykeen/pykeen/log_numstat.out.json.bz2
102668	repo/CONVIEUFO/convieufo.github.io/log_numstat.out.json.bz2
102680	repo/compiler-explorer/infra/log_numstat.out.json.bz2
102681	repo/goldbergyoni/nodebestpractices/log_numstat.out.json.bz2
102686	repo/lgritz/libtiff/log_numstat.out.json.bz2
102696	repo/Nid989/Pytorch/log_numstat.out.json.bz2
102698	repo/elgsaid/awesome-ios-lib/log_numstat.out.json.bz2
102705	repo/swiftmailer/swiftmailer/log_numstat.out.json.bz2
102707	repo/convieufp/convieufo.github.io/log_numstat.out.json.bz2
102718	repo/XaySouvannalath/blog-template/log_numstat.out.json.bz2
102721	repo/maman/react-router-legacy/log_numstat.out.json.bz2
102723	repo/tomasvivanco-dev/buscador2/log_numstat.out.json.bz2
102723	repo/tomasvivanco-dev/buscador/log_numstat.out.json.bz2
102728	repo/Lopezcartoons/overtone-copy/log_numstat.out.json.bz2
102746	repo/wangcheng181/Rebar-3/log_numstat.out.json.bz2
102749	repo/gentoo-mirror/mate-de-gentoo/log_numstat.out.json.bz2
102750	repo/creeshla/ruby-twitter/log_numstat.out.json.bz2
102754	repo/onilabs/stratifiedjs/log_numstat.out.json.bz2
102758	repo/AugurProject/augur-node/log_numstat.out.json.bz2
102760	repo/Vincit/objection.js/log_numstat.out.json.bz2
102764	repo/ethereum/fe/log_numstat.out.json.bz2
102771	repo/MariaDB/mariadb.org-tools/log_numstat.out.json.bz2
102777	repo/JackDanger/dotfiles/log_numstat.out.json.bz2
102782	repo/Danishkhan7864/Trigger/log_numstat.out.json.bz2
102791	repo/loomnetwork/loomchain/log_numstat.out.json.bz2
102792	repo/PyCQA/isort/log_numstat.out.json.bz2
102815	repo/allegro/hermes/log_numstat.out.json.bz2
102815	repo/checkstyle/eclipse-cs/log_numstat.out.json.bz2
102821	repo/Scalr/sphinx/log_numstat.out.json.bz2
102838	repo/lanluo9/inter/log_numstat.out.json.bz2
102841	repo/tryton/tryton/log_numstat.out.json.bz2
102845	repo/sapegin/dotfiles/log_numstat.out.json.bz2
102846	repo/rickycreative/iOS-Awesome/log_numstat.out.json.bz2
102849	repo/folio-org/okapi/log_numstat.out.json.bz2
102855	repo/kadena-io/pact/log_numstat.out.json.bz2
102861	repo/gnembon/fabric-carpet/log_numstat.out.json.bz2
102863	repo/marcartola/sharpy_submodule/log_numstat.out.json.bz2
102867	repo/SpectralSequences/sseq/log_numstat.out.json.bz2
102871	repo/predix-analytics/analytics-python-buildpack-ppc/log_numstat.out.json.bz2
102891	repo/nf-core/nf-co.re/log_numstat.out.json.bz2
102903	repo/rgruesbeck/spaceinvadersiosfixes/log_numstat.out.json.bz2
102905	repo/Intel-Media-SDK/MediaSDK/log_numstat.out.json.bz2
102905	repo/reactioncommerce/example-storefront/log_numstat.out.json.bz2
102906	repo/bundlewrap/bundlewrap/log_numstat.out.json.bz2
102913	repo/ocaml/ocaml.org/log_numstat.out.json.bz2
102915	repo/deployphp/deployer/log_numstat.out.json.bz2
102916	repo/threema-ch/threema-web/log_numstat.out.json.bz2
102925	repo/ChainGreenOrg/chaingreen-blockchain-gui/log_numstat.out.json.bz2
102932	repo/markof94/Asteroid-Game/log_numstat.out.json.bz2
102932	repo/MeriemHaddi/PepinierePI/log_numstat.out.json.bz2
102936	repo/zzp15222522401/seatunnel_dev/log_numstat.out.json.bz2
102946	repo/PhanuLab/Carpentries-InstructorTraining/log_numstat.out.json.bz2
102956	repo/mirego/trikot/log_numstat.out.json.bz2
102973	repo/Lupin-CNC/cbang/log_numstat.out.json.bz2
102977	repo/hiddenSymmetries/simsopt/log_numstat.out.json.bz2
102994	repo/alexkappa/terraform-provider-auth0/log_numstat.out.json.bz2
103002	repo/pkrishn6/requests-lib/log_numstat.out.json.bz2
103009	repo/ReScience/MLRC/log_numstat.out.json.bz2
103014	repo/robertchan501/angular-ui-grid/log_numstat.out.json.bz2
103022	repo/LavresJ/HamTFLitePoseEstimation/log_numstat.out.json.bz2
103023	repo/spo0ds/Journey-to-become-a-Blockchain-Engineer/log_numstat.out.json.bz2
103035	repo/sgrodzicki/sencha-touch/log_numstat.out.json.bz2
103035	repo/TeamFahQ/OpenRGB/log_numstat.out.json.bz2
103044	repo/JokeCiCi/google.golang.org_grpc/log_numstat.out.json.bz2
103050	repo/thinkingc/ant-design-pro/log_numstat.out.json.bz2
103052	repo/bitpiedotcom/bitpiedotcom.github.com/log_numstat.out.json.bz2
103056	repo/ego-lay-atman-bay/beetleblocks/log_numstat.out.json.bz2
103067	repo/zazzzf/process-map/log_numstat.out.json.bz2
103070	repo/gravitl/netmaker/log_numstat.out.json.bz2
103076	repo/Group-One-Technology/powerbase-core/log_numstat.out.json.bz2
103081	repo/johnxba/lynis1/log_numstat.out.json.bz2
103085	repo/hholzgra/glob-period/log_numstat.out.json.bz2
103087	repo/vivieryuan/libuv/log_numstat.out.json.bz2
103088	repo/sailfishos-mirror/nss/log_numstat.out.json.bz2
103092	repo/MoOx/phenomic/log_numstat.out.json.bz2
103092	repo/opennetsys/c3-sdk-go-example-oracle/log_numstat.out.json.bz2
103096	repo/gitpod-io/website/log_numstat.out.json.bz2
103097	repo/friguzzi/trill-on-swish/log_numstat.out.json.bz2
103099	repo/bambamdeo/mongoose/log_numstat.out.json.bz2
103101	repo/rrrene/credo/log_numstat.out.json.bz2
103104	repo/madewithkoji/koji-p5-scaffold/log_numstat.out.json.bz2
103105	repo/dvreeze/yaidom/log_numstat.out.json.bz2
103110	repo/zcomputerwiz/gold-blockchain-gui/log_numstat.out.json.bz2
103112	repo/pgjdbc/pgjdbc/log_numstat.out.json.bz2
103116	repo/ranneen/tornadoweb/log_numstat.out.json.bz2
103123	repo/kkcchh9999/kkcchh9999.github.io/log_numstat.out.json.bz2
103126	repo/sorinasandu/Debian_Netcfg/log_numstat.out.json.bz2
103129	repo/cdoky/flutter_wiki/log_numstat.out.json.bz2
103136	repo/mth/yeti/log_numstat.out.json.bz2
103142	repo/GNOME/pango/log_numstat.out.json.bz2
103147	repo/tarikulnayem94/LinkedIn-Skills-Assessments-Quizes/log_numstat.out.json.bz2
103147	repo/tarikulnayem94/LinkedIn-Skills-Assessments-Quizzes/log_numstat.out.json.bz2
103148	repo/helix-editor/helix/log_numstat.out.json.bz2
103151	repo/martinphellwig/brython_wf/log_numstat.out.json.bz2
103165	repo/RouzanXploitSec47/powerlevel10k/log_numstat.out.json.bz2
103169	repo/jjhpeopl/JDChubaoFS/log_numstat.out.json.bz2
103172	repo/nwpushuai/python-setuptools/log_numstat.out.json.bz2
103173	repo/eli-schwartz/pacman/log_numstat.out.json.bz2
103182	repo/ashmpace/question-mtl/log_numstat.out.json.bz2
103185	repo/osrf/gazebo_tutorials/log_numstat.out.json.bz2
103188	repo/goldcoin-gl/gold-blockchain-gui/log_numstat.out.json.bz2
103188	repo/mitbtcclub/mitbtcexpo/log_numstat.out.json.bz2
103190	repo/HackYourFuture-CPH/JavaScript/log_numstat.out.json.bz2
103193	repo/flask-admin/flask-admin/log_numstat.out.json.bz2
103195	repo/cincheo/jsweet/log_numstat.out.json.bz2
103196	repo/missdeer/blog/log_numstat.out.json.bz2
103199	repo/rohankumardubey/tauri/log_numstat.out.json.bz2
103204	repo/jlongtine/dagger-old/log_numstat.out.json.bz2
103209	repo/cYouGH/FreeBooks/log_numstat.out.json.bz2
103216	repo/pimox/mirror_acme.sh/log_numstat.out.json.bz2
103217	repo/MIPT-ILab/mipt-mips/log_numstat.out.json.bz2
103221	repo/dandi/dandi-archive/log_numstat.out.json.bz2
103237	repo/hjmallon/libtiff/log_numstat.out.json.bz2
103250	repo/xfce-mirror/mousepad/log_numstat.out.json.bz2
103259	repo/ricknightcrypto/defi-nights-sushi/log_numstat.out.json.bz2
103260	repo/crossplane/crossplane/log_numstat.out.json.bz2
103262	repo/JohnVict0r/start-tm-webapp/log_numstat.out.json.bz2
103272	repo/511701863/vue3-test/log_numstat.out.json.bz2
103275	repo/marcbrs/test/log_numstat.out.json.bz2
103280	repo/scummvm/scummvm-tools/log_numstat.out.json.bz2
103283	repo/CommanderG6/libsndfile/log_numstat.out.json.bz2
103283	repo/lbryio/spee.ch/log_numstat.out.json.bz2
103290	repo/qSharpy/merge-3-repos-into-1/log_numstat.out.json.bz2
103290	repo/TheRenegadeCoder/sample-programs-website/log_numstat.out.json.bz2
103306	repo/eliot-exdev/boost-beast/log_numstat.out.json.bz2
103313	repo/jamestrimble/dissertation-on-treedepth/log_numstat.out.json.bz2
103313	repo/manewman/rembo10-headphones/log_numstat.out.json.bz2
103322	repo/das7pad/hangoutsbot/log_numstat.out.json.bz2
103322	repo/scottoss/pihole2/log_numstat.out.json.bz2
103325	repo/appneta/tcpreplay/log_numstat.out.json.bz2
103326	repo/mpi4py/mpi4py/log_numstat.out.json.bz2
103336	repo/lxchuan12/redux-analysis/log_numstat.out.json.bz2
103339	repo/pth-demo-orga/platform-external-googletest/log_numstat.out.json.bz2
103340	repo/ABDELILAH-OUHAJJOU/lynis/log_numstat.out.json.bz2
103343	repo/CHrisGod/ocr/log_numstat.out.json.bz2
103343	repo/rusubogdan07/tesseract/log_numstat.out.json.bz2
103347	repo/saliency-ai/dwv/log_numstat.out.json.bz2
103349	repo/cbarrick/dotfiles/log_numstat.out.json.bz2
103353	repo/metallb/metallb/log_numstat.out.json.bz2
103363	repo/vnotex/vnote/log_numstat.out.json.bz2
103381	repo/bpodwinski/focalboard/log_numstat.out.json.bz2
103381	repo/nestybox/sysbox-runc/log_numstat.out.json.bz2
103385	repo/mitogen-hq/mitogen/log_numstat.out.json.bz2
103390	repo/Perl-Critic/Perl-Critic/log_numstat.out.json.bz2
103390	repo/sharife/goldenthread-v2/log_numstat.out.json.bz2
103393	repo/QMCSoftware/QMCSoftware/log_numstat.out.json.bz2
103399	repo/cxvh/markdown-mermaid/log_numstat.out.json.bz2
103399	repo/Driim/wlroot/log_numstat.out.json.bz2
103405	repo/Exawind/nalu-wind/log_numstat.out.json.bz2
103409	repo/rohankumardubey/rust-bindgen/log_numstat.out.json.bz2
103412	repo/rust-rosetta/rust-rosetta/log_numstat.out.json.bz2
103435	repo/guaix-ucm/numina/log_numstat.out.json.bz2
103435	repo/wundergraph/graphql-go-tools/log_numstat.out.json.bz2
103435	repo/yoyow-org/yoyow-core/log_numstat.out.json.bz2
103442	repo/JuliaAttic/libuv-archive/log_numstat.out.json.bz2
103470	repo/voidsatisfaction/TIL/log_numstat.out.json.bz2
103473	repo/tosone/fnlize/log_numstat.out.json.bz2
103479	repo/alitajs/templates/log_numstat.out.json.bz2
103480	repo/cmu-delphi/www-covidcast-classic/log_numstat.out.json.bz2
103486	repo/krekotenko/iclub-python/log_numstat.out.json.bz2
103486	repo/yesodweb/wai-handlers/log_numstat.out.json.bz2
103496	repo/channainfo/verboice/log_numstat.out.json.bz2
103506	repo/MdAbulHossain1/svn/log_numstat.out.json.bz2
103513	repo/freecloud2/Scala/log_numstat.out.json.bz2
103523	repo/cuidianlong123/FuckOffDoge/log_numstat.out.json.bz2
103527	repo/xinghuaman/audio-diyer.github.io/log_numstat.out.json.bz2
103541	repo/iTeam-S/Stat-Membre/log_numstat.out.json.bz2
103541	repo/Shrey-Viradiya/SEM4/log_numstat.out.json.bz2
103543	repo/fawzydede/vendor_aosp/log_numstat.out.json.bz2
103553	repo/bioglaze/aether3d/log_numstat.out.json.bz2
103555	repo/haiwen/seadroid/log_numstat.out.json.bz2
103559	repo/theQRL/QRL/log_numstat.out.json.bz2
103561	repo/square/leakcanary/log_numstat.out.json.bz2
103564	repo/bucksapp-corp/react-native-firebase/log_numstat.out.json.bz2
103569	repo/gefla/empdev/log_numstat.out.json.bz2
103574	repo/bloxapp/ssv/log_numstat.out.json.bz2
103586	repo/upbound/crossplane/log_numstat.out.json.bz2
103596	repo/stan-dev/rstanarm/log_numstat.out.json.bz2
103598	repo/quinn-rs/quinn/log_numstat.out.json.bz2
103604	repo/danos/cloud-init/log_numstat.out.json.bz2
103611	repo/r-lib/styler/log_numstat.out.json.bz2
103617	repo/mootools/mootools-core/log_numstat.out.json.bz2
103622	repo/jonathanchu/dotemacs/log_numstat.out.json.bz2
103627	repo/ammarfaizi2/perfbook/log_numstat.out.json.bz2
103627	repo/japaneseuyeh/avelino/log_numstat.out.json.bz2
103635	repo/flomesh-io/osm-edge/log_numstat.out.json.bz2
103639	repo/athos/reading-clojurescript/log_numstat.out.json.bz2
103648	repo/andreiporumb/python_server/log_numstat.out.json.bz2
103650	repo/Euclideon/libtiff/log_numstat.out.json.bz2
103654	repo/binhpht/GoogleTest/log_numstat.out.json.bz2
103654	repo/moritamori/activeadmin/log_numstat.out.json.bz2
103655	repo/pratikregal1a/nodejs/log_numstat.out.json.bz2
103656	repo/lucholal57/INCLUsoft/log_numstat.out.json.bz2
103659	repo/biolab/orange-widget-base/log_numstat.out.json.bz2
103668	repo/AnishDe12020/AnishDe12020/log_numstat.out.json.bz2
103669	repo/android-risc-v/external_deqp-deps_glslang/log_numstat.out.json.bz2
103669	repo/jankotek/mapdb/log_numstat.out.json.bz2
103672	repo/graphitemaster/gmqcc/log_numstat.out.json.bz2
103673	repo/BestImageViewer/geeqie/log_numstat.out.json.bz2
103677	repo/innneang/uptimerobot/log_numstat.out.json.bz2
103679	repo/yjt2018/rasterio/log_numstat.out.json.bz2
103684	repo/WarpedWartWars/XBB/log_numstat.out.json.bz2
103689	repo/raiskila/pi-hole/log_numstat.out.json.bz2
103696	repo/macrobber/aa-dashboard/log_numstat.out.json.bz2
103709	repo/hsafir/kube-cluster/log_numstat.out.json.bz2
103713	repo/acadia44/libbluray/log_numstat.out.json.bz2
103722	repo/ezcater/recipe/log_numstat.out.json.bz2
103722	repo/WordPress/openverse-api/log_numstat.out.json.bz2
103727	repo/piyushladhar/testmyletsen/log_numstat.out.json.bz2
103732	repo/rakyll/gowiki/log_numstat.out.json.bz2
103733	repo/Naereen/web-sphinx/log_numstat.out.json.bz2
103735	repo/ADT-Software/googletest/log_numstat.out.json.bz2
103736	repo/congnguyenthe/base-django-oscar/log_numstat.out.json.bz2
103750	repo/certusone/wormhole/log_numstat.out.json.bz2
103753	repo/collie89/books/log_numstat.out.json.bz2
103768	repo/wellington-rodrigues5991/Balance/log_numstat.out.json.bz2
103772	repo/pikvm/kvmd/log_numstat.out.json.bz2
103781	repo/coingecko/cryptoexchange/log_numstat.out.json.bz2
103800	repo/jemzipx/jerman/log_numstat.out.json.bz2
103811	repo/crowi/crowi/log_numstat.out.json.bz2
103813	repo/grocy/grocy/log_numstat.out.json.bz2
103824	repo/ashiina/user_guide_src_ja/log_numstat.out.json.bz2
103828	repo/jffp113/go-algorand/log_numstat.out.json.bz2
103829	repo/serjtroshin/BinQua/log_numstat.out.json.bz2
103843	repo/ishellex/libuv/log_numstat.out.json.bz2
103843	repo/lk021x/libuv/log_numstat.out.json.bz2
103843	repo/UnofficialJuliaMirror/JuliaLang-libuv/log_numstat.out.json.bz2
103849	repo/DataTables/DataTablesSrc/log_numstat.out.json.bz2
103856	repo/brimdata/zed/log_numstat.out.json.bz2
103857	repo/jodal/comics/log_numstat.out.json.bz2
103858	repo/pubpri/tokenlist/log_numstat.out.json.bz2
103864	repo/sillsdev/machine/log_numstat.out.json.bz2
103869	repo/Homegear/Homegear/log_numstat.out.json.bz2
103875	repo/crossplane-contrib/provider-aws/log_numstat.out.json.bz2
103877	repo/Lesmiscore/commons-compress/log_numstat.out.json.bz2
103879	repo/nlplab/brat/log_numstat.out.json.bz2
103897	repo/NeonGeckoCom/NeonCore/log_numstat.out.json.bz2
103910	repo/DHTMLGoodies/dhtmlchess/log_numstat.out.json.bz2
103917	repo/neverware-mirrors/googletest/log_numstat.out.json.bz2
103924	repo/fred9/waf/log_numstat.out.json.bz2
103953	repo/lineage-rpi/android_external_openssh/log_numstat.out.json.bz2
103957	repo/weecology/DeepTreeAttention/log_numstat.out.json.bz2
103958	repo/google/blockly-devtools/log_numstat.out.json.bz2
103961	repo/pranay-baldev/d-ant-e/log_numstat.out.json.bz2
103961	repo/tomueeen93/tmkcaffe/log_numstat.out.json.bz2
103962	repo/theolivenbaum/h5/log_numstat.out.json.bz2
103979	repo/openflagr/flagr/log_numstat.out.json.bz2
103991	repo/estherk15/tic-tac-toe/log_numstat.out.json.bz2
104004	repo/grachyov/QTUM-Mobile-Dapps/log_numstat.out.json.bz2
104016	repo/Project-MONAI/MONAI/log_numstat.out.json.bz2
104021	repo/plangrid/sqldelight-copy/log_numstat.out.json.bz2
104028	repo/kromli/weston-mod/log_numstat.out.json.bz2
104054	repo/Actinium-project/ACM-LN-Desktop/log_numstat.out.json.bz2
104066	repo/xdv-testing/xrpl-dev-portal/log_numstat.out.json.bz2
104069	repo/orgzly/orgzly-android/log_numstat.out.json.bz2
104070	repo/inclavare-containers/inclavare-containers/log_numstat.out.json.bz2
104073	repo/luxuryss/cocotb/log_numstat.out.json.bz2
104076	repo/pb-cdunn/snakemake/log_numstat.out.json.bz2
104078	repo/dexidp/dex/log_numstat.out.json.bz2
104079	repo/ENOT-AutoDL/mmdetection-enot/log_numstat.out.json.bz2
104079	repo/gentoo/musl/log_numstat.out.json.bz2
104082	repo/Erotemic/local/log_numstat.out.json.bz2
104091	repo/arian1995/dgl1/log_numstat.out.json.bz2
104102	repo/andyFang94/antdProMqtt/log_numstat.out.json.bz2
104107	repo/Telecominfraproject/OpenCellular/log_numstat.out.json.bz2
104110	repo/LooksKill/interact/log_numstat.out.json.bz2
104111	repo/ubtue/zotero-enhancement-maps/log_numstat.out.json.bz2
104112	repo/MazCesp/shotcut-Preliminare/log_numstat.out.json.bz2
104128	repo/metroswap-staging/DefiLlama-Adapters/log_numstat.out.json.bz2
104129	repo/Sea-n/nctu-timetable/log_numstat.out.json.bz2
104130	repo/cinehdtv/tv/log_numstat.out.json.bz2
104144	repo/datenanfragen/data/log_numstat.out.json.bz2
104154	repo/tejaramineni/sam-cli/log_numstat.out.json.bz2
104155	repo/bolukezz/rocketmq/log_numstat.out.json.bz2
104183	repo/smartjun/core/log_numstat.out.json.bz2
104187	repo/phuggins/phuggins.github.io/log_numstat.out.json.bz2
104191	repo/Moehoo/Catch2/log_numstat.out.json.bz2
104197	repo/poysama/newrelic_rpm/log_numstat.out.json.bz2
104200	repo/satoshipay/solar/log_numstat.out.json.bz2
104202	repo/c-cube/ocaml-containers/log_numstat.out.json.bz2
104202	repo/dragonramer/pokemon/log_numstat.out.json.bz2
104206	repo/Eximchain/EximchainWallet/log_numstat.out.json.bz2
104206	repo/triyono777/flutter_fire_ml_vision/log_numstat.out.json.bz2
104215	repo/tallycash/extension/log_numstat.out.json.bz2
104222	repo/kkos/oniguruma/log_numstat.out.json.bz2
104224	repo/riversnout/new-token/log_numstat.out.json.bz2
104231	repo/fuboertech/gradoop/log_numstat.out.json.bz2
104232	repo/smunix/thrift-gen/log_numstat.out.json.bz2
104258	repo/MBCVIA/capy-acceptancetest-fw/log_numstat.out.json.bz2
104271	repo/herrbischoff/country-ip-blocks/log_numstat.out.json.bz2
104274	repo/ganeshkumardevops/interview/log_numstat.out.json.bz2
104274	repo/googlefonts/karla/log_numstat.out.json.bz2
104277	repo/starlight5234-projects/vendor_lineage/log_numstat.out.json.bz2
104278	repo/demining/Learning-Bitcoin-from-the-Command-Line-Google-Colab/log_numstat.out.json.bz2
104299	repo/jetblackwing/esos-controller/log_numstat.out.json.bz2
104313	repo/njeans/serde/log_numstat.out.json.bz2
104314	repo/ebotuhuy/presidentbeef/log_numstat.out.json.bz2
104319	repo/kdfwow64/react-select-different-types/log_numstat.out.json.bz2
104320	repo/ciwei100000/pygobject-debian/log_numstat.out.json.bz2
104346	repo/sty16/cell_mmdetection/log_numstat.out.json.bz2
104362	repo/jfbiancheng/jf_binarydet/log_numstat.out.json.bz2
104372	repo/apache/maven-scm/log_numstat.out.json.bz2
104373	repo/M4rtinK/modrana/log_numstat.out.json.bz2
104377	repo/ossf-cve-benchmark/CVE-2020-15138/log_numstat.out.json.bz2
104378	repo/tobspr/shapez.io/log_numstat.out.json.bz2
104380	repo/xdv-testing/ripple-lib/log_numstat.out.json.bz2
104383	repo/paulmeynckens/Void_Rivals/log_numstat.out.json.bz2
104388	repo/neurodroid/stimfit/log_numstat.out.json.bz2
104395	repo/reinaldoleon/powerlevel10k/log_numstat.out.json.bz2
104402	repo/PouuleT/bird/log_numstat.out.json.bz2
104412	repo/wymeditor/wymeditor/log_numstat.out.json.bz2
104419	repo/datacarpentry/semester-biology/log_numstat.out.json.bz2
104422	repo/jeff-hykin/better-cpp-syntax/log_numstat.out.json.bz2
104430	repo/NDCsGitHub/ai-power-aifinancial-application-nodejs/log_numstat.out.json.bz2
104430	repo/prmtl/expo-docs/log_numstat.out.json.bz2
104431	repo/SpiceSharp/SpiceSharpParser/log_numstat.out.json.bz2
104435	repo/alexey-lysiuk/boomerang/log_numstat.out.json.bz2
104435	repo/mwakalukwa/luppa/log_numstat.out.json.bz2
104441	repo/DannyTheGhost/z2m_myconf/log_numstat.out.json.bz2
104445	repo/wliu6v/elasticsearch-reference/log_numstat.out.json.bz2
104447	repo/metio/yosql/log_numstat.out.json.bz2
104455	repo/coinkeeper/2015-06-22_18-41_ixcoin/log_numstat.out.json.bz2
104468	repo/RMORIOKA/tensorflow/log_numstat.out.json.bz2
104479	repo/serde-rs/serde/log_numstat.out.json.bz2
104482	repo/freewind-fixes/react-select/log_numstat.out.json.bz2
104496	repo/wikimedia/mediawiki-extensions-ProofreadPage/log_numstat.out.json.bz2
104499	repo/NVIDIA/DALI/log_numstat.out.json.bz2
104500	repo/Vibecehck/Doom/log_numstat.out.json.bz2
104503	repo/ldbc/ldbc_snb_datagen_spark/log_numstat.out.json.bz2
104505	repo/ozWhy/IOsh/log_numstat.out.json.bz2
104507	repo/vasveena/iceberg/log_numstat.out.json.bz2
104512	repo/SAP/InfraBox/log_numstat.out.json.bz2
104518	repo/CISOfy/lynis/log_numstat.out.json.bz2
104522	repo/wellington-rodrigues5991/Save-Energy/log_numstat.out.json.bz2
104523	repo/django-extensions/django-extensions/log_numstat.out.json.bz2
104524	repo/ToxaManAS/solana-labs/log_numstat.out.json.bz2
104527	repo/kindlyops/havengrc/log_numstat.out.json.bz2
104528	repo/algolia/autocomplete/log_numstat.out.json.bz2
104531	repo/ajv-validator/ajv/log_numstat.out.json.bz2
104538	repo/doableware/djongo/log_numstat.out.json.bz2
104539	repo/ioperations/ccls/log_numstat.out.json.bz2
104542	repo/harihpr/tweetclickers/log_numstat.out.json.bz2
104542	repo/lokeshajja/django-packages/log_numstat.out.json.bz2
104546	repo/Agda-zh/PLFA-zh/log_numstat.out.json.bz2
104547	repo/UnofficialJuliaMirror/libuv-libuv/log_numstat.out.json.bz2
104563	repo/nemesislxxi/GCP-Terraform/log_numstat.out.json.bz2
104585	repo/blueman-project/blueman/log_numstat.out.json.bz2
104590	repo/sailfishos-mirror/rust-serde/log_numstat.out.json.bz2
104599	repo/PhilipdeRijk/KD/log_numstat.out.json.bz2
104616	repo/feldroy/django-crash-starter/log_numstat.out.json.bz2
104621	repo/taers232c/GAMADV-XTD3/log_numstat.out.json.bz2
104627	repo/vburlay/rmarkdouwn/log_numstat.out.json.bz2
104637	repo/ps2dev/ps2sdk/log_numstat.out.json.bz2
104639	repo/hpfn/piuparts_3/log_numstat.out.json.bz2
104639	repo/KDE/kdeconnect-android/log_numstat.out.json.bz2
104640	repo/teeaa/Signal-Desktop/log_numstat.out.json.bz2
104641	repo/maixialingyi/rocketmq/log_numstat.out.json.bz2
104653	repo/tetrafolium/libuv/log_numstat.out.json.bz2
104653	repo/trix777/Chris/log_numstat.out.json.bz2
104653	repo/yanpei18345156216/MEEP/log_numstat.out.json.bz2
104655	repo/hanhanzhang/iceberg/log_numstat.out.json.bz2
104656	repo/jose1532/libros/log_numstat.out.json.bz2
104681	repo/akiyks/perfbook/log_numstat.out.json.bz2
104681	repo/paulmckrcu/perfbook/log_numstat.out.json.bz2
104698	repo/WebThingsIO/gateway/log_numstat.out.json.bz2
104701	repo/zackscat/JavaGuide/log_numstat.out.json.bz2
104703	repo/Guicom/search_api_solr_php8/log_numstat.out.json.bz2
104705	repo/SuperblocksHQ/ethereum-studio/log_numstat.out.json.bz2
104711	repo/c1230a/free-programming-books/log_numstat.out.json.bz2
104716	repo/eric-erki/gobot/log_numstat.out.json.bz2
104721	repo/crazydevila/RSSHub/log_numstat.out.json.bz2
104722	repo/shrutikap250/Matching_Engine/log_numstat.out.json.bz2
104722	repo/shrutikap250/MatchingEngine/log_numstat.out.json.bz2
104722	repo/shrutikap250/Shrutikap_MatchingEngine/log_numstat.out.json.bz2
104723	repo/contao/comments-bundle/log_numstat.out.json.bz2
104723	repo/valdur55/terminology/log_numstat.out.json.bz2
104732	repo/hwthomas/xwt/log_numstat.out.json.bz2
104734	repo/CarlFK/veyepar/log_numstat.out.json.bz2
104736	repo/arryyao/AiLearning/log_numstat.out.json.bz2
104736	repo/guokai27/AiLearingAll/log_numstat.out.json.bz2
104736	repo/swe-zzf/-AI-AiLearning/log_numstat.out.json.bz2
104740	repo/mementohaeri/thanos/log_numstat.out.json.bz2
104742	repo/evcc-io/evcc/log_numstat.out.json.bz2
104748	repo/cnw-co/BangleApps/log_numstat.out.json.bz2
104756	repo/dustlang/this-week-in-rust/log_numstat.out.json.bz2
104756	repo/rithgan/paradex-frontend-dex/log_numstat.out.json.bz2
104770	repo/fredldotme/android_external_toybox/log_numstat.out.json.bz2
104774	repo/bytecodealliance/cranelift/log_numstat.out.json.bz2
104774	repo/monounity/karma-typescript/log_numstat.out.json.bz2
104774	repo/Redocly/redoc/log_numstat.out.json.bz2
104777	repo/nxsre/gobot/log_numstat.out.json.bz2
104779	repo/Rubylon/api/log_numstat.out.json.bz2
104797	repo/MattArnold/tuxtrax/log_numstat.out.json.bz2
104797	repo/nothingsuitsmelikeasuit/cs-notes/log_numstat.out.json.bz2
104797	repo/xiaoxing1120/CS-Notes/log_numstat.out.json.bz2
104797	repo/XYY1010/CS-Notes/log_numstat.out.json.bz2
104806	repo/magicbug/Cloudlog/log_numstat.out.json.bz2
