commit dd0949954ea6ec350cf55740f2cd2731caef5604
Author: Andrei Shapel <mail@shapel.me>
Date:   Wed Mar 9 02:29:06 2022 -0500

    Add project

 .gitignore                                |   36 +
 Cargo.lock                                | 1644 +++++++++++++++++++++++++++++
 Cargo.toml                                |   17 +
 Dockerfile                                |   33 +
 configs/Config.toml                       |    6 +
 configs/services/hello-world/options.json |    5 +
 configs/services/services.deployment.json |   11 +
 docker-compose.yaml                       |   10 +
 src/services/hello-world/main.rs          |   20 +
 tools/build.sh                            |   29 +
 tools/deploy.sh                           |   23 +
 11 files changed, 1834 insertions(+)

commit 8affb5d609b890f5dcb23a8eaaa97badd3a09f46
Author: Andrei Shapel <98261554+adshpl@users.noreply.github.com>
Date:   Wed Mar 9 02:06:04 2022 -0500

    Initial commit

 LICENSE   | 21 +++++++++++++++++++++
 README.md |  1 +
 2 files changed, 22 insertions(+)
