commit bbd675d1b4ca95affe17946eb4f2ba13e0efea61
Author: Tejas Kothari <tejas23682320@gmail.com>
Date:   Sat Oct 2 20:29:57 2021 +0800

    Include gitbook and medium article links

4	0	README.md

commit 14a4bf02c2ddec96545a4f5fbdc9bb52c3543fc0
Author: Tejas Kothari <tejas23682320@gmail.com>
Date:   Sun Aug 29 02:17:51 2021 +0800

    deployment edits and files

7	0	air-scripts/init_service.air
7	0	air-scripts/test.air
35	0	app-local.config.json
53	0	deploy-output.json
3	0	deploy.sh
1	1	src/nft_contract_adapter.rs

commit a052dea7e6de1f838635e2ccd99d24edd2b54a3b
Author: Tejas Kothari <tejask@Tejass-MBP.lan>
Date:   Sun Aug 8 01:35:04 2021 +0800

    changes to test and main net deployment

2556	179	nft_contract/package-lock.json
2	1	nft_contract/package.json
21	18	nft_contract/truffle-config.js

commit eb3a282d549eca7551e6db9bcf5e215ee1d53f10
Author: Tejas Kothari <tejask@Tejass-MBP.COMFAST>
Date:   Wed Aug 4 23:26:55 2021 +0800

    interface name edit

1	1	src/main.rs

commit a1442ad0be959b75e25a97e0eada30c5351c7612
Author: Tejas Kothari <tejask@Tejass-MBP.COMFAST>
Date:   Thu Jul 22 18:34:18 2021 +0800

    Readme update

8	0	README.md

commit e1fee04be2d88cd03ca9b9ae1b18b97884035d14
Author: Tejas Kothari <tejask@Tejass-MacBook-Pro.local>
Date:   Wed Jul 21 19:01:12 2021 +0800

    ERC721 Solidity files

1	1	README.md
497	0	nft_contract/contracts/ERC721.sol
145	0	nft_contract/contracts/ERC721PresetMinterPauserAutoId.sol
160	0	nft_contract/contracts/IERC721.sol
26	0	nft_contract/contracts/IERC721Receiver.sol
250	0	nft_contract/contracts/access/AccessControl.sol
87	0	nft_contract/contracts/access/AccessControlEnumerable.sol
28	0	nft_contract/contracts/extensions/ERC721Burnable.sol
162	0	nft_contract/contracts/extensions/ERC721Enumerable.sol
32	0	nft_contract/contracts/extensions/ERC721Pausable.sol
28	0	nft_contract/contracts/extensions/IERC721Enumerable.sol
26	0	nft_contract/contracts/extensions/IERC721Metadata.sol
90	0	nft_contract/contracts/security/Pausable.sol
210	0	nft_contract/contracts/utils/Address.sol
23	0	nft_contract/contracts/utils/Context.sol
42	0	nft_contract/contracts/utils/Counters.sol
66	0	nft_contract/contracts/utils/Strings.sol
28	0	nft_contract/contracts/utils/introspection/ERC165.sol
24	0	nft_contract/contracts/utils/introspection/IERC165.sol
294	0	nft_contract/contracts/utils/structs/EnumerableSet.sol
4	4	nft_contract/truffle-config.js

commit 2cd109defc0f89a4e0e587f111e3df141badfe16
Author: Tejas Kothari <tejask@Tejass-MacBook-Pro.local>
Date:   Wed Jul 21 18:13:15 2021 +0800

    Update readme

5	2	README.md

commit f79aca7eba6da2c22270ef5fde36500ce79ca729
Author: Tejas Kothari <tejask@Tejass-MacBook-Pro.local>
Date:   Wed Jul 21 18:00:58 2021 +0800

    Readme

23	0	README.md

commit 90145149ec35821e94631acab5ac0123effa1df5
Author: Tejas Kothari <tejask@Tejass-MBP.COMFAST>
Date:   Wed Jul 21 15:07:22 2021 +0800

    Authetication cleanup

18	25	src/main.rs

commit 2c7ab0e424b4a310ed00bf4b692f771fb543dea8
Author: Tejas Kothari <tejask@Tejass-MBP.COMFAST>
Date:   Wed Jul 21 12:13:01 2021 +0800

    Return user obj when registering

33	3	src/db.rs
2	2	src/main.rs

commit b8ebfae024d8050bcc69a704fd541b1a5d277fe6
Author: Tejas Kothari <tejask@Tejass-MBP.COMFAST>
Date:   Wed Jul 21 11:32:27 2021 +0800

    Added authentication to init and reset service

24	6	src/main.rs

commit b1aca90c3225cf954246663722b390814bdf6700
Author: Tejas Kothari <tejask@Tejass-MacBook-Pro.local>
Date:   Wed Jul 21 02:39:30 2021 +0800

    Fund each acct with 1 ETH (For demo only)

6	2	src/main.rs
25	0	src/nft_contract_adapter.rs

commit 07a0e0ad63f9838c644f968db2263d93f1516b9d
Author: Tejas Kothari <tejask@Tejass-MacBook-Pro.local>
Date:   Wed Jul 21 02:17:45 2021 +0800

    Sign raw trans w libsecp256k1 + Fix transfer NFT

257	91	Cargo.lock
2	1	Cargo.toml
527	0	ethereum-tx-sign/Cargo.lock
17	0	ethereum-tx-sign/Cargo.toml
152	0	ethereum-tx-sign/src/lib.rs
44	0	ethereum-tx-sign/test/test_txs.json
44	0	ethereum-tx-sign/test/test_txs_ropsten.json
38	4	src/db.rs
26	16	src/main.rs
25	10	src/nft_contract_adapter.rs
1	3	web3/Cargo.toml
29	0	web3/src/eth_calls.rs
8	9	web3/src/eth_utils.rs
1	0	web3/src/lib.rs

commit e6c925beda40adb2f3bdb38d51637cc990b31447
Author: Tejas Kothari <tejask@Tejass-MacBook-Pro.local>
Date:   Mon Jul 19 14:43:42 2021 +0800

    Added transfer + moved pk2add function to web3 lib

3	3	Cargo.lock
0	1	Cargo.toml
40	11	src/main.rs
58	0	src/nft_contract_adapter.rs
2	1	web3/Cargo.toml
14	0	web3/src/eth_utils.rs
1	1	web3/src/lib.rs

commit 13e6dacf90dbb23ee884ea9aca7db4c6dce7584b
Author: Tejas Kothari <tejask@Tejass-MacBook-Pro.local>
Date:   Sun Jul 18 16:24:53 2021 +0800

    mint when post new item

1	0	Cargo.lock
1	0	Cargo.toml
22	3	src/db.rs
17	0	src/main.rs

commit 98e5f089e8aaca6412ad8e813d39c8e8576c7f8d
Author: Tejas Kothari <tejask@Tejass-MacBook-Pro.local>
Date:   Sun Jul 18 01:38:23 2021 +0800

    Added contract function calls

2	0	Cargo.lock
2	0	Cargo.toml
78	0	src/nft_contract_adapter.rs
30	2	web3/src/eth_calls.rs
4	4	web3/src/eth_utils.rs
14	7	web3/src/fce_results.rs

commit a192c7cb086c1a374026d485a8c5ba7ed70c02eb
Author: Tejas Kothari <tejask@Tejass-MBP.COMFAST>
Date:   Fri Jul 16 18:21:02 2021 +0800

    Added custom web3 library

504	7	Cargo.lock
2	0	Cargo.toml
0	1	curl_adapter/Cargo.lock
0	1	curl_adapter/Cargo.toml
2	3	curl_adapter/src/main.rs
0	6	src/main.rs
18	0	web3/Cargo.toml
20	0	web3/src/bytes_type.rs
50	0	web3/src/eth_calls.rs
26	0	web3/src/eth_utils.rs
85	0	web3/src/fce_results.rs
109	0	web3/src/jsonrpc_helpers.rs
20	0	web3/src/lib.rs

commit 1549e455ba545212488b50036135a19788d3d6f5
Author: Tejas Kothari <tejask@Tejass-MBP.COMFAST>
Date:   Tue Jul 6 15:40:33 2021 +0800

    Using passed peer_id temporarily + Added curl

2	1	.gitignore
7	9	Config.toml
5	2	build.sh
262	0	curl_adapter/Cargo.lock
16	0	curl_adapter/Cargo.toml
24	0	curl_adapter/src/main.rs
14	7	src/main.rs

commit d0ef3a1ea39c432c6c8233427cebd3c1b2a949c7
Author: Tejas Kothari <tejask@Tejass-MBP.lan>
Date:   Tue Jul 6 13:26:39 2021 +0800

    Solidity contract with Truffle

3	1	.gitignore
19	0	nft_contract/contracts/Migrations.sol
5	0	nft_contract/migrations/1_initial_migration.js
14	0	nft_contract/migrations/2_deploy.js
33379	0	nft_contract/package-lock.json
18	0	nft_contract/package.json
0	0	nft_contract/test/.gitkeep
106	0	nft_contract/truffle-config.js
0	1	stellar_setup/accounts.json
0	34	stellar_setup/create_accounts.py

commit 70067085b3399fef5cf433a6b08ffdef473a37c9
Author: Tejas Kothari <tejask@Tejass-MBP.COMFAST>
Date:   Sun Jul 4 01:24:01 2021 +0800

    init_peer_id as uuid, add gen user keys to DB

7	0	Cargo.lock
1	0	Cargo.toml
8	2	src/auth.rs
13	5	src/db.rs
12	9	src/main.rs

commit 19075976797b87970a8d3c729866bd793b8fa607
Author: Tejas Kothari <tejask@Tejass-MBP.lan>
Date:   Sat Jul 3 13:59:14 2021 +0800

    Update to marine sdk

122	83	Cargo.lock
2	2	Cargo.toml
3	3	build.sh
3	3	src/auth.rs
3	3	src/db.rs
14	14	src/main.rs

commit f509739fa0c17ecb45bf4acaacaf63208dbd131b
Author: Tejas Kothari <tejask@Tejass-MBP.lan>
Date:   Mon Jun 28 23:04:18 2021 +0800

    Added CPRNG

223	2	Cargo.lock
2	0	Cargo.toml
6	0	src/main.rs

commit a9c53edbee40d02d60496f434a05c5fef48df1ee
Author: Tejas Kothari <tejask@Tejass-MBP.lan>
Date:   Fri Jun 18 23:50:21 2021 +0800

    Major cleanup

9	9	Cargo.lock
2	2	Cargo.toml
1	1	Config.toml
4	2	build.sh
14	0	src/auth.rs
143	103	src/db.rs
56	56	src/main.rs

commit dec7a218f3a5193528916102d484f0d2fc180c85
Author: Tejas Kothari <tejask@Tejass-MBP.lan>
Date:   Sun May 2 22:01:11 2021 +0800

    buy product air script

18	0	air-scripts/buy_product.clj

commit db1c5ab292802cedf06399bb1aeda4b1007a0896
Author: Tejas Kothari <tejask@Tejass-MBP.lan>
Date:   Sun May 2 21:00:54 2021 +0800

    post product air script

18	0	air-scripts/post_product.clj

commit 4963ae78833c3f68149dcc298faa2e48788ce19f
Author: Tejas Kothari <tejask@Tejass-MBP.lan>
Date:   Sun May 2 20:50:58 2021 +0800

    Regiser user air_script

48	0	air-scripts/register_dummy_users.clj

commit a171e7762d4064ecf10540c081c0a21c2732ab2f
Author: Tejas Kothari <tejask@Tejass-MBP.lan>
Date:   Sun May 2 20:44:43 2021 +0800

    Comments

14	1	src/main.rs

commit 825b6e334a7b917b96ee2d2e3e89325e50edd2f3
Author: Tejas Kothari <tejask@Tejass-MBP.COMFAST>
Date:   Sat May 1 17:22:33 2021 +0800

    Add other data to Item struct

18	3	src/db.rs

commit 3d3058ae35c2c43094dd6466d1331e4a82527341
Author: Tejas Kothari <tejask@Tejass-MBP.lan>
Date:   Sat May 1 12:50:08 2021 +0800

    Pickup item

16	0	src/db.rs
11	0	src/main.rs

commit 423cc92f14a803b85a0b5b0044ec218a5d0890bc
Author: Tejas Kothari <tejask@Tejass-MBP.lan>
Date:   Sat May 1 12:31:04 2021 +0800

    Add buying data to item table

15	21	src/db.rs
2	2	src/main.rs

commit 3b9871c0a010e2303f918c9255c7a1116c42ce97
Author: Tejas Kothari <tejask@Tejass-MBP.lan>
Date:   Sat May 1 10:56:30 2021 +0800

    Buy item

33	2	src/db.rs
11	0	src/main.rs

commit e70e75fdefd35fcf8acd60acb0647d667017001a
Author: Tejas Kothari <tejask@Tejass-MBP.COMFAST>
Date:   Fri Apr 30 21:40:19 2021 +0800

    Add uuid to get_items return

5	4	src/db.rs

commit 572a44c56c39a924d8bff547d9aae03bb50143e8
Author: Tejas Kothari <tejask@Tejass-MBP.COMFAST>
Date:   Fri Apr 30 21:27:53 2021 +0800

    List items

26	1	src/db.rs
10	1	src/main.rs

commit 921eff222d910dc7504b0975547c46e803449cde
Author: Tejas Kothari <tejask@Tejass-MBP.COMFAST>
Date:   Fri Apr 30 20:09:29 2021 +0800

    Post item to db

28	0	src/db.rs
29	6	src/main.rs

commit a67416c97f6baf8e1a3f8b6b3cf8865bfd3a89df
Author: Tejas Kothari <tejask@Tejass-MBP.COMFAST>
Date:   Fri Apr 30 15:19:14 2021 +0800

    List users

15	0	src/db.rs
9	1	src/main.rs

commit 61d40631fd9f3ebf640dc07930cee33748d24644
Author: Tejas Kothari <tejask@Tejass-MBP.lan>
Date:   Wed Apr 28 22:23:17 2021 +0800

    Add user to db

17	23	src/db.rs
32	0	src/main.rs

commit b572a0619949b444d4df51127ead81b108b028ef
Author: Tejas Kothari <tejask@Tejass-MBP.lan>
Date:   Wed Apr 28 22:22:57 2021 +0800

    Account generation Python script

1	0	stellar_setup/accounts.json
34	0	stellar_setup/create_accounts.py

commit d8a3f9867926ae25e1e0735d9d9370db1306cb24
Author: Tejas Kothari <tejask@Tejass-MBP.COMFAST>
Date:   Wed Apr 28 14:06:03 2021 +0800

    Added SQLite module

59	5	Cargo.lock
1	0	Cargo.toml
16	1	Config.toml
4	1	build.sh
57	0	src/db.rs
2	0	src/main.rs

commit c0dd23b6207e7f267a17d38d164cc979c3676574
Author: Tejas Kothari <tejask@Tejass-MBP.COMFAST>
Date:   Wed Apr 28 13:10:25 2021 +0800

    Remove irrelevant comments

0	1	Config.toml
3	4	build.sh
5	5	src/main.rs

commit 3831f7685da502132ab343ce86d0de1148c1f866
Author: Tejas Kothari <tejask@Tejass-MBP.COMFAST>
Date:   Wed Apr 28 02:24:27 2021 +0800

    Initial commit

3	0	.gitignore
178	0	Cargo.lock
14	0	Cargo.toml
5	0	Config.toml
8	0	build.sh
11	0	src/main.rs
