commit d510bb3cfac08fdd870124f9e1a2387948983eb0
Author: boneyard93501 <4523011+boneyard93501@users.noreply.github.com>
Date:   Mon Mar 28 18:40:35 2022 -0500

    add deployment manifest , bump version
    
    * add deployment cfg json
    
    * update deployment config, version

1	1	Cargo.toml
11	0	configs/deployment_cfg.json

commit f10e85cc989420d557505c1df354481a532d0a04
Author: boneyard93501 <4523011+boneyard93501@users.noreply.github.com>
Date:   Sun Dec 19 00:16:15 2021 -0600

    bump marine dependencies

2	2	Cargo.toml

commit c281c8d1ba070201175ab6a3fd1c2daa334a6021
Author: boneyard93501 <4523011+boneyard93501@users.noreply.github.com>
Date:   Sun Oct 24 17:43:58 2021 -0500

    bump version

1	1	Cargo.toml

commit 06ea87853171dadebe24add7dfe7bfe6f31cf2f8
Author: boneyard93501 <4523011+boneyard93501@users.noreply.github.com>
Date:   Tue Oct 12 23:09:16 2021 -0500

    bump version

1	1	Cargo.toml

commit dabb923cddf56314458fc30251529bf7074a8031
Author: boneyard93501 <4523011+boneyard93501@users.noreply.github.com>
Date:   Wed Sep 1 15:54:04 2021 -0500

    update test sdk version

2	2	Cargo.toml
7	9	src/main.rs

commit 090627f00b31bc385f03ba8149b1fd2b2526c58e
Author: boneyard93501 <4523011+boneyard93501@users.noreply.github.com>
Date:   Wed Jul 14 22:58:22 2021 -0500

    bump version

1	1	Cargo.toml

commit db0d78bd2ba444f0bf3d09abc24ea8e022e9b487
Author: boneyard93501 <4523011+boneyard93501@users.noreply.github.com>
Date:   Mon Jul 5 14:14:44 2021 -0500

    add cargo update

1	0	scripts/build.sh

commit 33826c7f7a3e9ab618f28f14336151db65bf7ff3
Author: boneyard93501 <4523011+boneyard93501@users.noreply.github.com>
Date:   Thu Jun 17 15:34:37 2021 -0500

    update crate refs, bumo versions

2	2	Cargo.toml
3	3	src/main.rs

commit aa8290ebe8c0cc8a89c44b5fc1cbdc01a2eff113
Author: boneyard93501 <4523011+boneyard93501@users.noreply.github.com>
Date:   Sun Jun 6 19:38:58 2021 -0500

    add test namespace info

13	0	src/main.rs

commit 209e72a37d601c43ebd93f1604ab8281fe776063
Author: boneyard93501 <4523011+boneyard93501@users.noreply.github.com>
Date:   Thu Jun 3 06:53:03 2021 -0500

    update test

2	2	src/main.rs

commit 621b4766f42286f9adaaaca6bbd7ed27c1f065d8
Author: boneyard93501 <4523011+boneyard93501@users.noreply.github.com>
Date:   Wed Jun 2 16:31:29 2021 -0500

    Update main.rs

1	2	src/main.rs

commit 5eae9d9f645f067180c893ae427bfa842028eed7
Author: boneyard93501 <4523011+boneyard93501@users.noreply.github.com>
Date:   Tue Jun 1 16:47:54 2021 -0500

    Update Config.toml
    
    add mem_pages

1	0	Config.toml

commit ee1bd2cf24c38db29f1f4f97d75301715fb4afea
Author: boneyard93501 <4523011+boneyard93501@users.noreply.github.com>
Date:   Mon May 31 10:04:29 2021 -0500

    update marine

1	1	scripts/build.sh
3	2	src/main.rs

commit 2201eb953d60221550653b98ca5c11a367b462d9
Author: boneyard93501 <4523011+boneyard93501@users.noreply.github.com>
Date:   Mon May 31 01:24:01 2021 -0500

    fluence bump version

1	1	Cargo.toml

commit 8d4156e09c94f75bea20f14421485cb8b017a057
Author: boneyard93501 <4523011+boneyard93501@users.noreply.github.com>
Date:   Mon May 31 01:19:14 2021 -0500

    update name change, test

3	2	Cargo.toml

commit 60178ab04f14655de0bbd6388188e30cd272b205
Merge: f82176a eb0154e
Author: boneyard93501 <4523011+boneyard93501@users.noreply.github.com>
Date:   Mon May 31 01:10:00 2021 -0500

    merge main branch

commit f82176a6f1722e28a700e729a2e36a7e9a756de1
Author: boneyard93501 <4523011+boneyard93501@users.noreply.github.com>
Date:   Mon May 31 01:08:51 2021 -0500

    update tests

14	2	src/main.rs

commit eb0154e1d04f4a8654e5db7d145f63975a8b7609
Author: boneyard93501 <4523011+boneyard93501@users.noreply.github.com>
Date:   Sat May 29 21:21:34 2021 -0500

    update dependencies

2	2	Cargo.toml

commit a9766526ffc48ef72a413405402712699759f90e
Author: boneyard93501 <4523011+boneyard93501@users.noreply.github.com>
Date:   Sun May 9 18:50:44 2021 -0500

    Add fluence-test dependency

3	0	Cargo.toml

commit ae38187f07d662e666e054532936c7a909a1f74b
Author: boneyard93501 <4523011+boneyard93501@users.noreply.github.com>
Date:   Wed Apr 28 15:30:16 2021 -0500

    bump version

2	2	Cargo.toml

commit 9b866ed94bb06fd621e73a2fab668f0381cb66d1
Author: boneyard93501 <4523011+boneyard93501@users.noreply.github.com>
Date:   Sat Apr 10 20:01:10 2021 -0500

    add Config file

5	0	Config.toml

commit bd7f2887921ede9cf58c2ce18c797be5cb73030f
Author: boneyard93501 <4523011+boneyard93501@users.noreply.github.com>
Date:   Sat Apr 10 19:57:49 2021 -0500

    update build script

2	1	scripts/build.sh

commit e190bc9dcda78b5688b25154c1eb6e2e1febfd1c
Author: boneyard93501 <4523011+boneyard93501@users.noreply.github.com>
Date:   Sat Apr 10 19:51:07 2021 -0500

    exec build.sh

0	0	scripts/build.sh

commit ee57dda18d93a1875fc4dd706f199a90898284fc
Author: boneyard93501 <4523011+boneyard93501@users.noreply.github.com>
Date:   Sat Apr 10 19:45:34 2021 -0500

    update templates

4	1	Cargo.toml
5	0	scripts/build.sh

commit 66fc07d278a6c20f6479335e5edbee4a011461ce
Author: boneyard93501 <4523011+boneyard93501@users.noreply.github.com>
Date:   Sat Apr 10 19:16:23 2021 -0500

    update template

6	4	Cargo.toml
28	0	src/main.rs

commit ab5914936e2fd8cea80deece4261b5d6df5a3888
Author: boneyard93501 <4523011+boneyard93501@users.noreply.github.com>
Date:   Sat Apr 10 18:42:41 2021 -0500

    init template

5	0	.gitignore
13	0	Cargo.toml
