commit f8e00527a7ffef1d688a7d52a908cadcd5d7ecda
Author: Aleksey Proshutisnkiy <justprosh@users.noreply.github.com>
Date:   Fri Apr 1 20:50:15 2022 +0400

    Add merge_routes, find routes in neighbourhood, move aqua to camelCase (#98)

10	11	aqua/registry-api.aqua
14	8	aqua/registry.aqua
53	41	aqua/routing.aqua
12	11	service/Cargo.lock
5	5	service/src/record_api.rs
36	12	service/src/results.rs
11	1	service/src/route_api.rs

commit 721f60a917a06569a2292f5bfb64e8a9917aa73b
Author: Aleksey Proshutisnkiy <justprosh@users.noreply.github.com>
Date:   Thu Mar 31 19:15:57 2022 +0400

    aqua: republish route before register for route (#95)

12	0	aqua/registry-api.aqua
7	0	aqua/routing.aqua

commit 7029436149e59564f5a96a99527e12b67bdbc44d
Author: boneyard93501 <4523011+boneyard93501@users.noreply.github.com>
Date:   Wed Mar 30 00:49:16 2022 -0500

    update key to route api (#94)

1	1	service/build.rs

commit d7c62a57d9318f33d81ee3c3e8f88b760c6d7328
Author: Aleksey Proshutisnkiy <justprosh@users.noreply.github.com>
Date:   Tue Mar 29 18:14:09 2022 +0400

    aqua: fix relay for host record lifecycle (#93)

3	3	aqua/registry-api.aqua
3	3	aqua/routing.aqua

commit 78dafff7145bdd760c312bd2ab53452f625ea6ac
Author: Aleksey Proshutisnkiy <justprosh@users.noreply.github.com>
Date:   Tue Mar 29 14:58:55 2022 +0400

    Fix propagate_host_record, update annotations in aqua (#92)

54	30	aqua/routing.aqua
2	2	example/src/aqua/export.aqua
3	3	example/src/example.ts
7	7	service/Cargo.lock
2	0	service/src/defaults.rs
143	1	service/src/tests/mod.rs
4	4	service/src/tetraplets_checkers.rs

commit 6b2d699d6476e51f22b40ba38c2aed2d465afc02
Author: Aleksey Proshutisnkiy <justprosh@users.noreply.github.com>
Date:   Mon Mar 28 19:09:51 2022 +0400

    service: record signature verification should be against set_by (#91)

4	1	service/src/record.rs

commit 164b353be87290727589dbaba67bb36f5e5771d0
Author: Aleksey Proshutisnkiy <justprosh@users.noreply.github.com>
Date:   Mon Mar 28 10:35:54 2022 +0400

    routing API: set relay_id as HOST_PEER_ID (#90)

4	1	.circleci/config.yml
19	10	aqua/routing.aqua
2	4	example/src/example.ts
35	34	service/Cargo.lock

commit ef0ee12ca3f54f74edb2e9dcac0f2cfb27da60d1
Author: Aleksey Proshutisnkiy <justprosh@users.noreply.github.com>
Date:   Wed Mar 23 23:57:29 2022 +0400

    update aqua 0.7.0; fluence-js 0.21.6

33	29	aqua/package-lock.json
2	2	aqua/package.json
4	13	aqua/registry-api.aqua
27	27	example/package-lock.json
2	2	example/package.json
5	5	example/src/example.ts

commit a79de9a31388e31a0f60c4193d7755fe1ce4b332
Author: Aleksey Proshutisnkiy <justprosh@users.noreply.github.com>
Date:   Wed Mar 16 23:26:56 2022 +0400

    update npm dependencies (#88)

103	72	aqua/package-lock.json
2	2	aqua/package.json
57	81	example/package-lock.json
3	3	example/package.json

commit 16fba064be004cecfa662e8d855d819808a62a19
Author: Aleksey Proshutisnkiy <justprosh@users.noreply.github.com>
Date:   Thu Mar 10 19:49:38 2022 +0400

    Change API and db structure from keys to routes (#87)

12	12	aqua/registry-api.aqua
4	4	aqua/registry-scheduled-scripts.aqua
20	20	aqua/registry.aqua
12	12	aqua/routing.aqua
3	3	example/src/example.ts
16	16	service/Cargo.lock
2	2	service/src/defaults.rs
7	7	service/src/error.rs
0	223	service/src/key_storage_impl.rs
4	4	service/src/main.rs
3	3	service/src/record.rs
28	28	service/src/record_api.rs
30	29	service/src/record_storage_impl.rs
19	19	service/src/results.rs
10	10	service/src/{key.rs => route.rs}
34	30	service/src/{key_api.rs => route_api.rs}
239	0	service/src/route_storage_impl.rs
13	12	service/src/storage_impl.rs
111	112	service/src/tests/mod.rs

commit 52217121bcf3bc4a9695943a693c01c677aee683
Author: Aleksey Proshutisnkiy <justprosh@users.noreply.github.com>
Date:   Thu Feb 24 17:53:51 2022 +0300

    add missing blueprint (#86)

7	0	builtin-package/blueprint.json
12	12	example/src/aqua/event_example.aqua

commit 3ae172d7ce6b6375a45db3f74204b4236533c1a8
Author: Aleksey Proshutisnkiy <justprosh@users.noreply.github.com>
Date:   Thu Feb 24 17:26:41 2022 +0300

    npm: update dependencies (#85)

26	28	aqua/package-lock.json
2	2	aqua/package.json
14	14	example/package-lock.json
1	1	example/package.json

commit 1ce44197b40aace91aa0fca339424c7471aecde4
Author: Aleksey Proshutisnkiy <justprosh@users.noreply.github.com>
Date:   Thu Feb 24 16:57:33 2022 +0300

    fix publishing (#84)

8128	24	aqua/package-lock.json
2	2	aqua/package.json

commit ab31e61d1cb7659ae095ebd0fdba7ff39d1b793d
Author: Aleksey Proshutisnkiy <justprosh@users.noreply.github.com>
Date:   Thu Feb 24 16:37:58 2022 +0300

    transition to registry (#82)

2	2	.circleci/config.yml
13	13	.github/workflows/release.yml
1	1	.gitignore
4	4	README.md
0	26	aqua/dht-scheduled-scripts.aqua
0	82	aqua/dht.aqua
51	5	aqua/package-lock.json
8	7	aqua/package.json
0	123	aqua/pubsub.aqua
54	0	aqua/registry-api.aqua
32	0	aqua/registry-scheduled-scripts.aqua
97	0	aqua/registry.aqua
165	0	aqua/routing.aqua
0	7	builtin-package/blueprint.json
4	4	builtin-package/package.sh
1	1	builtin-package/{aqua-dht_config.json => registry_config.json}
6227	530	example/package-lock.json
10	6	example/package.json
5	6	example/src/aqua/event_example.aqua
8	2	example/src/aqua/export.aqua
41	15	example/src/example.ts
1302	80	service/Cargo.lock
8	4	service/Cargo.toml
1	1	service/Config.toml
3	1	service/build.rs
4	4	service/build.sh
1	5	service/src/config.rs
5	3	service/src/defaults.rs
37	4	service/src/error.rs
0	672	service/src/impls.rs
97	0	service/src/key.rs
139	0	service/src/key_api.rs
223	0	service/src/key_storage_impl.rs
39	141	service/src/main.rs
42	0	service/src/misc.rs
86	0	service/src/record.rs
315	0	service/src/record_api.rs
280	0	service/src/record_storage_impl.rs
37	35	service/src/results.rs
110	0	service/src/storage_impl.rs
0	1391	service/src/tests.rs
757	0	service/src/tests/mod.rs
83	0	service/src/tetraplets_checkers.rs

commit 845705df9868e8a24d83d0f559991e395b62810e
Author: Aleksey Proshutisnkiy <justprosh@users.noreply.github.com>
Date:   Sat Feb 5 10:14:27 2022 +0300

    scheduled script fix (#83)

3	2	aqua/dht-scheduled-scripts.aqua
108	108	service/Cargo.lock
1	1	service/src/defaults.rs
4	3	service/src/impls.rs

commit a7e444bd6926ec786310dc4a1420dbf5f65a1ba5
Author: Aleksey Proshutisnkiy <justprosh@users.noreply.github.com>
Date:   Wed Nov 24 17:57:38 2021 +0300

    Add internal custom error type (#65)

71	102	service/Cargo.lock
5	2	service/Cargo.toml
33	0	service/build.rs
49	0	service/src/config.rs
28	0	service/src/defaults.rs
47	0	service/src/error.rs
278	155	service/src/impls.rs
73	39	service/src/main.rs
22	22	service/src/results.rs
713	248	service/src/tests.rs

commit e0cf188a2cac1b3c074dff057958048c72f18337
Author: boneyard93501 <4523011+boneyard93501@users.noreply.github.com>
Date:   Fri Oct 29 07:00:17 2021 -0500

    README: fix broken links (#71)

3	3	README.md

commit 3598c9044b90845a69c8f1c3306409a41d49e7e3
Author: Aleksey Proshutisnkiy <justprosh@users.noreply.github.com>
Date:   Wed Sep 29 18:05:45 2021 +0300

    get_values: return error if key not exists instead of empty vec (#60)

1	1	aqua/dht-scheduled-scripts.aqua
1	1	aqua/dht.aqua
1	1	aqua/pubsub.aqua
78	73	service/Cargo.lock
1	1	service/Cargo.toml
8	7	service/src/impls.rs
38	29	service/src/tests.rs

commit 0ef7dc9f7b9046fe0cb7655d7da1c9c21870b85d
Author: folex <0xdxdy@gmail.com>
Date:   Sun Sep 19 18:12:30 2021 +0300

    initTopicAndSubscribeBlocking: remove 'co'

1	1	aqua/pubsub.aqua
2	1	example/src/example.ts

commit 69aed6751735fedb86d3e526600faef390211242
Author: Aleksey Proshutisnkiy <justprosh@users.noreply.github.com>
Date:   Thu Sep 16 15:25:28 2021 +0300

    CI: pack builtin-service with generated .wasm and scheduled scripts (#57)

1	3	.github/workflows/release.yml
3	0	.gitignore
2	0	aqua/dht-scheduled-scripts.aqua
-	-	builtin-package/aqua-dht.wasm
8	2	builtin-package/package.sh
0	10	builtin-package/scheduled/dht-scheduled-scripts.clearExpired_86400.air
0	35	builtin-package/scheduled/dht-scheduled-scripts.replicate_3600.air
-	-	builtin-package/sqlite3.wasm

commit c19ee1293e4f3bbbd5e358ca915e220be9fbec6c
Author: folex <0xdxdy@gmail.com>
Date:   Mon Sep 13 15:30:43 2021 +0300

    Add initTopicAndSubscribeBlocking (#56)

22	0	aqua/pubsub.aqua
2	2	example/src/aqua/export.aqua
5	2	example/src/example.ts

commit c498f6c15d70c5655b6c86e5bc7a8b905da0a547
Author: folex <0xdxdy@gmail.com>
Date:   Mon Sep 13 14:39:29 2021 +0300

    CI: npm version --allow-same-version

1	1	.github/workflows/release.yml

commit f66269ee25f485c53b63c7c3d1bf177cdf517a80
Author: folex <0xdxdy@gmail.com>
Date:   Mon Sep 13 14:27:38 2021 +0300

    Aqua 0.3.1 (#55)
    
    * Aqua 0.3.1
    
    * Do not publish aqua-dht-ts

1	10	.github/workflows/release.yml
4	33	aqua/package-lock.json
1	2	aqua/package.json
3	3	example/package-lock.json
1	1	example/package.json

commit 7ee5b79fad5cacd65a1584b0a8ddd9ecd5f32b80
Author: folex <0xdxdy@gmail.com>
Date:   Mon Sep 13 14:07:04 2021 +0300

    CI: mkdir target/typescript

1	0	aqua/package.json

commit 69ba338798fb006e04599241b3bbe3c66b62c53d
Author: folex <0xdxdy@gmail.com>
Date:   Mon Sep 13 13:53:41 2021 +0300

    CI: remove TypeScript library

0	6	.github/workflows/release.yml

commit 95b74bdeb3beb3834b2bfbabd853dc71906e9919
Author: folex <0xdxdy@gmail.com>
Date:   Mon Sep 13 13:44:30 2021 +0300

    Update JS SDK to 0.12 (#54)

1	1	aqua/package.json
51	2659	example/package-lock.json
2	2	example/package.json
5	6	example/src/example.ts

commit 899d049ff02a4ef74ef9c70d5af4f772586bbd2c
Author: folex <0xdxdy@gmail.com>
Date:   Mon Sep 13 12:32:36 2021 +0300

    JS SDK 0.11, Aqua 0.3 (#53)

5	0	.gitignore
4	2	aqua/dht-scheduled-scripts.aqua
2	0	aqua/dht.aqua
33	4	aqua/package-lock.json
2	2	aqua/package.json
57	54	aqua/pubsub.aqua
0	7	aqua/target/typescript/README.md
0	2100	aqua/target/typescript/package-lock.json
0	34	aqua/target/typescript/package.json
0	137	aqua/target/typescript/src/dht-scheduled-scripts.ts
0	18	aqua/target/typescript/src/index.ts
0	894	aqua/target/typescript/src/pubsub.ts
0	69	aqua/target/typescript/tsconfig.json
4730	0	example/package-lock.json
6	3	{examples/typescript => example}/package.json
7	6	examples/aqua/example.aqua => example/src/aqua/event_example.aqua
0	2	{examples/javascript => example/src/aqua}/export.aqua
7	5	{examples/typescript => example/src}/example.ts
0	0	{examples/typescript => example}/tsconfig.json
0	1	examples/aqua/.gitignore
0	26	examples/aqua/package-lock.json
0	15	examples/aqua/package.json
0	22	examples/javascript/example.js
0	221	examples/javascript/export.js
0	2122	examples/javascript/package-lock.json
0	26	examples/javascript/package.json
0	4198	examples/typescript/package-lock.json

commit 04b00967f91cd813dceb58469eacb7f2e387bfaf
Author: folex <0xdxdy@gmail.com>
Date:   Thu Sep 2 17:43:32 2021 +0300

    JS SDK 0.10 (#47)

6	6	.github/workflows/release.yml
6	6	aqua/package-lock.json
2	2	aqua/package.json
491	1456	aqua/target/typescript/package-lock.json
1	1	aqua/target/typescript/package.json
3	1	examples/aqua/example.aqua
10	3041	examples/aqua/package-lock.json
22	0	examples/javascript/example.js
5	0	examples/javascript/export.aqua
221	0	examples/javascript/export.js
2122	0	examples/javascript/package-lock.json
26	0	examples/javascript/package.json
2594	1449	examples/typescript/package-lock.json
2	2	examples/typescript/package.json

commit 1356e404e9c94927dfa3e79ecc7d09a35e674421
Author: folex <0xdxdy@gmail.com>
Date:   Tue Aug 24 17:06:45 2021 +0300

    CI: update aqua-dht version in Builtin Services  (#45)

59	15	.github/workflows/release.yml
15	13	aqua/dht-scheduled-scripts.aqua
4	4	aqua/package-lock.json
2	2	aqua/package.json
-	-	builtin-package/aqua-dht.wasm
10	0	builtin-package/aqua-dht_config.json
7	0	builtin-package/blueprint.json
23	0	builtin-package/package.sh
10	0	builtin-package/scheduled/dht-scheduled-scripts.clearExpired_86400.air
35	0	builtin-package/scheduled/dht-scheduled-scripts.replicate_3600.air
-	-	builtin-package/sqlite3.wasm
4	0	builtin-package/sqlite3_config.json
2	2	examples/aqua/package-lock.json
2	2	examples/aqua/package.json

commit 47c9d8724d708644c26e71df3234b5a4c81c7a81
Author: Aleksey Proshutisnkiy <justprosh@users.noreply.github.com>
Date:   Tue Aug 3 17:49:34 2021 +0300

    Use prepared statements to prevent sql injection (#39)

2	2	service/Cargo.lock
105	61	service/src/impls.rs
1	0	service/src/main.rs
1	1	service/src/results.rs
16	2	service/src/tests.rs

commit 3d36cbe0423a8bb44de458a2c14950cb63d5e1bd
Author: folex <0xdxdy@gmail.com>
Date:   Mon Aug 2 17:55:26 2021 +0300

    CI: fix TS release (#38)

28	23	.github/workflows/release.yml
3	4	aqua/package.json
3	1	aqua/target/typescript/README.md

commit cd0af8fe77c45d49a769adfe81be54dacdf83a5d
Author: folex <0xdxdy@gmail.com>
Date:   Fri Jul 30 19:12:16 2021 +0300

    CI: clean cache

2	2	.github/workflows/release.yml
3051	0	aqua/target/typescript/package-lock.json

commit 0abf59f4d6ae74cc1c3152d145875b0a80c606e4
Author: folex <0xdxdy@gmail.com>
Date:   Fri Jul 30 19:03:18 2021 +0300

    CI: Add @fluencelabs/fluence to target/typescript deps

3	1	aqua/target/typescript/package.json

commit 2987e2c56cf5ba65d81bd332948a4d47bf6f007e
Author: folex <0xdxdy@gmail.com>
Date:   Fri Jul 30 18:57:51 2021 +0300

    CI: setup node earlier

5	5	.github/workflows/release.yml

commit fa21efb63a8b3c5f5aaa63eff3c72890a38efb42
Author: folex <0xdxdy@gmail.com>
Date:   Fri Jul 30 18:25:50 2021 +0300

    CI: fix rust toolchain override

1	1	.github/workflows/release.yml

commit 3370a03777cc6912f58c50784593700760f7614e
Author: Aleksey Proshutisnkiy <justprosh@users.noreply.github.com>
Date:   Fri Jul 30 18:18:27 2021 +0300

    Add tests to check republish_values/propagate_host_value; fix bugs (#36)
    
    add initTopicAndSubscribeNode test
    add evict -> republish -> clear expired test
    fix bug with propagate_host_value and republish_values

2	2	service/Cargo.lock
1	1	service/README.md
78	42	service/src/impls.rs
129	0	service/src/tests.rs

commit ed4e1dd96af4f3302dbbe27ba563cec095bc6c57
Author: folex <0xdxdy@gmail.com>
Date:   Fri Jul 30 14:38:34 2021 +0300

    Add README for NPM packages (#37)

2	1	README.md
5	0	aqua/README.md
2	1	aqua/package.json
5	0	aqua/target/typescript/README.md
2	1	aqua/target/typescript/package.json
2	0	service/README.md

commit 4d89f819601277ac12d2a045aebe400e2266879d
Author: folex <0xdxdy@gmail.com>
Date:   Fri Jul 30 14:22:00 2021 +0300

    example.aqua: typo

1	1	examples/aqua/example.aqua

commit 489b01bc3aa8f874e192df119c2d161b6d8b6aeb
Author: folex <0xdxdy@gmail.com>
Date:   Fri Jul 30 14:21:37 2021 +0300

    example.aqua: send an event to subscribers

27	5	examples/aqua/example.aqua

commit bef21956bc008fd23d575181be7e871c2694c9cb
Author: folex <0xdxdy@gmail.com>
Date:   Fri Jul 30 14:18:17 2021 +0300

    README: reword

1	1	README.md

commit d5f1d9848be6dfc9d91da32581fd25312e98dc0d
Author: folex <0xdxdy@gmail.com>
Date:   Fri Jul 30 14:17:52 2021 +0300

    README: move aqua-book link to the top

2	1	README.md

commit 824831502665f26f56af5e211d033d4949793947
Author: folex <0xdxdy@gmail.com>
Date:   Fri Jul 30 14:16:38 2021 +0300

    README: Reorder blocks

7	7	README.md

commit 9a729611c6da4930b5f145696bfdc975d1227e77
Author: folex <0xdxdy@gmail.com>
Date:   Wed Jul 28 13:53:38 2021 +0300

    Restructure (#31)

8	9	.circleci/config.yml
5	0	.github/workflows/changelog_config.json
57	51	.github/workflows/release.yml
17	0	.github/workflows/tag.yml
6	18	.gitignore
7	33	README.md
0	16	alias.air
0	10	aqua-dht_cfg.json
0	0	{npm => aqua}/dht-scheduled-scripts.aqua
22	22	aqua/{aqua-dht.aqua => dht.aqua}
19	0	aqua/package-lock.json
34	0	aqua/package.json
0	0	{npm => aqua}/pubsub.aqua
14	0	aqua/target/typescript/package-lock.json
4	13	{npm => aqua/target/typescript}/package.json
137	0	aqua/target/typescript/src/dht-scheduled-scripts.ts
1	1	{npm => aqua/target/typescript}/src/index.ts
894	0	aqua/target/typescript/src/pubsub.ts
69	0	aqua/target/typescript/tsconfig.json
0	12	build.sh
0	14	deploy.sh
1	0	examples/aqua/.gitignore
8	0	examples/aqua/example.aqua
146	189	{npm => examples/aqua}/package-lock.json
15	0	examples/aqua/package.json
22	0	examples/typescript/example.ts
3053	0	examples/typescript/package-lock.json
23	0	examples/typescript/package.json
69	0	examples/typescript/tsconfig.json
0	9	npm/.gitignore
0	6	npm/.npmignore
0	7	npm/LICENSE
0	84	npm/dht-api.aqua
0	1	npm/dht.aqua
0	28	npm/tsconfig.json
13	24	Cargo.lock => service/Cargo.lock
0	0	Cargo.toml => service/Cargo.toml
0	0	Config.toml => service/Config.toml
22	0	service/README.md
20	0	service/build.sh
0	0	rust-toolchain => service/rust-toolchain
0	0	{src => service/src}/impls.rs
0	0	{src => service/src}/main.rs
0	0	{src => service/src}/results.rs
0	0	{src => service/src}/tests.rs
0	4	sqlite3_cfg.json

commit 975387321b190fd8e3355c4e2a906d3c7409c154
Author: Aleksey Proshutisnkiy <justprosh@users.noreply.github.com>
Date:   Tue Jul 27 12:44:27 2021 +0300

    add in-code comments (#30)

22	1	src/impls.rs

commit e6e950cf02828e5dee7b368c28d4f4c52966e4ba
Author: DieMyst <dmitry.shakhtarin@fluence.ai>
Date:   Thu Jul 15 17:36:34 2021 +0300

    add pubsub.aqua to release files

2	1	npm/package.json

commit 86d8547eecbdca618fcd0a25a555d417775b85c6
Author: folex <0xdxdy@gmail.com>
Date:   Tue Jul 13 19:24:26 2021 +0300

    Update aqua-dht to aqua-lib 0.1.9

4	2	.gitignore
27	56	Cargo.lock
22	22	aqua/aqua-dht.aqua
7	1	npm/.gitignore
2	4	npm/dht-api.aqua
1	1	npm/dht-scheduled-scripts.aqua
1	1	npm/dht.aqua
6	6	npm/package-lock.json
2	2	npm/package.json
1	3	npm/pubsub.aqua

commit 84acd0f35c648d5a3beae1993813dfb1cf2cfb0b
Author: boneyard93501 <4523011+boneyard93501@users.noreply.github.com>
Date:   Tue Jul 13 11:02:46 2021 -0500

    Update README (#29)

20	96	README.md
0	21	npm/readme.md

commit b2343d83de0fea0597ee14b108edafa866672d64
Author: folex <0xdxdy@gmail.com>
Date:   Thu Jun 17 19:26:55 2021 +0300

    Update to marine-rs-sdk (#24)

83	49	Cargo.lock
3	3	Cargo.toml
12	12	src/impls.rs
2	2	src/main.rs
1	1	src/results.rs
2	2	src/tests.rs

commit 1296700be028ad2452699b3d38947be5fc6a5e55
Author: folex <0xdxdy@gmail.com>
Date:   Thu Jun 17 12:37:11 2021 +0300

    Fix release: set cwd to rust project on rust install

1	0	.github/workflows/release.yml

commit 82c74bfffea1562b84c51dda5cf7ea5f06284c9f
Author: folex <0xdxdy@gmail.com>
Date:   Thu Jun 17 12:32:41 2021 +0300

    Remove unused try_trait (#23)

7	59	.circleci/config.yml
1	0	.github/workflows/release.yml
15	15	Cargo.lock
19	19	aqua/aqua-dht.aqua
0	1	src/main.rs

commit f63eea2223c1b0363ad43053080afef0c33d0864
Author: Dzmitry Lahoda <dzmitry@lahoda.pro>
Date:   Thu Jun 17 11:02:03 2021 +0300

    Set rust-toolchain to nightly (#22)

1	0	rust-toolchain

commit 2a7f5cec193073aad5982b903b4b1ff3d543b834
Author: DieMyst <dmitry.shakhtarin@fluence.ai>
Date:   Wed Jun 9 14:47:47 2021 +0300

    update cli

12	3599	npm/package-lock.json
1	1	npm/package.json

commit 19d4a28f61a568608d4984101395a157911aca40
Author: Dmitry Kurinskiy <dmitry@fluence.one>
Date:   Tue Jun 8 18:26:38 2021 +0300

    Pubsub aqua (#19)
    
    * add branch to ci to test release
    
    * add some comments
    
    * release!
    
    * delete release branch
    
    * DHT api in terms of PubSub
    
    Co-authored-by: DieMyst <dmitry.shakhtarin@fluence.ai>

3599	12	npm/package-lock.json
1	1	npm/package.json
100	0	npm/pubsub.aqua

commit a24a530be13252b38a1c2a3ef3bbd93cce0e1835
Author: Aleksey Proshutisnkiy <justprosh@users.noreply.github.com>
Date:   Tue Jun 8 14:29:15 2021 +0300

    add propagate_host_value (#15)

63	28	Cargo.lock
1	1	Cargo.toml
26	21	aqua/aqua-dht.aqua
42	8	src/impls.rs
9	11	src/main.rs
28	1	src/results.rs

commit ea5d350f59a38686ac0e2f32ea0267d5e435518f
Author: folex <0xdxdy@gmail.com>
Date:   Fri Jun 4 16:49:35 2021 +0300

    Download marine with curl (#13)

2	1	.circleci/config.yml
14	0	.github/download_marine.sh
27	6	.github/workflows/release.yml

commit 26dd30744ce5f4f31109f4f798a8db4c8cddd635
Author: Dima <dmitry.shakhtarin@fluence.ai>
Date:   Fri Jun 4 16:30:16 2021 +0300

    Publish compiled TypeScript code (#12)

19	0	.github/workflows/release.yml
20	20	aqua/aqua-dht.aqua
6	0	npm/.npmignore
3082	28	npm/package-lock.json
10	4	npm/package.json
18	0	npm/src/index.ts
28	0	npm/tsconfig.json

commit 3eadafabd5dfd8135abb6912f330c51ae865bfcf
Author: DieMyst <dmitry.shakhtarin@fluence.ai>
Date:   Fri Jun 4 12:06:02 2021 +0300

    fix file path

1	1	npm/package.json

commit fe5dcd46c792614c90442f5d810302180a0ea591
Author: Dima <dmitry.shakhtarin@fluence.ai>
Date:   Fri Jun 4 11:37:17 2021 +0300

    High-level dht api (#11)
    
    * dht api
    
    * add branch to ci to test release
    
    * add some comments
    
    * add aqua-lib dependency
    
    * par in onProviders
    
    * release!
    
    * delete release branch
    
    * Tiny changes
    
    Co-authored-by: dmitry <dmitry@fluence.one>

2	0	.gitignore
2	0	npm/.gitignore
86	0	npm/dht-api.aqua
19	0	npm/dht-scheduled-scripts.aqua
1	0	npm/dht.aqua
42	1	npm/package-lock.json
13	3	npm/package.json

commit a621c64a86964b8350b385f7023c698a5e48823c
Merge: a29d6ec a703e02
Author: Dima <dmitry.shakhtarin@fluence.ai>
Date:   Thu Jun 3 18:51:07 2021 +0300

    Merge pull request #10 from fluencelabs/add_config
    
    Add config

commit a29d6ec2f2b6bf24965c094b601557a1ba04336c
Merge: 7942e40 30517cb
Author: Dima <dmitry.shakhtarin@fluence.ai>
Date:   Thu Jun 3 18:50:34 2021 +0300

    Merge pull request #9 from fluencelabs/readme_update
    
    Update readme

commit a703e02a4371b5b1acab2692235377e924eedffb
Author: Alexey Proshutinskiy <alexey.prosh@fluence.one>
Date:   Thu Jun 3 14:56:45 2021 +0300

    update args naming

36	36	aqua/aqua-dht.aqua
28	28	src/impls.rs
32	32	src/main.rs

commit 1b63eac1bca360a2b5fdae8cb8ae6e6bda6958cf
Author: Alexey Proshutinskiy <alexey.prosh@fluence.one>
Date:   Thu Jun 3 14:42:48 2021 +0300

    add test

29	0	src/tests.rs

commit e89adc66de42a98a606ef55390d8f47d09753626
Author: Alexey Proshutinskiy <alexey.prosh@fluence.one>
Date:   Thu Jun 3 14:39:15 2021 +0300

    fix tests

1	1	src/main.rs
38	33	src/tests.rs

commit b0fa49da081315be08c7335b852a52c6606ae79d
Author: Alexey Proshutinskiy <alexey.prosh@fluence.one>
Date:   Thu Jun 3 14:32:11 2021 +0300

    add config file

4	2	Cargo.lock
2	0	Cargo.toml
26	23	aqua/aqua-dht.aqua
27	5	src/impls.rs
36	4	src/main.rs
7	7	src/tests.rs

commit 30517cb16aae33670e79bf33d7ece4937219f216
Author: Alexey Proshutinskiy <alexey.prosh@fluence.one>
Date:   Wed Jun 2 21:02:04 2021 +0300

    update readme

65	25	README.md

commit 7942e40d5f505f6b859e536433235be77578f4cd
Author: Aleksey Proshutisnkiy <justprosh@users.noreply.github.com>
Date:   Wed Jun 2 21:01:27 2021 +0300

    fix service, add some tests (#8)

2	2	Cargo.lock
1	1	alias.air
30	30	aqua/aqua-dht.aqua
6	3	deploy.sh
28	17	src/impls.rs
89	3	src/tests.rs

commit df3e43996b35b05a9b8f974e65033b85cdefcf7f
Author: Aleksey Proshutisnkiy <justprosh@users.noreply.github.com>
Date:   Mon May 31 16:06:13 2021 +0300

    properly handle initial deploy (#7)

6	3	alias.air

commit 587b1bf6594b31ad68738794ac7f7e7380ddb2dc
Author: Aleksey Proshutisnkiy <justprosh@users.noreply.github.com>
Date:   Mon May 31 15:14:56 2021 +0300

    deploy: remove old service by alias (#6)

9	3	alias.air

commit bfbc30c88f6a30b4a6366e6e31d4878841f54a38
Author: Aleksey Proshutisnkiy <justprosh@users.noreply.github.com>
Date:   Mon May 31 13:30:23 2021 +0300

    api rework (#5)

5	5	Cargo.lock
1	0	Cargo.toml
26	32	aqua/aqua-dht.aqua
158	62	src/impls.rs
31	25	src/main.rs
6	51	src/results.rs
80	47	src/tests.rs

commit 53d9b007ad17f076707f6a1352046a326ae59067
Author: Dmitry Kurinskiy <dmitry@fluence.one>
Date:   Fri May 28 13:00:47 2021 +0300

    Update README.md

1	1	README.md

commit 8c1de3c17b94d1b44a34c8b3a94370b98e71e715
Author: Dmitry Kurinskiy <dmitry@fluence.one>
Date:   Fri May 28 13:00:29 2021 +0300

    Update README.md

1	1	README.md

commit 8ae8678438c7afc7aeade70787c972828716b36e
Author: Aleksey Proshutisnkiy <justprosh@users.noreply.github.com>
Date:   Fri May 28 12:51:21 2021 +0300

    readme update (#4)

82	1	README.md
3	0	src/impls.rs

commit f2d98f1f8b10ee52d7cdb14ec9f5510273ce3c1f
Author: Pavel Murygin <pavel.murygin@gmail.com>
Date:   Thu May 27 21:14:03 2021 +0300

    Comment out failing step

25	25	.circleci/config.yml

commit 8d5d85d4eeb19b1951cf521a5f7432a29b44327c
Author: Alexey Proshutinskiy <alexey.prosh@fluence.one>
Date:   Thu May 27 20:12:12 2021 +0300

    hacked #9999

34	33	aqua/aqua-dht.aqua
15	2	src/main.rs

commit 47157a2fb561232a032893b4cc8265780310b369
Author: Alexey Proshutinskiy <alexey.prosh@fluence.one>
Date:   Thu May 27 20:06:47 2021 +0300

    hacked by fLuEnCe LaBs

28	24	aqua/aqua-dht.aqua
6	1	src/main.rs
5	0	src/results.rs

commit 90a8bf1ffa2d3bbf7f7eef5ed3cae46b2aac5512
Author: Alexey Proshutinskiy <alexey.prosh@fluence.one>
Date:   Thu May 27 19:52:08 2021 +0300

    hacked by jUsTpRoSh

32	32	aqua/aqua-dht.aqua
2	1	src/main.rs

commit a383d28b87dc9b4682dc0c505f5eb34a261b83e6
Author: Alexey Proshutinskiy <alexey.prosh@fluence.one>
Date:   Thu May 27 19:39:52 2021 +0300

    add merge_hack and merge_wrapped

2	2	Cargo.lock
30	28	aqua/aqua-dht.aqua
9	0	src/main.rs

commit 80be199d8f1393879bef96bee03293c3030eccb9
Author: Pavel <Pavel.Murygin@gmail.com>
Date:   Thu May 27 17:58:52 2021 +0300

    Putting .aqua file into npm package (#3)

31	0	.circleci/config.yml
16	2	.github/workflows/release.yml

commit 8a4a4d941b83711b509f57de1f51665e0cfdec06
Author: Pavel <Pavel.Murygin@gmail.com>
Date:   Thu May 27 14:16:59 2021 +0300

    Npm package (#2)
    
    Fix npm package release process

1	1	.github/workflows/release.yml
2	2	npm/readme.md

commit 3c1bcc35718f728537ce8251bc4ff90dd97d562b
Merge: 46ecb80 7320937
Author: Pavel <Pavel.Murygin@gmail.com>
Date:   Thu May 27 14:05:26 2021 +0300

    Merge pull request #1 from fluencelabs/npm-package
    
    Add npm package

commit 7320937f7eaacab1abcf048be759faf7b3d34088
Author: Pavel Murygin <pavel.murygin@gmail.com>
Date:   Thu May 27 13:55:14 2021 +0300

    Add npm package

71	0	.github/workflows/release.yml
1	0	npm/.gitignore
7	0	npm/LICENSE
0	0	npm/dht.aqua
5	0	npm/package-lock.json
23	0	npm/package.json
21	0	npm/readme.md

commit 46ecb80eb82a18f4802393f2402f49f6f94b3ce1
Author: Alexey Proshutinskiy <alexey.prosh@fluence.one>
Date:   Thu May 27 12:45:43 2021 +0300

    fix merge

21	25	aqua/aqua-dht.aqua
5	5	src/impls.rs
4	4	src/main.rs
3	10	src/results.rs
31	55	src/tests.rs

commit 6ad2870fafbea1a580320c0835ac122ccaa7736c
Author: Alexey Proshutinskiy <alexey.prosh@fluence.one>
Date:   Thu May 27 12:14:16 2021 +0300

    add merge tests

84	0	src/tests.rs

commit 3a99cd91f0eb7096a80768e6b5b9dd80177316aa
Author: Alexey Proshutinskiy <alexey.prosh@fluence.one>
Date:   Thu May 27 00:14:10 2021 +0300

    ci fix

1	1	.circleci/config.yml

commit 06d067f6f4dfb76e9481c8c1eba2bce80c154472
Author: Alexey Proshutinskiy <alexey.prosh@fluence.one>
Date:   Thu May 27 00:10:55 2021 +0300

    ci fix

2	2	.circleci/config.yml

commit e3f3f0ea7e55ff3026f51c0e81b6b13baecf2811
Author: Alexey Proshutinskiy <alexey.prosh@fluence.one>
Date:   Thu May 27 00:07:20 2021 +0300

    fix ci toolchain

5	5	.circleci/config.yml

commit c83d22ffbbf3098092203e64953097dfd8a321f7
Author: Alexey Proshutinskiy <alexey.prosh@fluence.one>
Date:   Wed May 26 23:58:46 2021 +0300

    add put_value_relay and merge methods

4	4	Cargo.lock
27	15	aqua/aqua-dht.aqua
0	0	deploy.sh
20	1	src/impls.rs
16	2	src/main.rs
32	0	src/results.rs

commit 41bd28b352dd24a53fa6bacc4fcdb8ed52e07695
Author: Alexey Proshutinskiy <alexey.prosh@fluence.one>
Date:   Tue May 25 13:01:21 2021 +0300

    add service id and name to generated .aqua

24	24	aqua/aqua-dht.aqua
1	1	build.sh

commit d8d9c902b4888ca3ec3b43f395fa228426d2cb3d
Author: Alexey Proshutinskiy <alexey.prosh@fluence.one>
Date:   Tue May 25 12:57:08 2021 +0300

    create separate dir for aqua

29	40	{artifacts => aqua}/aqua-dht.aqua
1	1	build.sh

commit c6dd03e30899b1d8a526a61a41ee1e9c58a5cb30
Author: Alexey Proshutinskiy <alexey.prosh@fluence.one>
Date:   Tue May 25 12:50:56 2021 +0300

    add aqua-dht.aqua

32	32	Cargo.lock
74	0	artifacts/aqua-dht.aqua
1	0	build.sh
1	0	src/impls.rs

commit cebe3007289baecbc51df932c42dee069fd3bf9f
Author: Alexey Proshutinskiy <alexey.prosh@fluence.one>
Date:   Wed May 19 01:36:45 2021 +0300

    add script to deploy and to add aliases

7	0	alias.air
11	0	deploy.sh

commit 1a2c68aca1af6d1987df3e2160fd818c431d508a
Author: Alexey Proshutinskiy <alexey.prosh@fluence.one>
Date:   Wed May 19 01:10:41 2021 +0300

    add modules configs, use timestamp_sec instead of timestamp_ms

10	0	aqua-dht_cfg.json
4	0	sqlite3_cfg.json
3	3	src/main.rs

commit 069817a489af3d1c5da456e53f692736859f2325
Author: Alexey Proshutinskiy <alexey.prosh@fluence.one>
Date:   Tue May 18 17:48:19 2021 +0300

    return relay_id and service_id as Vec<String>

15	4	src/impls.rs
2	2	src/results.rs
8	8	src/tests.rs

commit e35e3973f30d640bce3efe2f0d6322006fe153a3
Author: Alexey Proshutinskiy <alexey.prosh@fluence.one>
Date:   Tue May 18 17:33:32 2021 +0300

    pass service_id to put_value

2	2	src/impls.rs
2	2	src/main.rs
20	19	src/tests.rs

commit 1e4fd156b28f0d3914cecb9c9b16938381497854
Author: Alexey Proshutinskiy <alexey.prosh@fluence.one>
Date:   Mon May 17 19:55:31 2021 +0300

    add tests for evict_stale and clear_expired

2	2	src/impls.rs
186	1	src/tests.rs

commit 83abedb6c6cd66acd9d39050d64820a813bff1b4
Author: Alexey Proshutinskiy <alexey.prosh@fluence.one>
Date:   Mon May 17 18:09:53 2021 +0300

    add evict_stale method

49	18	src/impls.rs
24	2	src/results.rs

commit eb55d6b7ab7242bf91cbe67849a194558b43ae16
Author: Alexey Proshutinskiy <alexey.prosh@fluence.one>
Date:   Mon May 17 15:35:57 2021 +0300

    update timestamp_accessed for keys

21	7	src/impls.rs
8	8	src/main.rs
7	4	src/results.rs
6	6	src/tests.rs

commit bd9f23a1bcbbcb86e9ed635356dddc9e6d1bd3e7
Author: Alexey Proshutinskiy <alexey.prosh@fluence.one>
Date:   Mon May 17 15:27:25 2021 +0300

    update fluence-test

16	13	Cargo.lock
2	2	Cargo.toml
2	2	src/tests.rs

commit 957bf5ba9fe0b71aad25711301fa25c0aebf764d
Author: Alexey Proshutinskiy <alexey.prosh@fluence.one>
Date:   Sun May 16 23:06:07 2021 +0300

    WIP for Mikhail

6	9	Cargo.lock
1	1	Cargo.toml
1	1	src/impls.rs
1	1	src/main.rs
5	0	src/results.rs
2	1	src/tests.rs

commit f9c62f2e9ab4d0ca99e590cd19b0919fe336198d
Author: Alexey Proshutinskiy <alexey.prosh@fluence.one>
Date:   Thu May 13 19:04:11 2021 +0300

    add republish_values and clear_expired methods

41	3	src/impls.rs
10	10	src/main.rs
33	6	src/results.rs

commit 0eaff4e447a96c283949f4fd97d242152437e0c8
Author: Alexey Proshutinskiy <alexey.prosh@fluence.one>
Date:   Thu May 13 18:17:30 2021 +0300

    fix get_values, add tests

5	3	src/impls.rs
116	9	src/tests.rs

commit d16ba02004257ac8dbd9c02c966c1a0feede279b
Author: Alexey Proshutinskiy <alexey.prosh@fluence.one>
Date:   Thu May 13 15:33:45 2021 +0300

    add put_value, get_values, add some tests

51	3	src/impls.rs
11	11	src/main.rs
0	1	src/results.rs
53	8	src/tests.rs

commit 3a9bf79642c4eb9e8ec54591ca32cd67686dbba3
Author: Alexey Proshutinskiy <alexey.prosh@fluence.one>
Date:   Tue May 11 19:19:18 2021 +0300

    fix ci config

7	0	.circleci/config.yml

commit 3d2f7239ea5ae2bb195cf138e0f9889bcbe5be27
Author: Alexey Proshutinskiy <alexey.prosh@fluence.one>
Date:   Tue May 11 19:13:10 2021 +0300

    fix build.sh

2	1	build.sh

commit 9f68840cab9a668cfc47aa7249ea35a7f7e1a620
Author: Alexey Proshutinskiy <alexey.prosh@fluence.one>
Date:   Tue May 11 19:09:52 2021 +0300

    fix ci config

2	2	.circleci/config.yml

commit 67117d20bf63b376eb7e199a633a4a3851ba075a
Author: Alexey Proshutinskiy <alexey.prosh@fluence.one>
Date:   Tue May 11 19:04:15 2021 +0300

    fix ci config

2	2	.circleci/config.yml

commit ba4a4c0aaa7d03741ee0ed5bf4823ae00b77b625
Author: Alexey Proshutinskiy <alexey.prosh@fluence.one>
Date:   Tue May 11 19:02:52 2021 +0300

    add Cargo.lock

1765	0	Cargo.lock

commit 91e38c2e82d52be12fb27ece91b4d187ff7540b5
Author: Alexey Proshutinskiy <alexey.prosh@fluence.one>
Date:   Tue May 11 18:58:06 2021 +0300

    add ci

51	0	.circleci/config.yml
7	6	src/main.rs
1	1	src/tests.rs

commit e68b6b20abfc55dcf1196d419d5e43999aab69f8
Author: Alexey Proshutinskiy <alexey.prosh@fluence.one>
Date:   Tue May 11 18:32:37 2021 +0300

    WIP

4	3	Cargo.toml
1	1	build.sh
116	0	src/impls.rs
48	176	src/main.rs
102	20	src/results.rs
222	0	src/tests.rs

commit c8a302f97fe5d77becebd1fab16498cedde95dfd
Author: Alexey Proshutinskiy <alexey.prosh@fluence.one>
Date:   Thu Apr 29 11:14:26 2021 +0300

    wip for Mikhail

1	1	Cargo.toml
4	4	src/main.rs

commit 830fb9658f7d6ee80a1ddf54f674c1e3aee4efa4
Author: Alexey Proshutinskiy <alexey.prosh@fluence.one>
Date:   Wed Apr 28 18:38:26 2021 +0300

    add some tests

3	2	Cargo.toml
78	5	src/main.rs

commit 8f83b7d188ee9b2ff880af10f03e00b765f64781
Author: Alexey Proshutinskiy <alexey.prosh@fluence.one>
Date:   Wed Apr 28 09:50:06 2021 +0300

    wip for Mikhail

5	2	Cargo.toml
1	1	build.sh
12	2	src/main.rs

commit 61bd1a4a60c6c09d1a39127bc28466c117df8c14
Author: Alexey Proshutinskiy <alexey.prosh@fluence.one>
Date:   Tue Apr 27 16:53:01 2021 +0300

    improve error handling

77	65	src/main.rs
120	0	src/results.rs

commit 8ac266659eca39647e3916d1841525460bbc7dff
Author: Alexey Proshutinskiy <alexey.prosh@fluence.one>
Date:   Mon Apr 26 10:45:28 2021 +0300

    Initial commit

5	0	.gitignore
15	0	Cargo.toml
19	0	Config.toml
10	0	build.sh
121	0	src/main.rs

commit 611d2d7e1b51d9d8e31874f0dc266dfb26aae30a
Author: folex <0xdxdy@gmail.com>
Date:   Tue Apr 20 13:12:38 2021 +0300

    Initial commit

10	0	.gitignore
21	0	LICENSE
1	0	README.md
