commit b9fbbbcafb7cb88daeeb11e66146024baefe2b73
Author: Aleksey Proshutisnkiy <justprosh@users.noreply.github.com>
Date:   Sat Feb 5 03:17:07 2022 +0300

    aqua: update sig service (#39)

8	8	admin/package-lock.json
1	1	admin/package.json
9	9	aqua/package-lock.json
1	1	aqua/package.json
21	26	aqua/trust-graph-api.aqua
10	10	example/package-lock.json
1	1	example/package.json

commit 7c72a59bef49a4846f42a0d10e288c93243b95a5
Author: Aleksey Proshutisnkiy <justprosh@users.noreply.github.com>
Date:   Fri Feb 4 20:00:49 2022 +0300

    npm: aqua: fix build (#38)

2	0	aqua/misc.aqua
1	2	aqua/trust-graph-api.aqua

commit 5609740216c6ef5cc8de4c65fe476ee5dba2c4f8
Author: Aleksey Proshutisnkiy <justprosh@users.noreply.github.com>
Date:   Fri Feb 4 18:45:37 2022 +0300

    High-level Aqua API (#35)

169	153	Cargo.lock
59	4	README.md
2	0	admin/README.md
11	1	admin/aqua/export.aqua
13	7	admin/index.ts
4357	727	admin/package-lock.json
3	3	admin/package.json
39	0	aqua/labelling.aqua
13	0	aqua/misc.aqua
3028	330	aqua/package-lock.json
3	3	aqua/package.json
195	75	aqua/trust-graph-api.aqua
22	15	aqua/trust-graph.aqua
3	1	builtin-package/on_start.air
1	1	builtin-package/on_start.json
5	18	example/README.md
27	0	example/aqua/computation.aqua
6	6	example/aqua/export.aqua
73	68	example/index.ts
4472	789	example/package-lock.json
3	3	example/package.json
1	0	example_secret_key.ed25519
49	47	local-network/docker-compose.yml
30	6	service/src/results.rs
69	28	service/src/service_api.rs
1	2	service/src/storage_impl.rs
24	24	service/src/tests.rs
3	5	src/revoke.rs
59	6	src/trust_graph.rs
5	1	src/trust_graph_storage.rs

commit 58648d70373a496debf6fb67688cc66252487389
Author: folex <0xdxdy@gmail.com>
Date:   Fri Jan 28 18:18:22 2022 +0300

    fluence-keypair 0.6.0

1	1	Cargo.lock
1	1	Cargo.toml
1	1	keypair/Cargo.toml
1	1	service/Cargo.toml

commit 048406aa020d9e0185f114395cd4f98905ad206c
Author: folex <0xdxdy@gmail.com>
Date:   Fri Jan 28 17:52:35 2022 +0300

    CI: toolchain nightly-2022-01-16

1	1	.github/workflows/release.yml

commit b76954782bac8fef3028105782a845c0ac17a917
Author: folex <0xdxdy@gmail.com>
Date:   Fri Jan 28 16:15:20 2022 +0300

    libp2p-core 0.31.0 (from crates.io) (#37)

3	3	.circleci/config.yml
214	97	Cargo.lock
1	1	Cargo.toml
1	1	keypair/Cargo.toml
3	0	keypair/rust-toolchain.toml
14	3	keypair/src/public_key.rs
1	1	rust-toolchain.toml
1	1	service/Cargo.toml
1	1	service/rust-toolchain.toml

commit c2f63cb41e45c4e2c7a36d5cc303cc1ae0b14b85
Author: folex <0xdxdy@gmail.com>
Date:   Thu Jan 13 19:37:23 2022 +0300

    Remove serde version lock (#15)

2	0	.gitignore
1	1	Cargo.toml
1	1	keypair/Cargo.toml

commit 8214b1cc5c3275178a47f6ed46d6bf4d4adce845
Author: Aleksey Proshutisnkiy <justprosh@users.noreply.github.com>
Date:   Mon Dec 13 19:40:16 2021 +0300

    Fix revocations logic (#34)

60	70	Cargo.lock
1	0	Cargo.toml
1	1	aqua/package.json
2	2	aqua/trust-graph-api.aqua
3	3	aqua/trust-graph.aqua
1	1	example/index.ts
2	2	keypair/src/rsa.rs
1	1	keypair/src/signature.rs
1	1	service/Cargo.toml
7	7	service/src/dto.rs
7	7	service/src/results.rs
4	4	service/src/service_api.rs
61	23	service/src/storage_impl.rs
73	14	service/src/tests.rs
47	0	src/chain.rs
2	1	src/lib.rs
11	11	src/revoke.rs
23	18	src/trust_graph.rs
5	3	src/trust_graph_storage.rs
0	206	src/trust_node.rs
8	7	src/trust_relation.rs

commit c4019127e8968b8274f07eda02816d6663f92924
Author: boneyard93501 <4523011+boneyard93501@users.noreply.github.com>
Date:   Mon Dec 6 14:27:06 2021 -0600

    bump versions, update readme (#33)

1	1	example/README.md
23	23	example/package-lock.json
3	3	example/package.json

commit 24dbadaa7ca32b891e3c28cc8024153d2304e84f
Author: Aleksey Proshutisnkiy <justprosh@users.noreply.github.com>
Date:   Mon Dec 6 20:17:45 2021 +0300

    Update READMEs, example, fix bug in aqua api (#32)

31	7	README.md
11	5	admin/README.md
31	95	admin/package-lock.json
3	3	admin/package.json
24	25	aqua/trust-graph-api.aqua
19	1	example/README.md
60	44	example/index.ts
35	99	example/package-lock.json
3	3	example/package.json
1	1	local-network/docker-compose.yml

commit 7528256e789b67717a7ca35be300215d961f3a5e
Author: Aleksey Proshutisnkiy <justprosh@users.noreply.github.com>
Date:   Wed Nov 24 18:35:38 2021 +0300

    Remove mutex from TG instance (#31)

2	2	service/src/error.rs
1	2	service/src/main.rs
16	12	service/src/misc.rs
29	25	service/src/service_api.rs
1	14	service/src/storage_impl.rs
3	3	service/src/tests.rs

commit 1f31ffecc73b4e649c6630aff1ee84d20eca97a0
Author: Aleksey Proshutisnkiy <justprosh@users.noreply.github.com>
Date:   Wed Nov 24 16:54:45 2021 +0300

    refactoring (#30)

64	0	service/src/error.rs
5	1	service/src/main.rs
72	0	service/src/misc.rs
1	1	service/src/results.rs
139	39	service/src/service_api.rs
0	255	service/src/service_impl.rs
5	6	service/src/tests.rs

commit cb6e072231913931c8fd1b5ae4eebd3298b8037f
Author: Aleksey Proshutisnkiy <justprosh@users.noreply.github.com>
Date:   Fri Nov 12 23:21:06 2021 +0300

    fix db paths (#28)

4	4	service/Config.toml
1	1	service/src/storage_impl.rs

commit 1454df5148a8a54dc698a77f575831a6c10c5ac5
Author: Aleksey Proshutisnkiy <justprosh@users.noreply.github.com>
Date:   Fri Nov 12 17:00:37 2021 +0300

    Fix CI recipes (#27)

2	1	.circleci/config.yml
1	0	.github/workflows/release.yml

commit 53562bc8a762d3e018e6f41cf0e1c98b2b8f656d
Author: Aleksey Proshutisnkiy <justprosh@users.noreply.github.com>
Date:   Fri Nov 12 16:19:16 2021 +0300

    Trust Graph: implement WASM built-in (#18)

5	3	.circleci/config.yml
14	0	.github/download_marine.sh
5	0	.github/workflows/changelog_config.json
158	0	.github/workflows/release.yml
17	0	.github/workflows/tag.yml
18	2	.gitignore
1446	107	Cargo.lock
7	8	Cargo.toml
3	56	README.md
6	0	admin/README.md
9	0	admin/aqua/export.aqua
105	0	admin/index.ts
4129	0	admin/package-lock.json
26	0	admin/package.json
69	0	admin/tsconfig.json
5544	0	aqua/package-lock.json
36	0	aqua/package.json
101	0	aqua/trust-graph-api.aqua
87	0	aqua/trust-graph.aqua
7	0	builtin-package/blueprint.json
31	0	builtin-package/on_start.air
1	0	builtin-package/on_start.json
22	0	builtin-package/package.sh
3	0	builtin-package/sqlite3_config.json
9	0	builtin-package/trust-graph_config.json
5	0	example/README.md
10	0	example/aqua/export.aqua
0	811	example/generated/export.ts
126	0	example/index.ts
4129	0	example/package-lock.json
26	0	example/package.json
69	0	example/tsconfig.json
0	23	js/.eslintrc.js
0	17	js/.gitignore
0	12	js/.npmignore
0	8	js/.prettierrc.js
0	4	js/jest.config.js
0	7295	js/package-lock.json
0	35	js/package.json
0	63	js/src/__test__/client.spec.ts
0	107	js/src/certificate.ts
0	20	js/src/index.ts
0	36	js/src/misc.ts
0	90	js/src/trust.ts
0	75	js/src/trust_graph.ts
0	35	js/tsconfig.json
1	1	keypair/Cargo.toml
32	23	keypair/src/ed25519.rs
19	3	keypair/src/error.rs
44	18	keypair/src/key_pair.rs
16	8	keypair/src/public_key.rs
24	15	keypair/src/rsa.rs
40	29	keypair/src/secp256k1.rs
1	1	keypair/src/signature.rs
1	0	local-network/builtins_secret_key.ed25519
77	0	local-network/docker-compose.yml
3	0	rust-toolchain.toml
38	0	service/Cargo.toml
16	0	service/Config.toml
33	0	service/build.rs
19	0	service/build.sh
3	0	service/rust-toolchain.toml
169	0	service/src/dto.rs
23	0	service/src/main.rs
258	0	service/src/results.rs
138	0	service/src/service_api.rs
255	0	service/src/service_impl.rs
332	0	service/src/storage_impl.rs
832	0	service/src/tests.rs
41	0	src/certificate.rs
6	5	src/lib.rs
12	10	src/revoke.rs
6	5	src/trust.rs
123	462	src/trust_graph.rs
15	113	src/trust_graph_storage.rs
76	0	src/trust_relation.rs
0	1781	wasm/Cargo.lock
0	28	wasm/Cargo.toml
0	15	wasm/Config.toml
0	8	wasm/run-repl.sh
0	101	wasm/src/dto.rs
0	22	wasm/src/main.rs
0	93	wasm/src/results.rs
0	75	wasm/src/service_api.rs
0	86	wasm/src/service_impl.rs
0	229	wasm/src/storage_impl.rs

commit 18f010c710166ba79b550108070357034afed1e6
Author: Aleksey Proshutisnkiy <justprosh@users.noreply.github.com>
Date:   Wed Sep 29 18:14:39 2021 +0300

    Move fluence-identity to fluence-keypair (#17)

35	0	.circleci/config.yml
215	190	Cargo.lock
3	3	Cargo.toml
811	0	example/generated/export.ts
0	0	{identity => keypair}/Cargo.lock
8	5	{identity => keypair}/Cargo.toml
1	1	{identity => keypair}/src/ed25519.rs
2	0	{identity => keypair}/src/error.rs
15	0	{identity => keypair}/src/key_pair.rs
29	6	{identity => keypair}/src/lib.rs
69	9	{identity => keypair}/src/public_key.rs
0	0	{identity => keypair}/src/rsa.rs
0	0	{identity => keypair}/src/secp256k1.rs
48	9	{identity => keypair}/src/signature.rs
-	-	{identity => keypair}/src/test/rsa-2048.pk8
-	-	{identity => keypair}/src/test/rsa-3072.pk8
-	-	{identity => keypair}/src/test/rsa-4096.pk8
4	4	src/certificate.rs
2	3	src/public_key_hashable.rs
4	4	src/revoke.rs
10	8	src/trust.rs
21	9	src/trust_graph.rs
1	1	src/trust_graph_storage.rs
2	2	src/trust_node.rs

commit e15cfa9ceb7da4893d281bdbc620c578f319ed9f
Author: boneyard93501 <4523011+boneyard93501@users.noreply.github.com>
Date:   Fri Aug 13 02:11:57 2021 -0500

    README: remove dead link (#9)

0	3	README.md

commit cbcca205666dea1ee0194502183d9002ff93a669
Author: folex <0xdxdy@gmail.com>
Date:   Thu Apr 15 21:23:03 2021 +0300

    fluence-identity 0.3.0, trust-graph 0.2.7 (#7)

33	30	Cargo.lock
3	3	Cargo.toml
2	2	identity/Cargo.toml

commit 1d451379b5a98b386dd1e720bd149fa075a90cbc
Author: Aleksey Proshutisnkiy <justprosh@users.noreply.github.com>
Date:   Thu Apr 15 14:00:27 2021 +0300

    Identity rework (#6)

121	66	Cargo.lock
9	2	Cargo.toml
12	2	identity/Cargo.toml
239	0	identity/src/ed25519.rs
69	0	identity/src/error.rs
186	130	identity/src/key_pair.rs
7	5	identity/src/lib.rs
102	40	identity/src/public_key.rs
278	0	identity/src/rsa.rs
230	0	identity/src/secp256k1.rs
0	35	identity/src/secret_key.rs
74	26	identity/src/signature.rs
-	-	identity/src/test/rsa-2048.pk8
-	-	identity/src/test/rsa-3072.pk8
-	-	identity/src/test/rsa-4096.pk8
83	83	src/certificate.rs
7	7	src/public_key_hashable.rs
23	21	src/revoke.rs
74	66	src/trust.rs
47	47	src/trust_graph.rs
1	1	src/trust_graph_storage.rs
13	13	src/trust_node.rs

commit 443e9af78444b743ff1e75d2fd7573976ed6ccb9
Author: folex <0xdxdy@gmail.com>
Date:   Thu Mar 11 14:48:58 2021 +0300

    Fix LibP2P (#5)

2	0	.gitignore
174	180	Cargo.lock
4	3	Cargo.toml
157	163	identity/Cargo.lock
3	2	identity/Cargo.toml
13	0	identity/src/key_pair.rs
12	0	identity/src/public_key.rs
1	1	src/lib.rs
3	3	src/public_key_hashable.rs
25	25	src/trust_graph.rs
35	26	wasm/Cargo.lock
2	2	wasm/Cargo.toml
1	1	wasm/src/storage_impl.rs

commit 011c72e3abedde8ed0e71cabaa5f0195c56cb0a8
Author: Dima <dmitry.shakhtarin@fluence.ai>
Date:   Thu Mar 11 14:38:56 2021 +0300

    readme, usage example (#3)

69	0	README.md

commit 87332f0f4ca5e2ca1627ed772ea51e58db3cb774
Author: Dima <dmitry.shakhtarin@fluence.ai>
Date:   Wed Feb 17 18:10:57 2021 +0300

    add trust-graph-js project (#4)

23	0	js/.eslintrc.js
17	0	js/.gitignore
12	0	js/.npmignore
8	0	js/.prettierrc.js
4	0	js/jest.config.js
7295	0	js/package-lock.json
35	0	js/package.json
63	0	js/src/__test__/client.spec.ts
107	0	js/src/certificate.ts
20	0	js/src/index.ts
36	0	js/src/misc.ts
90	0	js/src/trust.ts
75	0	js/src/trust_graph.ts
35	0	js/tsconfig.json

commit 2dc5df28ccc86eb846577f8333c4accc6d3534b4
Merge: 88b6f5f 8a15bf7
Author: Dima <dmitry.shakhtarin@fluence.ai>
Date:   Mon Feb 15 13:04:00 2021 +0300

    Merge pull request #2 from fluencelabs/error-handling
    
    Error handling

commit 8a15bf7e2a622a0acec7fa04916f08321a0da487
Author: DieMyst <dmitry.shakhtarin@fluence.ai>
Date:   Mon Feb 15 13:01:22 2021 +0300

    source

2	2	identity/src/public_key.rs
6	2	identity/src/signature.rs
4	4	src/certificate.rs
1	1	src/revoke.rs
15	7	src/trust.rs
11	15	src/trust_graph.rs
15	3	wasm/src/dto.rs
24	8	wasm/src/service_impl.rs
20	26	wasm/src/storage_impl.rs

commit 5ff8d2f8d0f6a0241083616b29687a42e3d0964f
Author: DieMyst <dmitry.shakhtarin@fluence.ai>
Date:   Mon Feb 15 12:44:41 2021 +0300

    transparent, PublicKeyHashable -> PK

1	1	identity/src/signature.rs
2	2	src/trust.rs
6	10	src/trust_graph.rs
4	4	wasm/src/service_impl.rs
12	17	wasm/src/storage_impl.rs

commit 953e0b6f0a8dfa113e9155f5b6dfe4a289957023
Author: DieMyst <dmitry.shakhtarin@fluence.ai>
Date:   Fri Feb 12 14:54:38 2021 +0300

    fix compilation

1	1	wasm/src/service_api.rs
1	1	wasm/src/service_impl.rs

commit 3bcc928a724d8610f86b8528232193d35fa9e676
Author: DieMyst <dmitry.shakhtarin@fluence.ai>
Date:   Fri Feb 12 14:54:08 2021 +0300

    add_root function

21	0	wasm/src/results.rs
18	3	wasm/src/service_api.rs
8	1	wasm/src/service_impl.rs

commit a9d1e72653efc5d7465995f46f96747c066f6922
Author: DieMyst <dmitry.shakhtarin@fluence.ai>
Date:   Fri Feb 12 14:42:51 2021 +0300

    refactoring

1	0	wasm/src/main.rs
1	1	wasm/src/results.rs
32	93	wasm/src/service_api.rs
63	0	wasm/src/service_impl.rs

commit 816b3754a4fa5ae367c7a633f674fb1c71ce126b
Author: DieMyst <dmitry.shakhtarin@fluence.ai>
Date:   Fri Feb 12 14:34:23 2021 +0300

    add cert as string and as json

28	7	wasm/src/service_api.rs

commit 66ace9d3df6866d2161485f6f914e851c90d490f
Author: DieMyst <dmitry.shakhtarin@fluence.ai>
Date:   Fri Feb 12 14:27:22 2021 +0300

    dto conversion, more errors

8	1	identity/src/signature.rs
8	9	src/trust.rs
48	0	wasm/src/dto.rs
5	4	wasm/src/service_api.rs

commit fb13bc1cdf41afd43356538c7bd9c0744e12ceff
Author: DieMyst <dmitry.shakhtarin@fluence.ai>
Date:   Thu Feb 11 18:14:14 2021 +0300

    structurize errors

19	21	src/trust.rs
8	9	wasm/src/service_api.rs

commit 1e9b8ba33b86567db4d27da287cad5bcdfb214f6
Author: DieMyst <dmitry.shakhtarin@fluence.ai>
Date:   Thu Feb 11 17:57:09 2021 +0300

    structurize errors

1	0	Cargo.lock
1	0	identity/Cargo.lock
1	0	identity/Cargo.toml
1	2	identity/src/key_pair.rs
16	2	identity/src/public_key.rs
3	2	identity/src/signature.rs
2	2	src/lib.rs
3	18	src/public_key_hashable.rs
20	13	src/trust.rs
1	0	wasm/Cargo.lock
10	9	wasm/src/results.rs
24	14	wasm/src/service_api.rs

commit feac5dadf60a146f57b19f03696abc4ec1b59ff8
Author: DieMyst <dmitry.shakhtarin@fluence.ai>
Date:   Thu Feb 11 15:16:40 2021 +0300

    clippy

2	2	identity/src/key_pair.rs
3	7	src/certificate.rs
1	1	src/revoke.rs
5	7	src/trust.rs
4	4	src/trust_graph.rs
7	7	src/trust_graph_storage.rs

commit b10726032e2e8a3401c8aba16d839947032ad648
Author: DieMyst <dmitry.shakhtarin@fluence.ai>
Date:   Thu Feb 11 15:10:18 2021 +0300

    rename dir, restruct all errors

22	30	src/certificate.rs
14	4	src/public_key_hashable.rs
2	2	src/trust.rs
26	52	src/trust_graph.rs
20	30	src/trust_graph_storage.rs
0	0	{bin => wasm}/Cargo.lock
0	0	{bin => wasm}/Cargo.toml
0	0	{bin => wasm}/Config.toml
0	0	{bin => wasm}/run-repl.sh
5	6	bin/src/proxy_structs.rs => wasm/src/dto.rs
1	1	{bin => wasm}/src/main.rs
1	1	{bin => wasm}/src/results.rs
13	8	{bin => wasm}/src/service_api.rs
41	46	{bin => wasm}/src/storage_impl.rs

commit 61fd3cb312bc13daee714f7f6434abfec7f5bb41
Author: DieMyst <dmitry.shakhtarin@fluence.ai>
Date:   Wed Feb 10 15:30:10 2021 +0300

    clippy

9	9	src/lib.rs

commit 5889ad77a33fb9f5b289118be0f4d60f7fcbe9e4
Author: DieMyst <dmitry.shakhtarin@fluence.ai>
Date:   Wed Feb 10 15:26:26 2021 +0300

    fmt

2	2	bin/src/main.rs
5	9	bin/src/proxy_structs.rs
4	4	bin/src/results.rs
5	4	bin/src/service_api.rs

commit 3a9530b92d647fd8f8196105301a610cd43ce753
Author: DieMyst <dmitry.shakhtarin@fluence.ai>
Date:   Wed Feb 10 15:23:51 2021 +0300

    proxy structs, get_all_certs and insert functions

2	0	bin/src/main.rs
46	0	bin/src/proxy_structs.rs
71	0	bin/src/results.rs
47	28	bin/src/service_api.rs

commit e89452c0b0ac82ec4556e8b12eb3b5f41bc6540d
Author: DieMyst <dmitry.shakhtarin@fluence.ai>
Date:   Tue Feb 9 15:50:21 2021 +0300

    first fce method with result, it works i guess

0	37	bin/Cargo.lock
0	1	bin/Cargo.toml
25	9	bin/src/service_api.rs
40	28	bin/src/storage_impl.rs
12	6	src/certificate.rs
3	1	src/revoke.rs
22	8	src/trust_graph.rs

commit 7ae745c3c3af732efbf9abf61311a469013909d8
Author: DieMyst <dmitry.shakhtarin@fluence.ai>
Date:   Tue Feb 9 14:31:41 2021 +0300

    wasm with error handling compiles

1	0	bin/Cargo.lock
1	0	bin/Cargo.toml
0	13	bin/src/service_api.rs
94	53	bin/src/storage_impl.rs
1	1	src/certificate.rs
1	1	src/lib.rs
1	1	src/trust_graph_storage.rs

commit e2183b4180b42db0bf6023cfbb6f19f128a347a4
Author: DieMyst <dmitry.shakhtarin@fluence.ai>
Date:   Tue Feb 9 13:26:44 2021 +0300

    huge mess with errors, but it works!

44	20	src/certificate.rs
3	3	src/revoke.rs
20	13	src/trust.rs
85	31	src/trust_graph.rs
25	14	src/trust_graph_storage.rs

commit f359dc50902622603aa0eddbd4c907b4322f9ad0
Author: DieMyst <dmitry.shakhtarin@fluence.ai>
Date:   Mon Feb 8 17:35:56 2021 +0300

    still wip..

2	1	src/certificate.rs
9	2	src/revoke.rs
71	56	src/trust_graph.rs

commit 0e7f22b6e0b12981302743f2f6244a6f4932c2a4
Author: DieMyst <dmitry.shakhtarin@fluence.ai>
Date:   Thu Jan 28 11:57:43 2021 +0300

    broken wip wip wip

1	0	Cargo.lock
1	0	Cargo.toml
38	0	bin/Cargo.lock
1	0	bin/Cargo.toml
5	2	bin/run-repl.sh
4	0	bin/src/service_api.rs
14	3	src/certificate.rs
9	9	src/lib.rs
36	16	src/trust.rs
38	22	src/trust_graph.rs
40	18	src/trust_graph_storage.rs

commit 88b6f5f3fef5ddc1dc3530645be218b3f4ca6ec2
Author: DieMyst <dmitry.shakhtarin@fluence.ai>
Date:   Wed Jan 27 14:24:34 2021 +0300

    more logs

1	1	bin/src/storage_impl.rs

commit 29f15f2b4e404816ea805b610c7ad3432127fdad
Author: DieMyst <dmitry.shakhtarin@fluence.ai>
Date:   Wed Jan 27 12:57:19 2021 +0300

    sh script, several deps about serialization

22	0	bin/Cargo.lock
2	0	bin/Cargo.toml
5	0	bin/run-repl.sh
30	0	bin/src/service_api.rs
12	4	bin/src/storage_impl.rs

commit c9196bc11d523d45cada263da5fab7eeb1c88eff
Author: DieMyst <dmitry.shakhtarin@fluence.ai>
Date:   Mon Jan 25 15:33:40 2021 +0300

    fixes

4	4	bin/src/storage_impl.rs

commit 802e294ba194ef2cc24454998bd199fb29c5b6cc
Author: DieMyst <dmitry.shakhtarin@fluence.ai>
Date:   Mon Jan 25 15:32:43 2021 +0300

    fixes

31	11	bin/Cargo.lock
1	1	bin/Cargo.toml
8	0	bin/src/main.rs
1	2	bin/src/service_api.rs
27	14	bin/src/storage_impl.rs

commit b821984e78c655a99cc0eab76508570e9179cc1f
Author: DieMyst <dmitry.shakhtarin@fluence.ai>
Date:   Thu Jan 21 20:35:00 2021 +0300

    implement get_weight

1	1	bin/src/service_api.rs
19	2	bin/src/storage_impl.rs
2	2	src/trust_graph.rs
3	3	src/trust_graph_storage.rs

commit 467391a8f1721af4b796aeb212ea768cad9a3223
Author: DieMyst <dmitry.shakhtarin@fluence.ai>
Date:   Thu Jan 21 20:26:17 2021 +0300

    serialize\deserialize all primitives and store it to db

1	0	Cargo.lock
13	0	bin/Cargo.lock
2	0	bin/Cargo.toml
15	0	bin/Config.toml
2	0	bin/src/service_api.rs
62	11	bin/src/storage_impl.rs
70	0	identity/Cargo.lock
1	0	identity/Cargo.toml
15	0	src/public_key_hashable.rs

commit afab376cccb109c85fbabd839ad607905c24662d
Author: DieMyst <dmitry.shakhtarin@fluence.ai>
Date:   Wed Jan 20 17:21:02 2021 +0300

    API changes, test function, sqlite requests

23	2	bin/src/service_api.rs
35	15	bin/src/storage_impl.rs
1	1	src/trust_graph.rs
3	3	src/trust_graph_storage.rs
1	1	src/trust_node.rs

commit 3249aa376cc079f3f7caedd7f27933e1e6416f75
Author: DieMyst <dmitry.shakhtarin@fluence.ai>
Date:   Wed Jan 20 16:14:20 2021 +0300

    fmt

1	1	identity/src/public_key.rs
1	1	identity/src/secret_key.rs
1	1	identity/src/signature.rs
2	2	src/lib.rs
4	3	src/public_key_hashable.rs
1	1	src/revoke.rs
1	1	src/trust.rs
2	2	src/trust_node.rs

commit 0e2590d8944ba60bc39a3243cd1f61180e8b3ae3
Author: DieMyst <dmitry.shakhtarin@fluence.ai>
Date:   Wed Jan 20 16:14:01 2021 +0300

    push it till it compiles, WIP
    serde to structs, wip implementing sqlite requests

81	0	Cargo.lock
3	1	Cargo.toml
82	0	bin/Cargo.lock
2	1	bin/Cargo.toml
1	1	bin/src/main.rs
1	1	bin/src/service_api.rs
28	12	bin/src/storage_impl.rs
11	0	identity/Cargo.lock
1	1	identity/Cargo.toml
2	1	identity/src/public_key.rs
2	0	identity/src/secret_key.rs
2	1	identity/src/signature.rs
9	0	src/public_key_hashable.rs
2	1	src/revoke.rs
2	1	src/trust.rs
7	3	src/trust_node.rs

commit 0b1b0a82a7ecc7bf840d727dcb5a593b151f5591
Author: DieMyst <dmitry.shakhtarin@fluence.ai>
Date:   Wed Jan 20 00:17:24 2021 +0300

    init storage for wasm, add sqlite to project WIP

21	0	bin/Cargo.lock
7	1	bin/Cargo.toml
3	0	bin/src/main.rs
6	0	bin/src/service_api.rs
65	1	bin/src/storage_impl.rs
4	1	src/lib.rs
2	2	src/trust_graph.rs

commit d3a03248b252bba21365dd6a19b7b83249e7f6c8
Author: DieMyst <dmitry.shakhtarin@fluence.ai>
Date:   Tue Jan 19 21:55:28 2021 +0300

    split PublicKey and SecretKey to different packages

2	45	identity/src/key_pair.rs
4	0	identity/src/lib.rs
48	0	identity/src/public_key.rs
33	0	identity/src/secret_key.rs
1	1	src/certificate.rs
1	1	src/public_key_hashable.rs
1	1	src/revoke.rs
1	1	src/trust.rs
1	1	src/trust_graph.rs
1	1	src/trust_graph_storage.rs
1	1	src/trust_node.rs

commit a4de8f25a96f2bfe1f8da52ea4f9d27565838b65
Author: DieMyst <dmitry.shakhtarin@fluence.ai>
Date:   Tue Jan 19 18:28:13 2021 +0300

    add abstractions over ed25519: KP, PK, SK, Sig

1	4	Cargo.lock
1	4	bin/Cargo.lock
1421	0	identity/Cargo.lock
1	4	identity/Cargo.toml
62	10	identity/src/key_pair.rs
3	1	identity/src/lib.rs
39	0	identity/src/signature.rs
16	16	src/certificate.rs
1	1	src/public_key_hashable.rs
2	2	src/revoke.rs
5	8	src/trust.rs
2	2	src/trust_graph.rs
1	1	src/trust_graph_storage.rs
1	1	src/trust_node.rs

commit e922f7bf97afd3081e811bba3f6a2badc0c37ae3
Merge: f2afc13 37de2ff
Author: Dima <dmitry.shakhtarin@fluence.ai>
Date:   Tue Jan 19 17:26:17 2021 +0300

    Merge pull request #1 from fluencelabs/storage
    
    Dump changes

commit 37de2ff3364e6dbaefe1181f4fbad8990492edbf
Author: DieMyst <dmitry.shakhtarin@fluence.ai>
Date:   Tue Jan 19 17:25:28 2021 +0300

    fmt, bin sub project for wasm

1	0	bin/Cargo.lock
1	0	bin/Cargo.toml
1	3	bin/{ => src}/main.rs
0	0	bin/{ => src}/service_api.rs
0	0	bin/{ => src}/storage_impl.rs
10	10	identity/src/key_pair.rs
2	2	src/certificate.rs
12	9	src/public_key_hashable.rs
1	1	src/revoke.rs
7	4	src/trust.rs
2	2	src/trust_graph.rs
1	1	src/trust_node.rs

commit dd761dd61c454d7ceb74d3634d14a540eafb681e
Author: DieMyst <dmitry.shakhtarin@fluence.ai>
Date:   Tue Jan 19 17:20:44 2021 +0300

    move identity to separate package

18	0	Cargo.lock
1	0	Cargo.toml
18	0	bin/Cargo.lock
20	0	identity/Cargo.toml
0	0	{src => identity/src}/key_pair.rs
33	0	identity/src/lib.rs
2	2	src/certificate.rs
0	4	src/lib.rs
2	2	src/revoke.rs
1	1	src/trust.rs
1	1	src/trust_graph.rs
1	1	src/trust_node.rs

commit e8c109df992228a2116fdafd611f14a9d3f7a521
Author: DieMyst <dmitry.shakhtarin@fluence.ai>
Date:   Mon Jan 18 20:27:47 2021 +0300

    tests work!

16	15	src/certificate.rs
12	1	src/key_pair.rs
1	1	src/trust_graph.rs

commit 256cf964366959e4c93f412673bb1f7c825c9865
Author: DieMyst <dmitry.shakhtarin@fluence.ai>
Date:   Mon Jan 18 20:14:40 2021 +0300

    non-test code compiles

3	7	src/key_pair.rs
1	1	src/public_key_hashable.rs
2	1	src/trust_graph.rs

commit a0261bc3314c1e55e78c3512083a465c8337b083
Author: DieMyst <dmitry.shakhtarin@fluence.ai>
Date:   Mon Jan 18 20:08:05 2021 +0300

    WIP

1	0	Cargo.lock
2	3	Cargo.toml
2	0	bin/Cargo.lock
1	1	src/certificate.rs
31	17	src/key_pair.rs
46	6	src/public_key_hashable.rs
5	9	src/revoke.rs
17	13	src/trust.rs
1	1	src/trust_graph.rs
1	1	src/trust_graph_storage.rs
1	1	src/trust_node.rs

commit 9e74777fe56560978c7366016cf3863365ac232b
Author: DieMyst <dmitry.shakhtarin@fluence.ai>
Date:   Mon Jan 18 18:26:17 2021 +0300

    fmt

1	1	src/lib.rs
16	14	src/trust_graph.rs
21	8	src/trust_graph_storage.rs

commit 2ec1114ec2891e4a97b2210a395fec01e819316e
Author: DieMyst <dmitry.shakhtarin@fluence.ai>
Date:   Mon Jan 18 04:29:16 2021 +0300

    make an abstract Storage for trust_graph

21	17	src/trust_graph.rs
9	9	src/trust_graph_storage.rs

commit a294c42dec14291aca5869cd1afeeb7deae72569
Author: DieMyst <dmitry.shakhtarin@fluence.ai>
Date:   Mon Jan 18 03:57:10 2021 +0300

    abstract storage

1593	0	bin/Cargo.lock
15	0	bin/Cargo.toml
10	0	bin/main.rs
0	0	bin/service_api.rs
3	0	bin/storage_impl.rs
1	0	src/lib.rs
42	63	src/trust_graph.rs
90	0	src/trust_graph_storage.rs

commit f2afc13ea29569a8fe34e6d598f1f43f750ea961
Author: DieMyst <dmitry.shakhtarin@fluence.ai>
Date:   Fri Jan 15 19:37:06 2021 +0300

    INIT

1533	0	Cargo.lock
21	0	Cargo.toml
532	0	src/certificate.rs
71	0	src/certificate_serde.rs
126	0	src/key_pair.rs
46	0	src/lib.rs
10	0	src/misc/mod.rs
80	0	src/public_key_hashable.rs
121	0	src/revoke.rs
277	0	src/trust.rs
618	0	src/trust_graph.rs
202	0	src/trust_node.rs
