commit 217704bc1ea9d4ee249442eafc74e307b78ef171
Author: fsy412 <fsy412@gmail.com>
Date:   Thu Nov 25 12:28:38 2021 +0800

    Update deploy.sh

 services/auth/scripts/deploy.sh | 4 ++--
 1 file changed, 2 insertions(+), 2 deletions(-)

commit fb5f372203f70cc7580f8e9806c00405524649d7
Author: fsy412 <fsy412@gmail.com>
Date:   Wed Nov 10 16:36:24 2021 +0800

    Delete add_service_cfg.json

 services/auth/configs/add_service_cfg.json | 5 -----
 1 file changed, 5 deletions(-)

commit 466f487eca1fecfb6266b0185aae6e09c8813c63
Author: fsy412 <fsy412@gmail.com>
Date:   Wed Nov 10 16:36:14 2021 +0800

    Delete app_config.json

 services/auth/configs/app_config.json | 18 ------------------
 1 file changed, 18 deletions(-)

commit fcf0f41e8849055140e18fbc5fd912384ee034e3
Author: fanshuangying <fsy412@gmail.com>
Date:   Wed Nov 10 15:49:36 2021 +0800

    doc

 doc/build.png  | Bin 0 -> 17627 bytes
 doc/deploy.png | Bin 0 -> 9774 bytes
 doc/docker.png | Bin 0 -> 25724 bytes
 3 files changed, 0 insertions(+), 0 deletions(-)

commit 0a53be15b72c3a1d1133123c0a8f974b64617391
Author: fsy412 <fsy412@gmail.com>
Date:   Thu Oct 21 19:34:00 2021 +0800

    Update README.md

 README.md | 2 +-
 1 file changed, 1 insertion(+), 1 deletion(-)

commit 49dcc227721fd2d19610797c2f43149658ee76e5
Author: fsy412 <fsy412@gmail.com>
Date:   Thu Oct 21 09:34:58 2021 +0800

    Update main.rs

 services/greeting/src/main.rs | 2 +-
 1 file changed, 1 insertion(+), 1 deletion(-)

commit adae33f47cb2fb24e0b7fee5029fc5beffc3f35b
Author: fsy412 <fsy412@gmail.com>
Date:   Thu Oct 21 09:33:46 2021 +0800

    Delete README.html

 README.html | 82 -------------------------------------------------------------
 1 file changed, 82 deletions(-)

commit 717a17b9dcd14d6368f01f314843f8839a595dfd
Author: fsy412 <fsy412@gmail.com>
Date:   Thu Oct 21 09:32:57 2021 +0800

    first commit

 .gitignore                                  |     1 +
 README.html                                 |    82 +
 README.md                                   |    39 +
 flow.png                                    |   Bin 0 -> 10997 bytes
 services/auth/Cargo.lock                    |  1698 ++++
 services/auth/Cargo.toml                    |    19 +
 services/auth/artifacts/auth_service.wasm   |   Bin 0 -> 112164 bytes
 services/auth/configs/add_service_cfg.json  |     5 +
 services/auth/configs/app_config.json       |    18 +
 services/auth/configs/auth_service_cfg.json |     5 +
 services/auth/info                          |     6 +
 services/auth/scripts/aqua_to_ts.sh         |     1 +
 services/auth/scripts/build.sh              |    10 +
 services/auth/scripts/deploy.sh             |     4 +
 services/auth/src/api.rs                    |    52 +
 services/auth/src/main.rs                   |     8 +
 services/auth/src/results.rs                |    14 +
 services/auth/target/.rustc_info.json       |     1 +
 services/auth/target/CACHEDIR.TAG           |     3 +
 services/greeting/.gitignore                |     7 +
 services/greeting/Cargo.lock                |  1644 ++++
 services/greeting/Cargo.toml                |    18 +
 services/greeting/Config.toml               |     6 +
 services/greeting/build.sh                  |    10 +
 services/greeting/configs/greeting_cfg.json |     5 +
 services/greeting/info                      |     1 +
 services/greeting/repl_config.toml          |     7 +
 services/greeting/scripts/build.sh          |    10 +
 services/greeting/scripts/deploy.sh         |     4 +
 services/greeting/src/main.rs               |    15 +
 web/.gitignore                              |    23 +
 web/.prettierrc                             |     1 +
 web/README.md                               |    14 +
 web/aqua/auth.aqua                          |    32 +
 web/aqua/greeting.aqua                      |    18 +
 web/babel.config.js                         |     9 +
 web/index.html                              |    17 +
 web/package-lock.json                       | 11949 ++++++++++++++++++++++++++
 web/package.json                            |    63 +
 web/src/App.vue                             |    24 +
 web/src/_aqua/auth.ts                       |   407 +
 web/src/_aqua/greeting.ts                   |   250 +
 web/src/common/mixinViews.js                |    19 +
 web/src/components/TopMenu.vue              |    39 +
 web/src/config.ts                           |    12 +
 web/src/main.js                             |     6 +
 web/src/routes.js                           |    18 +
 web/src/selfId/index.js                     |    16 +
 web/src/store/index.js                      |    24 +
 web/src/views/Index.vue                     |    57 +
 web/src/views/Permission.vue                |   119 +
 web/tsconfig.json                           |    29 +
 web/webpack.config.js                       |    99 +
 web/yarn.lock                               |  8567 ++++++++++++++++++
 54 files changed, 25505 insertions(+)
