commit 217704bc1ea9d4ee249442eafc74e307b78ef171
Author: fsy412 <fsy412@gmail.com>
Date:   Thu Nov 25 12:28:38 2021 +0800

    Update deploy.sh

2	2	services/auth/scripts/deploy.sh

commit fb5f372203f70cc7580f8e9806c00405524649d7
Author: fsy412 <fsy412@gmail.com>
Date:   Wed Nov 10 16:36:24 2021 +0800

    Delete add_service_cfg.json

0	5	services/auth/configs/add_service_cfg.json

commit 466f487eca1fecfb6266b0185aae6e09c8813c63
Author: fsy412 <fsy412@gmail.com>
Date:   Wed Nov 10 16:36:14 2021 +0800

    Delete app_config.json

0	18	services/auth/configs/app_config.json

commit fcf0f41e8849055140e18fbc5fd912384ee034e3
Author: fanshuangying <fsy412@gmail.com>
Date:   Wed Nov 10 15:49:36 2021 +0800

    doc

-	-	doc/build.png
-	-	doc/deploy.png
-	-	doc/docker.png

commit 0a53be15b72c3a1d1133123c0a8f974b64617391
Author: fsy412 <fsy412@gmail.com>
Date:   Thu Oct 21 19:34:00 2021 +0800

    Update README.md

1	1	README.md

commit 49dcc227721fd2d19610797c2f43149658ee76e5
Author: fsy412 <fsy412@gmail.com>
Date:   Thu Oct 21 09:34:58 2021 +0800

    Update main.rs

1	1	services/greeting/src/main.rs

commit adae33f47cb2fb24e0b7fee5029fc5beffc3f35b
Author: fsy412 <fsy412@gmail.com>
Date:   Thu Oct 21 09:33:46 2021 +0800

    Delete README.html

0	82	README.html

commit 717a17b9dcd14d6368f01f314843f8839a595dfd
Author: fsy412 <fsy412@gmail.com>
Date:   Thu Oct 21 09:32:57 2021 +0800

    first commit

1	0	.gitignore
82	0	README.html
39	0	README.md
-	-	flow.png
1698	0	services/auth/Cargo.lock
19	0	services/auth/Cargo.toml
-	-	services/auth/artifacts/auth_service.wasm
5	0	services/auth/configs/add_service_cfg.json
18	0	services/auth/configs/app_config.json
5	0	services/auth/configs/auth_service_cfg.json
6	0	services/auth/info
1	0	services/auth/scripts/aqua_to_ts.sh
10	0	services/auth/scripts/build.sh
4	0	services/auth/scripts/deploy.sh
52	0	services/auth/src/api.rs
8	0	services/auth/src/main.rs
14	0	services/auth/src/results.rs
1	0	services/auth/target/.rustc_info.json
3	0	services/auth/target/CACHEDIR.TAG
7	0	services/greeting/.gitignore
1644	0	services/greeting/Cargo.lock
18	0	services/greeting/Cargo.toml
6	0	services/greeting/Config.toml
10	0	services/greeting/build.sh
5	0	services/greeting/configs/greeting_cfg.json
1	0	services/greeting/info
7	0	services/greeting/repl_config.toml
10	0	services/greeting/scripts/build.sh
4	0	services/greeting/scripts/deploy.sh
15	0	services/greeting/src/main.rs
23	0	web/.gitignore
1	0	web/.prettierrc
14	0	web/README.md
32	0	web/aqua/auth.aqua
18	0	web/aqua/greeting.aqua
9	0	web/babel.config.js
17	0	web/index.html
11949	0	web/package-lock.json
63	0	web/package.json
24	0	web/src/App.vue
407	0	web/src/_aqua/auth.ts
250	0	web/src/_aqua/greeting.ts
19	0	web/src/common/mixinViews.js
39	0	web/src/components/TopMenu.vue
12	0	web/src/config.ts
6	0	web/src/main.js
18	0	web/src/routes.js
16	0	web/src/selfId/index.js
24	0	web/src/store/index.js
57	0	web/src/views/Index.vue
119	0	web/src/views/Permission.vue
29	0	web/tsconfig.json
99	0	web/webpack.config.js
8567	0	web/yarn.lock
