commit c0f168b9d85e3a403ed37ced7fa13d1bcf22e558
Author: Hazarre <henry110688@gmail.com>
Date:   Fri Oct 22 01:39:41 2021 +0800

    Update README.md

1	1	README.md

commit 44541d3cd18af8f3aa45559b0686f744c6e51281
Author: Hazarre <henry110688@gmail.com>
Date:   Fri Oct 22 01:38:45 2021 +0800

    Update README.md

1	1	README.md

commit d8ca13395acdf678bf508f9d2fcf9d70ee638df5
Author: Hazarre <henry110688@gmail.com>
Date:   Fri Oct 22 01:38:17 2021 +0800

    Update README.md

2	0	README.md

commit 00ad6238d1f15c73d26c843908e10b8567b9a400
Merge: c1ecd2b a976605
Author: Hazarre <lihengc6@gmail.com>
Date:   Fri Oct 22 01:37:24 2021 +0800

    Merge branch 'main' of https://github.com/Hazarre/SharedDoc into main

commit c1ecd2b60455283d5e026619c70bf3e0bf6f74eb
Author: Hazarre <lihengc6@gmail.com>
Date:   Fri Oct 22 01:37:17 2021 +0800

    upload demo image

-	-	demo.png

commit a9766059346096fcd7f216a7b5e80d51d4af4194
Author: Hazarre <henry110688@gmail.com>
Date:   Fri Oct 22 01:33:42 2021 +0800

    Update README.md

2	0	README.md

commit 52d52d4240f70d5654d6694f4f0984dfcb08f125
Author: Hazarre <henry110688@gmail.com>
Date:   Fri Oct 22 01:31:50 2021 +0800

    Update README.md

1	1	README.md

commit 419c4f846a3cdc28e51882f15eb3a5f1f5e0d988
Author: Hazarre <henry110688@gmail.com>
Date:   Fri Oct 22 01:31:25 2021 +0800

    Update README.md

1	1	README.md

commit bfabe060a39ba4c8c62bf07ac90721592e16037e
Author: Hazarre <henry110688@gmail.com>
Date:   Fri Oct 22 01:30:44 2021 +0800

    Update README.md

7	4	README.md

commit 1ab71853517cb9f14d18750171badbc00fb4fb03
Author: Hazarre <lihengc6@gmail.com>
Date:   Fri Oct 22 01:15:33 2021 +0800

    upload 1 stage

15	0	.babelrc
26	0	.eslintrc.json
4	0	.gitignore
3	0	.repl_history
201	0	LICENSE
45	0	README.md
62	0	aqua/shared_doc.aqua
1715	0	marine/shared_doc/Cargo.lock
18	0	marine/shared_doc/Cargo.toml
11	0	marine/shared_doc/Config.toml
-	-	marine/shared_doc/artifacts/shared_doc.wasm
13	0	marine/shared_doc/build.sh
15	0	marine/shared_doc/cfg.json
11	0	marine/shared_doc/deploy.sh
285	0	marine/shared_doc/src/main.rs
9	0	marine/shared_doc/test.sh
28212	0	package-lock.json
47	0	package.json
7	0	sample.txt
0	0	src/App.scss
123	0	src/App.tsx
259	0	src/_aqua/getting-started.ts
44	0	src/components/EssayForm.js
37	0	src/components/NameForm.js
13	0	src/index.css
16	0	src/index.html
22	0	src/index.tsx
17	0	tsconfig.json
52	0	webpack.dev.config.ts

commit ff23648df21d21cf247770ff89cb9d8c0639589f
Author: Hazarre <lihengc6@gmail.com>
Date:   Fri Oct 22 01:04:38 2021 +0800

    Initial commit

2	0	.gitattributes
