commit b5986c3718d76a100eff928dab160693baf017fe
Author: danielssonn <123456kolokol>
Date:   Thu Feb 10 11:07:27 2022 -0500

    Paging added to servie

6	0	service/.repl_history
-	-	service/artifacts/marketplace-service.wasm
7	0	service/deployed.txt
5	3	service/marketplace.aqua
23	68	service/src/main.rs
-	-	service/target/wasm32-wasi/release/deps/marketplace_service-52c1680736da8b39.wasm
-	-	service/target/wasm32-wasi/release/marketplace-service.wasm

commit 52d0de747a46fe476f4842d108d726ae7d42e451
Author: danielssonn <123456kolokol>
Date:   Thu Feb 10 10:58:21 2022 -0500

    Service paging added

7	47	client/aqua/getting-started.aqua
3	39	client/src/App.tsx
62	363	client/src/_aqua/getting-started.ts

commit fb97649017826b7b5c034dd4d6977cbc232ec983
Author: danielssonn <123456kolokol>
Date:   Wed Feb 9 16:57:04 2022 -0500

    Working client

2	0	.gitignore
90	0	client/aqua/getting-started.aqua
45654	0	client/package-lock.json
54	0	client/package.json
-	-	client/public/avm.wasm
-	-	client/public/favicon.ico
39	0	client/public/index.html
-	-	client/public/logo192.png
-	-	client/public/logo512.png
25	0	client/public/manifest.json
3	0	client/public/robots.txt
1	0	client/public/runnerScript.web.js
160	0	client/src/App.scss
196	0	client/src/App.tsx
681	0	client/src/_aqua/getting-started.ts
13	0	client/src/index.css
12	0	client/src/index.tsx
17	0	client/src/logo.svg
1	0	client/src/react-app-env.d.ts
26	0	client/tsconfig.json
23	0	service/.repl_history
265	0	service/Cargo.lock
13	0	service/Cargo.toml
24	0	service/artifacts/deploy.json
-	-	service/artifacts/marketplace-service.wasm
8	0	service/configs/Config.toml
126	0	service/deployed.txt
10	0	service/marketplace.aqua
15	0	service/scripts/build.sh
3	0	service/scripts/deploy.sh
110	0	service/src/main.rs
1	0	service/target/.rustc_info.json
3	0	service/target/CACHEDIR.TAG
0	0	service/target/release/.cargo-lock
-	-	service/target/release/.fingerprint/autocfg-cdf669e0f2ac8bf3/dep-lib-autocfg
1	0	service/target/release/.fingerprint/autocfg-cdf669e0f2ac8bf3/invoked.timestamp
1	0	service/target/release/.fingerprint/autocfg-cdf669e0f2ac8bf3/lib-autocfg
1	0	service/target/release/.fingerprint/autocfg-cdf669e0f2ac8bf3/lib-autocfg.json
-	-	service/target/release/.fingerprint/cfg-if-e45b275d0e310807/dep-lib-cfg-if
1	0	service/target/release/.fingerprint/cfg-if-e45b275d0e310807/invoked.timestamp
1	0	service/target/release/.fingerprint/cfg-if-e45b275d0e310807/lib-cfg-if
1	0	service/target/release/.fingerprint/cfg-if-e45b275d0e310807/lib-cfg-if.json
-	-	service/target/release/.fingerprint/chrono-3427e817ef03ba0b/dep-lib-chrono
1	0	service/target/release/.fingerprint/chrono-3427e817ef03ba0b/invoked.timestamp
1	0	service/target/release/.fingerprint/chrono-3427e817ef03ba0b/lib-chrono
1	0	service/target/release/.fingerprint/chrono-3427e817ef03ba0b/lib-chrono.json
-	-	service/target/release/.fingerprint/getrandom-a92adf606c8dead1/dep-lib-getrandom
1	0	service/target/release/.fingerprint/getrandom-a92adf606c8dead1/invoked.timestamp
1	0	service/target/release/.fingerprint/getrandom-a92adf606c8dead1/lib-getrandom
1	0	service/target/release/.fingerprint/getrandom-a92adf606c8dead1/lib-getrandom.json
-	-	service/target/release/.fingerprint/itoa-0caf4c95dbc39592/dep-lib-itoa
1	0	service/target/release/.fingerprint/itoa-0caf4c95dbc39592/invoked.timestamp
1	0	service/target/release/.fingerprint/itoa-0caf4c95dbc39592/lib-itoa
1	0	service/target/release/.fingerprint/itoa-0caf4c95dbc39592/lib-itoa.json
-	-	service/target/release/.fingerprint/libc-215cecc92eb9556c/dep-lib-libc
1	0	service/target/release/.fingerprint/libc-215cecc92eb9556c/invoked.timestamp
1	0	service/target/release/.fingerprint/libc-215cecc92eb9556c/lib-libc
1	0	service/target/release/.fingerprint/libc-215cecc92eb9556c/lib-libc.json
1	0	service/target/release/.fingerprint/libc-2b932af2827fa6c9/build-script-build-script-build
1	0	service/target/release/.fingerprint/libc-2b932af2827fa6c9/build-script-build-script-build.json
-	-	service/target/release/.fingerprint/libc-2b932af2827fa6c9/dep-build-script-build-script-build
1	0	service/target/release/.fingerprint/libc-2b932af2827fa6c9/invoked.timestamp
1	0	service/target/release/.fingerprint/libc-d4df462e6b863347/run-build-script-build-script-build
1	0	service/target/release/.fingerprint/libc-d4df462e6b863347/run-build-script-build-script-build.json
1	0	service/target/release/.fingerprint/log-5faad6f132e7c111/build-script-build-script-build
1	0	service/target/release/.fingerprint/log-5faad6f132e7c111/build-script-build-script-build.json
-	-	service/target/release/.fingerprint/log-5faad6f132e7c111/dep-build-script-build-script-build
1	0	service/target/release/.fingerprint/log-5faad6f132e7c111/invoked.timestamp
-	-	service/target/release/.fingerprint/marine-macro-07d63e8e5266525c/dep-lib-marine-macro
1	0	service/target/release/.fingerprint/marine-macro-07d63e8e5266525c/invoked.timestamp
1	0	service/target/release/.fingerprint/marine-macro-07d63e8e5266525c/lib-marine-macro
1	0	service/target/release/.fingerprint/marine-macro-07d63e8e5266525c/lib-marine-macro.json
-	-	service/target/release/.fingerprint/marine-macro-impl-6f30b0079e13c1f2/dep-lib-marine-macro-impl
1	0	service/target/release/.fingerprint/marine-macro-impl-6f30b0079e13c1f2/invoked.timestamp
1	0	service/target/release/.fingerprint/marine-macro-impl-6f30b0079e13c1f2/lib-marine-macro-impl
1	0	service/target/release/.fingerprint/marine-macro-impl-6f30b0079e13c1f2/lib-marine-macro-impl.json
-	-	service/target/release/.fingerprint/marine-timestamp-macro-7d3846cf9bfaa174/dep-lib-marine-timestamp-macro
1	0	service/target/release/.fingerprint/marine-timestamp-macro-7d3846cf9bfaa174/invoked.timestamp
1	0	service/target/release/.fingerprint/marine-timestamp-macro-7d3846cf9bfaa174/lib-marine-timestamp-macro
1	0	service/target/release/.fingerprint/marine-timestamp-macro-7d3846cf9bfaa174/lib-marine-timestamp-macro.json
1	0	service/target/release/.fingerprint/num-integer-10cd5e029d43c3c1/run-build-script-build-script-build
1	0	service/target/release/.fingerprint/num-integer-10cd5e029d43c3c1/run-build-script-build-script-build.json
1	0	service/target/release/.fingerprint/num-integer-241c7c364935ec08/build-script-build-script-build
1	0	service/target/release/.fingerprint/num-integer-241c7c364935ec08/build-script-build-script-build.json
-	-	service/target/release/.fingerprint/num-integer-241c7c364935ec08/dep-build-script-build-script-build
1	0	service/target/release/.fingerprint/num-integer-241c7c364935ec08/invoked.timestamp
-	-	service/target/release/.fingerprint/num-integer-7edd3dd90b7e6fb5/dep-lib-num-integer
1	0	service/target/release/.fingerprint/num-integer-7edd3dd90b7e6fb5/invoked.timestamp
1	0	service/target/release/.fingerprint/num-integer-7edd3dd90b7e6fb5/lib-num-integer
1	0	service/target/release/.fingerprint/num-integer-7edd3dd90b7e6fb5/lib-num-integer.json
1	0	service/target/release/.fingerprint/num-traits-12fd5f9c27ae7d9f/run-build-script-build-script-build
1	0	service/target/release/.fingerprint/num-traits-12fd5f9c27ae7d9f/run-build-script-build-script-build.json
1	0	service/target/release/.fingerprint/num-traits-c1ff34f18c57d2cd/build-script-build-script-build
1	0	service/target/release/.fingerprint/num-traits-c1ff34f18c57d2cd/build-script-build-script-build.json
-	-	service/target/release/.fingerprint/num-traits-c1ff34f18c57d2cd/dep-build-script-build-script-build
1	0	service/target/release/.fingerprint/num-traits-c1ff34f18c57d2cd/invoked.timestamp
-	-	service/target/release/.fingerprint/num-traits-f5a903a280ae6209/dep-lib-num-traits
1	0	service/target/release/.fingerprint/num-traits-f5a903a280ae6209/invoked.timestamp
1	0	service/target/release/.fingerprint/num-traits-f5a903a280ae6209/lib-num-traits
1	0	service/target/release/.fingerprint/num-traits-f5a903a280ae6209/lib-num-traits.json
1	0	service/target/release/.fingerprint/proc-macro2-9b524fcc2402c86a/build-script-build-script-build
1	0	service/target/release/.fingerprint/proc-macro2-9b524fcc2402c86a/build-script-build-script-build.json
-	-	service/target/release/.fingerprint/proc-macro2-9b524fcc2402c86a/dep-build-script-build-script-build
1	0	service/target/release/.fingerprint/proc-macro2-9b524fcc2402c86a/invoked.timestamp
1	0	service/target/release/.fingerprint/proc-macro2-e9cf9161383f7d45/run-build-script-build-script-build
1	0	service/target/release/.fingerprint/proc-macro2-e9cf9161383f7d45/run-build-script-build-script-build.json
-	-	service/target/release/.fingerprint/proc-macro2-fd0bd4fc3fd09610/dep-lib-proc-macro2
1	0	service/target/release/.fingerprint/proc-macro2-fd0bd4fc3fd09610/invoked.timestamp
1	0	service/target/release/.fingerprint/proc-macro2-fd0bd4fc3fd09610/lib-proc-macro2
1	0	service/target/release/.fingerprint/proc-macro2-fd0bd4fc3fd09610/lib-proc-macro2.json
-	-	service/target/release/.fingerprint/quote-52580f92ab8e1bd0/dep-lib-quote
1	0	service/target/release/.fingerprint/quote-52580f92ab8e1bd0/invoked.timestamp
1	0	service/target/release/.fingerprint/quote-52580f92ab8e1bd0/lib-quote
1	0	service/target/release/.fingerprint/quote-52580f92ab8e1bd0/lib-quote.json
-	-	service/target/release/.fingerprint/ryu-4d0b2d499bc614b4/dep-lib-ryu
1	0	service/target/release/.fingerprint/ryu-4d0b2d499bc614b4/invoked.timestamp
1	0	service/target/release/.fingerprint/ryu-4d0b2d499bc614b4/lib-ryu
1	0	service/target/release/.fingerprint/ryu-4d0b2d499bc614b4/lib-ryu.json
-	-	service/target/release/.fingerprint/serde-17a3e8fae19348b6/dep-lib-serde
1	0	service/target/release/.fingerprint/serde-17a3e8fae19348b6/invoked.timestamp
1	0	service/target/release/.fingerprint/serde-17a3e8fae19348b6/lib-serde
1	0	service/target/release/.fingerprint/serde-17a3e8fae19348b6/lib-serde.json
1	0	service/target/release/.fingerprint/serde-2a96b28b4397795d/build-script-build-script-build
1	0	service/target/release/.fingerprint/serde-2a96b28b4397795d/build-script-build-script-build.json
-	-	service/target/release/.fingerprint/serde-2a96b28b4397795d/dep-build-script-build-script-build
1	0	service/target/release/.fingerprint/serde-2a96b28b4397795d/invoked.timestamp
1	0	service/target/release/.fingerprint/serde-31a44691dc7172e4/run-build-script-build-script-build
1	0	service/target/release/.fingerprint/serde-31a44691dc7172e4/run-build-script-build-script-build.json
-	-	service/target/release/.fingerprint/serde_derive-041479a01f375420/dep-lib-serde_derive
1	0	service/target/release/.fingerprint/serde_derive-041479a01f375420/invoked.timestamp
1	0	service/target/release/.fingerprint/serde_derive-041479a01f375420/lib-serde_derive
1	0	service/target/release/.fingerprint/serde_derive-041479a01f375420/lib-serde_derive.json
1	0	service/target/release/.fingerprint/serde_derive-2f6376196fbd694f/run-build-script-build-script-build
1	0	service/target/release/.fingerprint/serde_derive-2f6376196fbd694f/run-build-script-build-script-build.json
1	0	service/target/release/.fingerprint/serde_derive-7f8ddc76bda02b17/build-script-build-script-build
1	0	service/target/release/.fingerprint/serde_derive-7f8ddc76bda02b17/build-script-build-script-build.json
-	-	service/target/release/.fingerprint/serde_derive-7f8ddc76bda02b17/dep-build-script-build-script-build
1	0	service/target/release/.fingerprint/serde_derive-7f8ddc76bda02b17/invoked.timestamp
1	0	service/target/release/.fingerprint/serde_json-38a77b69f4f6709e/run-build-script-build-script-build
1	0	service/target/release/.fingerprint/serde_json-38a77b69f4f6709e/run-build-script-build-script-build.json
1	0	service/target/release/.fingerprint/serde_json-db3e7afcb6561635/build-script-build-script-build
1	0	service/target/release/.fingerprint/serde_json-db3e7afcb6561635/build-script-build-script-build.json
-	-	service/target/release/.fingerprint/serde_json-db3e7afcb6561635/dep-build-script-build-script-build
1	0	service/target/release/.fingerprint/serde_json-db3e7afcb6561635/invoked.timestamp
-	-	service/target/release/.fingerprint/serde_json-f8b53557b439e4a2/dep-lib-serde_json
1	0	service/target/release/.fingerprint/serde_json-f8b53557b439e4a2/invoked.timestamp
1	0	service/target/release/.fingerprint/serde_json-f8b53557b439e4a2/lib-serde_json
1	0	service/target/release/.fingerprint/serde_json-f8b53557b439e4a2/lib-serde_json.json
1	0	service/target/release/.fingerprint/syn-1ab582405d2d6564/build-script-build-script-build
1	0	service/target/release/.fingerprint/syn-1ab582405d2d6564/build-script-build-script-build.json
-	-	service/target/release/.fingerprint/syn-1ab582405d2d6564/dep-build-script-build-script-build
1	0	service/target/release/.fingerprint/syn-1ab582405d2d6564/invoked.timestamp
-	-	service/target/release/.fingerprint/syn-9247d2095c21958c/dep-lib-syn
1	0	service/target/release/.fingerprint/syn-9247d2095c21958c/invoked.timestamp
1	0	service/target/release/.fingerprint/syn-9247d2095c21958c/lib-syn
1	0	service/target/release/.fingerprint/syn-9247d2095c21958c/lib-syn.json
1	0	service/target/release/.fingerprint/syn-b6122b595f64a7e2/run-build-script-build-script-build
1	0	service/target/release/.fingerprint/syn-b6122b595f64a7e2/run-build-script-build-script-build.json
-	-	service/target/release/.fingerprint/time-47840f61acd3d2b8/dep-lib-time
1	0	service/target/release/.fingerprint/time-47840f61acd3d2b8/invoked.timestamp
1	0	service/target/release/.fingerprint/time-47840f61acd3d2b8/lib-time
1	0	service/target/release/.fingerprint/time-47840f61acd3d2b8/lib-time.json
-	-	service/target/release/.fingerprint/unicode-xid-41b6b66d1fb0ad00/dep-lib-unicode-xid
1	0	service/target/release/.fingerprint/unicode-xid-41b6b66d1fb0ad00/invoked.timestamp
1	0	service/target/release/.fingerprint/unicode-xid-41b6b66d1fb0ad00/lib-unicode-xid
1	0	service/target/release/.fingerprint/unicode-xid-41b6b66d1fb0ad00/lib-unicode-xid.json
-	-	service/target/release/.fingerprint/uuid-d9b1f845937e21af/dep-lib-uuid
1	0	service/target/release/.fingerprint/uuid-d9b1f845937e21af/invoked.timestamp
1	0	service/target/release/.fingerprint/uuid-d9b1f845937e21af/lib-uuid
1	0	service/target/release/.fingerprint/uuid-d9b1f845937e21af/lib-uuid.json
-	-	service/target/release/build/libc-2b932af2827fa6c9/build-script-build
-	-	service/target/release/build/libc-2b932af2827fa6c9/build_script_build-2b932af2827fa6c9
5	0	service/target/release/build/libc-2b932af2827fa6c9/build_script_build-2b932af2827fa6c9.d
1	0	service/target/release/build/libc-d4df462e6b863347/invoked.timestamp
11	0	service/target/release/build/libc-d4df462e6b863347/output
1	0	service/target/release/build/libc-d4df462e6b863347/root-output
0	0	service/target/release/build/libc-d4df462e6b863347/stderr
-	-	service/target/release/build/log-5faad6f132e7c111/build-script-build
-	-	service/target/release/build/log-5faad6f132e7c111/build_script_build-5faad6f132e7c111
5	0	service/target/release/build/log-5faad6f132e7c111/build_script_build-5faad6f132e7c111.d
1	0	service/target/release/build/num-integer-10cd5e029d43c3c1/invoked.timestamp
8	0	service/target/release/build/num-integer-10cd5e029d43c3c1/out/probe0.ll
8	0	service/target/release/build/num-integer-10cd5e029d43c3c1/out/probe1.ll
2	0	service/target/release/build/num-integer-10cd5e029d43c3c1/output
1	0	service/target/release/build/num-integer-10cd5e029d43c3c1/root-output
0	0	service/target/release/build/num-integer-10cd5e029d43c3c1/stderr
-	-	service/target/release/build/num-integer-241c7c364935ec08/build-script-build
-	-	service/target/release/build/num-integer-241c7c364935ec08/build_script_build-241c7c364935ec08
5	0	service/target/release/build/num-integer-241c7c364935ec08/build_script_build-241c7c364935ec08.d
1	0	service/target/release/build/num-traits-12fd5f9c27ae7d9f/invoked.timestamp
8	0	service/target/release/build/num-traits-12fd5f9c27ae7d9f/out/probe0.ll
8	0	service/target/release/build/num-traits-12fd5f9c27ae7d9f/out/probe1.ll
49	0	service/target/release/build/num-traits-12fd5f9c27ae7d9f/out/probe2.ll
3	0	service/target/release/build/num-traits-12fd5f9c27ae7d9f/output
1	0	service/target/release/build/num-traits-12fd5f9c27ae7d9f/root-output
0	0	service/target/release/build/num-traits-12fd5f9c27ae7d9f/stderr
-	-	service/target/release/build/num-traits-c1ff34f18c57d2cd/build-script-build
-	-	service/target/release/build/num-traits-c1ff34f18c57d2cd/build_script_build-c1ff34f18c57d2cd
5	0	service/target/release/build/num-traits-c1ff34f18c57d2cd/build_script_build-c1ff34f18c57d2cd.d
-	-	service/target/release/build/proc-macro2-9b524fcc2402c86a/build-script-build
-	-	service/target/release/build/proc-macro2-9b524fcc2402c86a/build_script_build-9b524fcc2402c86a
5	0	service/target/release/build/proc-macro2-9b524fcc2402c86a/build_script_build-9b524fcc2402c86a.d
1	0	service/target/release/build/proc-macro2-e9cf9161383f7d45/invoked.timestamp
3	0	service/target/release/build/proc-macro2-e9cf9161383f7d45/output
1	0	service/target/release/build/proc-macro2-e9cf9161383f7d45/root-output
0	0	service/target/release/build/proc-macro2-e9cf9161383f7d45/stderr
-	-	service/target/release/build/serde-2a96b28b4397795d/build-script-build
-	-	service/target/release/build/serde-2a96b28b4397795d/build_script_build-2a96b28b4397795d
5	0	service/target/release/build/serde-2a96b28b4397795d/build_script_build-2a96b28b4397795d.d
1	0	service/target/release/build/serde-31a44691dc7172e4/invoked.timestamp
13	0	service/target/release/build/serde-31a44691dc7172e4/output
1	0	service/target/release/build/serde-31a44691dc7172e4/root-output
0	0	service/target/release/build/serde-31a44691dc7172e4/stderr
1	0	service/target/release/build/serde_derive-2f6376196fbd694f/invoked.timestamp
1	0	service/target/release/build/serde_derive-2f6376196fbd694f/output
1	0	service/target/release/build/serde_derive-2f6376196fbd694f/root-output
0	0	service/target/release/build/serde_derive-2f6376196fbd694f/stderr
-	-	service/target/release/build/serde_derive-7f8ddc76bda02b17/build-script-build
-	-	service/target/release/build/serde_derive-7f8ddc76bda02b17/build_script_build-7f8ddc76bda02b17
5	0	service/target/release/build/serde_derive-7f8ddc76bda02b17/build_script_build-7f8ddc76bda02b17.d
1	0	service/target/release/build/serde_json-38a77b69f4f6709e/invoked.timestamp
1	0	service/target/release/build/serde_json-38a77b69f4f6709e/output
1	0	service/target/release/build/serde_json-38a77b69f4f6709e/root-output
0	0	service/target/release/build/serde_json-38a77b69f4f6709e/stderr
-	-	service/target/release/build/serde_json-db3e7afcb6561635/build-script-build
-	-	service/target/release/build/serde_json-db3e7afcb6561635/build_script_build-db3e7afcb6561635
5	0	service/target/release/build/serde_json-db3e7afcb6561635/build_script_build-db3e7afcb6561635.d
-	-	service/target/release/build/syn-1ab582405d2d6564/build-script-build
-	-	service/target/release/build/syn-1ab582405d2d6564/build_script_build-1ab582405d2d6564
5	0	service/target/release/build/syn-1ab582405d2d6564/build_script_build-1ab582405d2d6564.d
1	0	service/target/release/build/syn-b6122b595f64a7e2/invoked.timestamp
1	0	service/target/release/build/syn-b6122b595f64a7e2/output
1	0	service/target/release/build/syn-b6122b595f64a7e2/root-output
0	0	service/target/release/build/syn-b6122b595f64a7e2/stderr
9	0	service/target/release/deps/autocfg-cdf669e0f2ac8bf3.d
7	0	service/target/release/deps/cfg_if-e45b275d0e310807.d
27	0	service/target/release/deps/chrono-3427e817ef03ba0b.d
12	0	service/target/release/deps/getrandom-a92adf606c8dead1.d
8	0	service/target/release/deps/itoa-0caf4c95dbc39592.d
-	-	service/target/release/deps/libautocfg-cdf669e0f2ac8bf3.rlib
-	-	service/target/release/deps/libautocfg-cdf669e0f2ac8bf3.rmeta
16	0	service/target/release/deps/libc-215cecc92eb9556c.d
-	-	service/target/release/deps/libcfg_if-e45b275d0e310807.rlib
-	-	service/target/release/deps/libcfg_if-e45b275d0e310807.rmeta
-	-	service/target/release/deps/libchrono-3427e817ef03ba0b.rlib
-	-	service/target/release/deps/libchrono-3427e817ef03ba0b.rmeta
-	-	service/target/release/deps/libgetrandom-a92adf606c8dead1.rlib
-	-	service/target/release/deps/libgetrandom-a92adf606c8dead1.rmeta
-	-	service/target/release/deps/libitoa-0caf4c95dbc39592.rlib
-	-	service/target/release/deps/libitoa-0caf4c95dbc39592.rmeta
-	-	service/target/release/deps/liblibc-215cecc92eb9556c.rlib
-	-	service/target/release/deps/liblibc-215cecc92eb9556c.rmeta
-	-	service/target/release/deps/libmarine_macro-07d63e8e5266525c.dylib
-	-	service/target/release/deps/libmarine_macro_impl-6f30b0079e13c1f2.rlib
-	-	service/target/release/deps/libmarine_macro_impl-6f30b0079e13c1f2.rmeta
-	-	service/target/release/deps/libmarine_timestamp_macro-7d3846cf9bfaa174.dylib
-	-	service/target/release/deps/libnum_integer-7edd3dd90b7e6fb5.rlib
-	-	service/target/release/deps/libnum_integer-7edd3dd90b7e6fb5.rmeta
-	-	service/target/release/deps/libnum_traits-f5a903a280ae6209.rlib
-	-	service/target/release/deps/libnum_traits-f5a903a280ae6209.rmeta
-	-	service/target/release/deps/libproc_macro2-fd0bd4fc3fd09610.rlib
-	-	service/target/release/deps/libproc_macro2-fd0bd4fc3fd09610.rmeta
-	-	service/target/release/deps/libquote-52580f92ab8e1bd0.rlib
-	-	service/target/release/deps/libquote-52580f92ab8e1bd0.rmeta
-	-	service/target/release/deps/libryu-4d0b2d499bc614b4.rlib
-	-	service/target/release/deps/libryu-4d0b2d499bc614b4.rmeta
-	-	service/target/release/deps/libserde-17a3e8fae19348b6.rlib
-	-	service/target/release/deps/libserde-17a3e8fae19348b6.rmeta
-	-	service/target/release/deps/libserde_derive-041479a01f375420.dylib
-	-	service/target/release/deps/libserde_json-f8b53557b439e4a2.rlib
-	-	service/target/release/deps/libserde_json-f8b53557b439e4a2.rmeta
-	-	service/target/release/deps/libsyn-9247d2095c21958c.rlib
-	-	service/target/release/deps/libsyn-9247d2095c21958c.rmeta
-	-	service/target/release/deps/libtime-47840f61acd3d2b8.rlib
-	-	service/target/release/deps/libtime-47840f61acd3d2b8.rmeta
-	-	service/target/release/deps/libunicode_xid-41b6b66d1fb0ad00.rlib
-	-	service/target/release/deps/libunicode_xid-41b6b66d1fb0ad00.rmeta
-	-	service/target/release/deps/libuuid-d9b1f845937e21af.rlib
-	-	service/target/release/deps/libuuid-d9b1f845937e21af.rmeta
5	0	service/target/release/deps/marine_macro-07d63e8e5266525c.d
36	0	service/target/release/deps/marine_macro_impl-6f30b0079e13c1f2.d
5	0	service/target/release/deps/marine_timestamp_macro-7d3846cf9bfaa174.d
9	0	service/target/release/deps/num_integer-7edd3dd90b7e6fb5.d
23	0	service/target/release/deps/num_traits-f5a903a280ae6209.d
12	0	service/target/release/deps/proc_macro2-fd0bd4fc3fd09610.d
13	0	service/target/release/deps/quote-52580f92ab8e1bd0.d
18	0	service/target/release/deps/ryu-4d0b2d499bc614b4.d
24	0	service/target/release/deps/serde-17a3e8fae19348b6.d
19	0	service/target/release/deps/serde_derive-041479a01f375420.d
23	0	service/target/release/deps/serde_json-f8b53557b439e4a2.d
55	0	service/target/release/deps/syn-9247d2095c21958c.d
11	0	service/target/release/deps/time-47840f61acd3d2b8.d
8	0	service/target/release/deps/unicode_xid-41b6b66d1fb0ad00.d
15	0	service/target/release/deps/uuid-d9b1f845937e21af.d
3	0	service/target/wasm32-wasi/CACHEDIR.TAG
0	0	service/target/wasm32-wasi/release/.cargo-lock
-	-	service/target/wasm32-wasi/release/.fingerprint/cfg-if-4165e00705e99fd2/dep-lib-cfg-if
1	0	service/target/wasm32-wasi/release/.fingerprint/cfg-if-4165e00705e99fd2/invoked.timestamp
1	0	service/target/wasm32-wasi/release/.fingerprint/cfg-if-4165e00705e99fd2/lib-cfg-if
1	0	service/target/wasm32-wasi/release/.fingerprint/cfg-if-4165e00705e99fd2/lib-cfg-if.json
-	-	service/target/wasm32-wasi/release/.fingerprint/itoa-6282aa2abe2bed39/dep-lib-itoa
1	0	service/target/wasm32-wasi/release/.fingerprint/itoa-6282aa2abe2bed39/invoked.timestamp
1	0	service/target/wasm32-wasi/release/.fingerprint/itoa-6282aa2abe2bed39/lib-itoa
1	0	service/target/wasm32-wasi/release/.fingerprint/itoa-6282aa2abe2bed39/lib-itoa.json
-	-	service/target/wasm32-wasi/release/.fingerprint/log-5dbf662b78e52fe7/dep-lib-log
1	0	service/target/wasm32-wasi/release/.fingerprint/log-5dbf662b78e52fe7/invoked.timestamp
1	0	service/target/wasm32-wasi/release/.fingerprint/log-5dbf662b78e52fe7/lib-log
1	0	service/target/wasm32-wasi/release/.fingerprint/log-5dbf662b78e52fe7/lib-log.json
1	0	service/target/wasm32-wasi/release/.fingerprint/log-847b17d38805bf77/run-build-script-build-script-build
1	0	service/target/wasm32-wasi/release/.fingerprint/log-847b17d38805bf77/run-build-script-build-script-build.json
-	-	service/target/wasm32-wasi/release/.fingerprint/marine-rs-sdk-c1f32eb6cee535f9/dep-lib-marine-rs-sdk
1	0	service/target/wasm32-wasi/release/.fingerprint/marine-rs-sdk-c1f32eb6cee535f9/invoked.timestamp
1	0	service/target/wasm32-wasi/release/.fingerprint/marine-rs-sdk-c1f32eb6cee535f9/lib-marine-rs-sdk
1	0	service/target/wasm32-wasi/release/.fingerprint/marine-rs-sdk-c1f32eb6cee535f9/lib-marine-rs-sdk.json
-	-	service/target/wasm32-wasi/release/.fingerprint/marine-rs-sdk-main-70084e97822f849a/dep-lib-marine-rs-sdk-main
1	0	service/target/wasm32-wasi/release/.fingerprint/marine-rs-sdk-main-70084e97822f849a/invoked.timestamp
1	0	service/target/wasm32-wasi/release/.fingerprint/marine-rs-sdk-main-70084e97822f849a/lib-marine-rs-sdk-main
1	0	service/target/wasm32-wasi/release/.fingerprint/marine-rs-sdk-main-70084e97822f849a/lib-marine-rs-sdk-main.json
1	0	service/target/wasm32-wasi/release/.fingerprint/marketplace-service-52c1680736da8b39/bin-marketplace-service
1	0	service/target/wasm32-wasi/release/.fingerprint/marketplace-service-52c1680736da8b39/bin-marketplace-service.json
-	-	service/target/wasm32-wasi/release/.fingerprint/marketplace-service-52c1680736da8b39/dep-bin-marketplace-service
1	0	service/target/wasm32-wasi/release/.fingerprint/marketplace-service-52c1680736da8b39/invoked.timestamp
0	0	service/target/wasm32-wasi/release/.fingerprint/marketplace-service-db396370ff641860/bin-marketplace-service
1	0	service/target/wasm32-wasi/release/.fingerprint/marketplace-service-db396370ff641860/bin-marketplace-service.json
-	-	service/target/wasm32-wasi/release/.fingerprint/marketplace-service-db396370ff641860/dep-bin-marketplace-service
1	0	service/target/wasm32-wasi/release/.fingerprint/marketplace-service-db396370ff641860/invoked.timestamp
3	0	service/target/wasm32-wasi/release/.fingerprint/marketplace-service-db396370ff641860/output-bin-marketplace-service
-	-	service/target/wasm32-wasi/release/.fingerprint/ryu-086ffe9462208e03/dep-lib-ryu
1	0	service/target/wasm32-wasi/release/.fingerprint/ryu-086ffe9462208e03/invoked.timestamp
1	0	service/target/wasm32-wasi/release/.fingerprint/ryu-086ffe9462208e03/lib-ryu
1	0	service/target/wasm32-wasi/release/.fingerprint/ryu-086ffe9462208e03/lib-ryu.json
-	-	service/target/wasm32-wasi/release/.fingerprint/serde-0a50d81519fbdfbe/dep-lib-serde
1	0	service/target/wasm32-wasi/release/.fingerprint/serde-0a50d81519fbdfbe/invoked.timestamp
1	0	service/target/wasm32-wasi/release/.fingerprint/serde-0a50d81519fbdfbe/lib-serde
1	0	service/target/wasm32-wasi/release/.fingerprint/serde-0a50d81519fbdfbe/lib-serde.json
1	0	service/target/wasm32-wasi/release/.fingerprint/serde-800046d0786fa821/run-build-script-build-script-build
1	0	service/target/wasm32-wasi/release/.fingerprint/serde-800046d0786fa821/run-build-script-build-script-build.json
1	0	service/target/wasm32-wasi/release/.fingerprint/serde_json-284e5533044b0050/run-build-script-build-script-build
1	0	service/target/wasm32-wasi/release/.fingerprint/serde_json-284e5533044b0050/run-build-script-build-script-build.json
-	-	service/target/wasm32-wasi/release/.fingerprint/serde_json-3a2a2cef86c818be/dep-lib-serde_json
1	0	service/target/wasm32-wasi/release/.fingerprint/serde_json-3a2a2cef86c818be/invoked.timestamp
1	0	service/target/wasm32-wasi/release/.fingerprint/serde_json-3a2a2cef86c818be/lib-serde_json
1	0	service/target/wasm32-wasi/release/.fingerprint/serde_json-3a2a2cef86c818be/lib-serde_json.json
1	0	service/target/wasm32-wasi/release/build/log-847b17d38805bf77/invoked.timestamp
3	0	service/target/wasm32-wasi/release/build/log-847b17d38805bf77/output
1	0	service/target/wasm32-wasi/release/build/log-847b17d38805bf77/root-output
0	0	service/target/wasm32-wasi/release/build/log-847b17d38805bf77/stderr
1	0	service/target/wasm32-wasi/release/build/serde-800046d0786fa821/invoked.timestamp
11	0	service/target/wasm32-wasi/release/build/serde-800046d0786fa821/output
1	0	service/target/wasm32-wasi/release/build/serde-800046d0786fa821/root-output
0	0	service/target/wasm32-wasi/release/build/serde-800046d0786fa821/stderr
1	0	service/target/wasm32-wasi/release/build/serde_json-284e5533044b0050/invoked.timestamp
1	0	service/target/wasm32-wasi/release/build/serde_json-284e5533044b0050/output
1	0	service/target/wasm32-wasi/release/build/serde_json-284e5533044b0050/root-output
0	0	service/target/wasm32-wasi/release/build/serde_json-284e5533044b0050/stderr
7	0	service/target/wasm32-wasi/release/deps/cfg_if-4165e00705e99fd2.d
8	0	service/target/wasm32-wasi/release/deps/itoa-6282aa2abe2bed39.d
-	-	service/target/wasm32-wasi/release/deps/libcfg_if-4165e00705e99fd2.rlib
-	-	service/target/wasm32-wasi/release/deps/libcfg_if-4165e00705e99fd2.rmeta
-	-	service/target/wasm32-wasi/release/deps/libitoa-6282aa2abe2bed39.rlib
-	-	service/target/wasm32-wasi/release/deps/libitoa-6282aa2abe2bed39.rmeta
-	-	service/target/wasm32-wasi/release/deps/liblog-5dbf662b78e52fe7.rlib
-	-	service/target/wasm32-wasi/release/deps/liblog-5dbf662b78e52fe7.rmeta
-	-	service/target/wasm32-wasi/release/deps/libmarine_rs_sdk-c1f32eb6cee535f9.rlib
-	-	service/target/wasm32-wasi/release/deps/libmarine_rs_sdk-c1f32eb6cee535f9.rmeta
-	-	service/target/wasm32-wasi/release/deps/libmarine_rs_sdk_main-70084e97822f849a.rlib
-	-	service/target/wasm32-wasi/release/deps/libmarine_rs_sdk_main-70084e97822f849a.rmeta
-	-	service/target/wasm32-wasi/release/deps/libryu-086ffe9462208e03.rlib
-	-	service/target/wasm32-wasi/release/deps/libryu-086ffe9462208e03.rmeta
-	-	service/target/wasm32-wasi/release/deps/libserde-0a50d81519fbdfbe.rlib
-	-	service/target/wasm32-wasi/release/deps/libserde-0a50d81519fbdfbe.rmeta
-	-	service/target/wasm32-wasi/release/deps/libserde_json-3a2a2cef86c818be.rlib
-	-	service/target/wasm32-wasi/release/deps/libserde_json-3a2a2cef86c818be.rmeta
9	0	service/target/wasm32-wasi/release/deps/log-5dbf662b78e52fe7.d
9	0	service/target/wasm32-wasi/release/deps/marine_rs_sdk-c1f32eb6cee535f9.d
14	0	service/target/wasm32-wasi/release/deps/marine_rs_sdk_main-70084e97822f849a.d
5	0	service/target/wasm32-wasi/release/deps/marketplace_service-52c1680736da8b39.d
-	-	service/target/wasm32-wasi/release/deps/marketplace_service-52c1680736da8b39.wasm
5	0	service/target/wasm32-wasi/release/deps/marketplace_service-db396370ff641860.d
-	-	service/target/wasm32-wasi/release/deps/marketplace_service-db396370ff641860.wasm
18	0	service/target/wasm32-wasi/release/deps/ryu-086ffe9462208e03.d
24	0	service/target/wasm32-wasi/release/deps/serde-0a50d81519fbdfbe.d
23	0	service/target/wasm32-wasi/release/deps/serde_json-3a2a2cef86c818be.d
1	0	service/target/wasm32-wasi/release/marketplace-service.d
-	-	service/target/wasm32-wasi/release/marketplace-service.wasm
